13:48:44.638 [main                     ] DEBUG Logger               - Configured Logger
13:48:44.665 [main                     ] DEBUG GameApplication      - Logging settings
Title: I Wanna Be The CSer
Version: 0.1
Width: 800
Height: 608
Fullscreen: false
Intro: false
Profiling: false
Single step:false
App Mode: DEVELOPER
Menu Key: ESCAPE
Stage Style: DECORATED
Scene Factory: class com.almasb.fxgl.app.scene.SceneFactory

13:48:45.219 [JavaFX Application Thread] DEBUG FXGLApplication      - Initializing FXGL
13:48:45.226 [JavaFX Application Thread] INFO  Engine               - FXGL-17.3 (30.03.2023 11.49) on WINDOWS (J:21.0.5 FX:21)
13:48:45.227 [JavaFX Application Thread] DEBUG Engine               - JRE Vendor Name: Oracle Corporation
13:48:45.227 [JavaFX Application Thread] DEBUG Engine               - Running on OS: Windows 11 version 10.0
13:48:45.227 [JavaFX Application Thread] DEBUG Engine               - Architecture: amd64
13:48:45.227 [JavaFX Application Thread] INFO  Engine               - Source code and latest versions at: https://github.com/AlmasB/FXGL
13:48:45.227 [JavaFX Application Thread] INFO  Engine               -       Ask questions and discuss at: https://github.com/AlmasB/FXGL/discussions
13:48:45.228 [JavaFX Application Thread] INFO  Engine               -              Join the FXGL chat at: https://gitter.im/AlmasB/FXGL
13:48:45.337 [JavaFX Application Thread] DEBUG PrimaryStageWindow   - Creating a JavaFX scene
13:48:45.389 [JavaFX Application Thread] DEBUG PrimaryStageWindow   - Target settings size: 800.0 x 608.0
13:48:45.389 [JavaFX Application Thread] DEBUG PrimaryStageWindow   - Scaled scene size:    800.0 x 608.0
13:48:45.390 [JavaFX Application Thread] DEBUG PrimaryStageWindow   - Scaled ratio: (1.0, 1.0)
13:48:45.391 [JavaFX Application Thread] DEBUG PrimaryStageWindow   - Set initial scene to FXGLStartupScene
13:48:45.394 [JavaFX Application Thread] DEBUG PrimaryStageWindow   - Opening main window
13:48:45.551 [JavaFX Application Thread] DEBUG PrimaryStageWindow   - Window border size: (12.4444580078125, 35.111083984375)
13:48:45.551 [JavaFX Application Thread] DEBUG PrimaryStageWindow   - Scaled size: 800.0 x 608.0
13:48:45.551 [JavaFX Application Thread] DEBUG PrimaryStageWindow   - Scaled ratio: (1.0, 1.0)
13:48:45.552 [JavaFX Application Thread] DEBUG PrimaryStageWindow   - Scene size: 800.0 x 608.0
13:48:45.552 [JavaFX Application Thread] DEBUG PrimaryStageWindow   - Stage size: 812.4444580078125 x 643.111083984375
13:48:45.561 [FXGL Background Thread 1 ] DEBUG Engine               - Initializing environment variables
13:48:45.615 [FXGL Background Thread 1 ] DEBUG FXGLAssetLoaderServi - User app class for loading assets: class com.example.demo2.IWBTCSerApp
13:48:45.615 [FXGL Background Thread 1 ] DEBUG GameApplicationServi - Applying CSS: fxgl_dark.css
13:48:45.617 [FXGL Background Thread 1 ] DEBUG FXGLAssetLoaderServi - Loading from file system: jar:file:///C:/Users/user/.m2/repository/com/github/almasb/fxgl/17.3/fxgl-17.3.jar!/fxglassets/ui/css/fxgl_dark.css
13:48:45.668 [FXGL Background Thread 1 ] DEBUG GameApplicationServi - Initializing application scenes
13:48:45.767 [FXGL Background Thread 1 ] DEBUG GameWorld            - Game world initialized
13:48:45.829 [FXGL Background Thread 1 ] DEBUG PhysicsWorld         - Physics world initialized: appHeight=608, physics.ppm=50.0
13:48:45.829 [FXGL Background Thread 1 ] DEBUG PhysicsWorld         - Using strategy: BRUTE_FORCE
13:48:45.834 [FXGL Background Thread 1 ] DEBUG GameScene            - Game scene initialized: 800x608
13:48:45.853 [FXGL Background Thread 1 ] DEBUG FXGL.DefaultMenu     - createMenuBodyMainMenu()
13:48:45.874 [FXGL Background Thread 1 ] DEBUG FXGL.DefaultMenu     - createOptionsMenu()
13:48:45.886 [FXGL Background Thread 1 ] DEBUG FXGLAssetLoaderServi - Loading from file system: jar:file:///C:/Users/user/.m2/repository/com/github/almasb/fxgl/17.3/fxgl-17.3.jar!/fxglassets/textures/particles/smoke.png
13:48:46.049 [FXGL Background Thread 1 ] DEBUG FXGLAssetLoaderServi - Loading from file system: jar:file:///C:/Users/user/.m2/repository/com/github/almasb/fxgl/17.3/fxgl-17.3.jar!/fxglassets/textures/particles/trace_horizontal.png
13:48:46.099 [FXGL Background Thread 1 ] DEBUG FXGL.DefaultMenu     - createMenuBodyGameMenu()
13:48:46.101 [FXGL Background Thread 1 ] DEBUG FXGL.DefaultMenu     - createOptionsMenu()
13:48:46.122 [FXGL Background Thread 1 ] DEBUG GameApplicationServi - Application scenes initialized
13:48:46.148 [FXGL Background Thread 1 ] DEBUG SystemBundleService  - Loading FXGL system data
13:48:46.151 [FXGL Background Thread 1 ] DEBUG FileSystemAccess     - Reading from: C:\Users\user\IdeaProjects\demo2\system\fxgl.bundle
13:48:46.159 [FXGL Background Thread 1 ] DEBUG SystemBundleService  - Bundle FXGL: {}
13:48:46.160 [FXGL Background Thread 1 ] DEBUG UpdaterService       - Checking for updates
13:48:46.164 [FXGL Background Thread 4 ] DEBUG FXGLApplication      - Loading fonts
13:48:46.166 [FXGL Background Thread 1 ] DEBUG FXGLApplication      - Loading default localization
13:48:46.167 [FXGL Background Thread 1 ] DEBUG FXGLAssetLoaderServi - Loading from file system: jar:file:///C:/Users/user/.m2/repository/com/github/almasb/fxgl/17.3/fxgl-17.3.jar!/fxglassets/languages/english.lang
13:48:46.196 [FXGL Background Thread 4 ] DEBUG FXGLAssetLoaderServi - Loading from file system: jar:file:///C:/Users/user/.m2/repository/com/github/almasb/fxgl/17.3/fxgl-17.3.jar!/fxglassets/ui/fonts/Abel-Regular.ttf
13:48:46.203 [FXGL Background Thread 1 ] INFO  FXGLApplication      - FXGL initialization took: 0.642 sec
13:48:46.213 [FXGL Background Thread 4 ] DEBUG FXGLAssetLoaderServi - Loading from file system: jar:file:///C:/Users/user/.m2/repository/com/github/almasb/fxgl/17.3/fxgl-17.3.jar!/fxglassets/ui/fonts/TerminalLandMono-Regular.otf
13:48:46.226 [JavaFX Application Thread] DEBUG Input                - Registered new binding: Move Right - D
13:48:46.227 [JavaFX Application Thread] DEBUG Input                - Registered new binding: Move Left - A
13:48:46.227 [JavaFX Application Thread] DEBUG Input                - Registered new binding: Jump - Space
13:48:46.228 [JavaFX Application Thread] DEBUG Input                - Registered new binding: Respawn - R
13:48:46.229 [JavaFX Application Thread] DEBUG FXGLAssetLoaderServi - Loading from file system: file:/C:/Users/user/IdeaProjects/demo2/target/classes/assets/textures/cherry.png
13:48:46.233 [FXGL Background Thread 4 ] DEBUG FXGLAssetLoaderServi - Loading from file system: jar:file:///C:/Users/user/.m2/repository/com/github/almasb/fxgl/17.3/fxgl-17.3.jar!/fxglassets/ui/fonts/Courier-Prime.ttf
13:48:46.241 [JavaFX Application Thread] DEBUG FXGLAssetLoaderServi - Loading from file system: jar:file:///C:/Users/user/.m2/repository/com/github/almasb/fxgl/17.3/fxgl-17.3.jar!/fxglassets/textures/fxgl_default_cursor.png
13:48:46.244 [JavaFX Application Thread] DEBUG Input                - Registered new binding: Screenshot - CTRL+8
13:48:46.245 [JavaFX Application Thread] DEBUG Input                - Registered new binding: System info dump - CTRL+9
13:48:46.245 [JavaFX Application Thread] DEBUG Input                - Registered new binding: Restart - CTRL+R
13:48:46.246 [JavaFX Application Thread] DEBUG Input                - Registered new binding: Toggle Debug Camera - CTRL+7
13:48:46.249 [JavaFX Application Thread] DEBUG LoopRunner           - Starting loop
13:48:46.249 [JavaFX Application Thread] DEBUG LoopRunner           - Initializing JavaFX AnimationTimerLoop
13:48:46.253 [JavaFX Application Thread] DEBUG Input                - Clearing active input actions
13:48:46.262 [JavaFX Application Thread] DEBUG GameApplicationServi - Removing overlay from FXGLStartupScene and adding to FXGLMainMenuDummyScene
13:48:46.263 [JavaFX Application Thread] DEBUG PrimaryStageWindow   - FXGLStartupScene -> FXGLMainMenuDummyScene
13:48:46.263 [JavaFX Application Thread] DEBUG PrimaryStageWindow   - Push state: FXGLDefaultMenu
13:48:46.277 [JavaFX Application Thread] DEBUG Input                - Clearing active input actions
13:48:46.299 [JavaFX Application Thread] DEBUG GameApplicationServi - Removing overlay from FXGLMainMenuDummyScene and adding to FXGLDefaultMenu
13:48:46.300 [JavaFX Application Thread] DEBUG PrimaryStageWindow   - FXGLMainMenuDummyScene -> FXGLDefaultMenu
13:48:46.300 [JavaFX Application Thread] DEBUG FXGLApplication      - Registering font factories with UI factory
13:48:46.731 [FXGL Background Thread 2 ] WARN  UpdaterService       - Failed to find updates: javax.net.ssl.SSLHandshakeException: PKIX path building failed: sun.security.provider.certpath.SunCertPathBuilderException: unable to find valid certification path to requested target
13:48:48.506 [JavaFX Application Thread] DEBUG Menu                 - fireNewGame()
13:48:48.507 [JavaFX Application Thread] DEBUG GameApplicationServi - Starting new game
13:48:48.510 [JavaFX Application Thread] DEBUG PrimaryStageWindow   - Pop state: FXGLDefaultMenu
13:48:48.510 [JavaFX Application Thread] DEBUG Input                - Clearing active input actions
13:48:48.512 [JavaFX Application Thread] DEBUG GameApplicationServi - Removing overlay from FXGLDefaultMenu and adding to FXGLMainMenuDummyScene
13:48:48.513 [JavaFX Application Thread] DEBUG PrimaryStageWindow   - FXGLMainMenuDummyScene <- FXGLDefaultMenu
13:48:48.513 [JavaFX Application Thread] DEBUG Input                - Clearing active input actions
13:48:48.529 [JavaFX Application Thread] DEBUG GameApplicationServi - Removing overlay from FXGLMainMenuDummyScene and adding to FXGLLoadingScene
13:48:48.530 [JavaFX Application Thread] DEBUG PrimaryStageWindow   - FXGLMainMenuDummyScene -> FXGLLoadingScene
13:48:48.530 [JavaFX Application Thread] DEBUG GameApplicationServi - Clearing previous game
13:48:48.530 [JavaFX Application Thread] DEBUG GameScene            - Clearing game scene
13:48:48.530 [JavaFX Application Thread] DEBUG GameWorld            - Clearing game world
13:48:48.530 [JavaFX Application Thread] DEBUG PhysicsWorld         - Clearing physics world
13:48:48.535 [FXGL Background Thread 2 ] DEBUG FXGLApplication      - Initializing game
13:48:48.553 [FXGL Background Thread 2 ] DEBUG FXGLAssetLoaderServi - Loading from file system: file:/C:/Users/user/IdeaProjects/demo2/target/classes/assets/textures/playerSpriteSheet.png
13:48:48.599 [FXGL Background Thread 2 ] DEBUG FXGLAssetLoaderServi - Loading from file system: file:/C:/Users/user/IdeaProjects/demo2/target/classes/assets/textures/ground.png
13:48:48.602 [FXGL Background Thread 2 ] WARN  GameWorld            - Entity is already attached to world
13:48:48.604 [FXGL Background Thread 2 ] WARN  GameWorld            - Entity is already attached to world
13:48:48.606 [FXGL Background Thread 2 ] WARN  GameWorld            - Entity is already attached to world
13:48:48.608 [FXGL Background Thread 2 ] WARN  GameWorld            - Entity is already attached to world
13:48:48.609 [FXGL Background Thread 2 ] DEBUG FXGLAssetLoaderServi - Loading from file system: file:/C:/Users/user/IdeaProjects/demo2/target/classes/assets/textures/spikeup.png
13:48:48.612 [FXGL Background Thread 2 ] WARN  GameWorld            - Entity is already attached to world
13:48:48.614 [FXGL Background Thread 2 ] WARN  GameWorld            - Entity is already attached to world
13:48:48.615 [FXGL Background Thread 2 ] DEBUG FXGLAssetLoaderServi - Loading from file system: file:/C:/Users/user/IdeaProjects/demo2/target/classes/assets/textures/openmusic.png
13:48:48.619 [FXGL Background Thread 2 ] INFO  FXGLApplication      - Game initialization took: 0.085 sec
13:48:48.621 [JavaFX Application Thread] DEBUG Input                - Clearing active input actions
13:48:48.633 [JavaFX Application Thread] DEBUG GameApplicationServi - Removing overlay from FXGLLoadingScene and adding to GameScene
13:48:48.633 [JavaFX Application Thread] DEBUG PrimaryStageWindow   - FXGLLoadingScene -> GameScene
13:48:49.164 [FXGL Background Thread 3 ] DEBUG Engine               - Logging environment variables
13:48:49.164 [FXGL Background Thread 3 ] DEBUG Engine               - achievements: []
13:48:49.164 [FXGL Background Thread 3 ] DEBUG Engine               - actualHeight: 608.0
13:48:49.164 [FXGL Background Thread 3 ] DEBUG Engine               - actualHeightProperty: ReadOnlyDoubleProperty [value: 608.0]
13:48:49.164 [FXGL Background Thread 3 ] DEBUG Engine               - actualWidth: 800.0
13:48:49.164 [FXGL Background Thread 3 ] DEBUG Engine               - actualWidthProperty: ReadOnlyDoubleProperty [value: 800.0]
13:48:49.164 [FXGL Background Thread 3 ] DEBUG Engine               - appIcon: cherry.png
13:48:49.164 [FXGL Background Thread 3 ] DEBUG Engine               - applicationMode: DEVELOPER
13:48:49.164 [FXGL Background Thread 3 ] DEBUG Engine               - cSSList: [fxgl_dark.css]
13:48:49.165 [FXGL Background Thread 3 ] DEBUG Engine               - collisionDetectionStrategy: BRUTE_FORCE
13:48:49.165 [FXGL Background Thread 3 ] DEBUG Engine               - configClass: Optional.empty
13:48:49.165 [FXGL Background Thread 3 ] DEBUG Engine               - credits: []
13:48:49.165 [FXGL Background Thread 3 ] DEBUG Engine               - defaultCursor: CursorInfo(imageName=fxgl_default_cursor.png, hotspotX=7.0, hotspotY=6.0)
13:48:49.165 [FXGL Background Thread 3 ] DEBUG Engine               - devBBoxColorProperty: ObjectProperty [value: 0xff0000ff]
13:48:49.165 [FXGL Background Thread 3 ] DEBUG Engine               - devEnableDebugCameraProperty: BooleanProperty [value: false]
13:48:49.165 [FXGL Background Thread 3 ] DEBUG Engine               - devSensorColorProperty: ObjectProperty [value: 0xffff00ff]
13:48:49.165 [FXGL Background Thread 3 ] DEBUG Engine               - devShowBBoxProperty: BooleanProperty [value: false]
13:48:49.165 [FXGL Background Thread 3 ] DEBUG Engine               - devShowPositionProperty: BooleanProperty [value: false]
13:48:49.165 [FXGL Background Thread 3 ] DEBUG Engine               - enabledMenuItems: []
13:48:49.165 [FXGL Background Thread 3 ] DEBUG Engine               - engineServices: [class com.almasb.fxgl.app.services.FXGLAssetLoaderService, class com.almasb.fxgl.app.FXGLApplication$GameApplicationService, class com.almasb.fxgl.app.services.FXGLDialogService, class com.almasb.fxgl.app.services.IOTaskExecutorService, class com.almasb.fxgl.io.FileSystemService, class com.almasb.fxgl.localization.LocalizationService, class com.almasb.fxgl.app.services.SystemBundleService, class com.almasb.fxgl.profile.SaveLoadService, class com.almasb.fxgl.ui.FXGLUIFactoryServiceProvider, class com.almasb.fxgl.ui.FXGLDialogFactoryServiceProvider, class com.almasb.fxgl.audio.AudioPlayer, class com.almasb.fxgl.notification.impl.NotificationServiceProvider, class com.almasb.fxgl.achievement.AchievementService, class com.almasb.fxgl.cutscene.CutsceneService, class com.almasb.fxgl.minigames.MiniGameService, class com.almasb.fxgl.net.NetService, class com.almasb.fxgl.app.services.UpdaterService, class com.almasb.fxgl.dev.DevService]
13:48:49.166 [FXGL Background Thread 3 ] DEBUG Engine               - fontGame: Abel-Regular.ttf
13:48:49.166 [FXGL Background Thread 3 ] DEBUG Engine               - fontMono: TerminalLandMono-Regular.otf
13:48:49.166 [FXGL Background Thread 3 ] DEBUG Engine               - fontSizeScaleUI: 1.0
13:48:49.166 [FXGL Background Thread 3 ] DEBUG Engine               - fontText: Courier-Prime.ttf
13:48:49.166 [FXGL Background Thread 3 ] DEBUG Engine               - fontUI: VarelaRound-Regular.ttf
13:48:49.166 [FXGL Background Thread 3 ] DEBUG Engine               - fullScreen: BooleanProperty [value: false]
13:48:49.166 [FXGL Background Thread 3 ] DEBUG Engine               - gameDifficulty: MEDIUM
13:48:49.167 [FXGL Background Thread 3 ] DEBUG Engine               - gameDifficultyProperty: ObjectProperty [value: MEDIUM]
13:48:49.167 [FXGL Background Thread 3 ] DEBUG Engine               - globalMusicVolume: 0.5
13:48:49.167 [FXGL Background Thread 3 ] DEBUG Engine               - globalMusicVolumeProperty: DoubleProperty [value: 0.5]
13:48:49.167 [FXGL Background Thread 3 ] DEBUG Engine               - globalSoundVolume: 0.5
13:48:49.168 [FXGL Background Thread 3 ] DEBUG Engine               - globalSoundVolumeProperty: DoubleProperty [value: 0.5]
13:48:49.168 [FXGL Background Thread 3 ] DEBUG Engine               - height: 608
13:48:49.168 [FXGL Background Thread 3 ] DEBUG Engine               - is3D: false
13:48:49.168 [FXGL Background Thread 3 ] DEBUG Engine               - isAndroid: false
13:48:49.168 [FXGL Background Thread 3 ] DEBUG Engine               - isBrowser: false
13:48:49.168 [FXGL Background Thread 3 ] DEBUG Engine               - isClickFeedbackEnabled: false
13:48:49.168 [FXGL Background Thread 3 ] DEBUG Engine               - isCloseConfirmation: false
13:48:49.168 [FXGL Background Thread 3 ] DEBUG Engine               - isDesktop: true
13:48:49.168 [FXGL Background Thread 3 ] DEBUG Engine               - isDeveloperMenuEnabled: false
13:48:49.168 [FXGL Background Thread 3 ] DEBUG Engine               - isEmbedded: false
13:48:49.168 [FXGL Background Thread 3 ] DEBUG Engine               - isEntityPreloadEnabled: true
13:48:49.168 [FXGL Background Thread 3 ] DEBUG Engine               - isExperimentalTiledLargeMap: false
13:48:49.169 [FXGL Background Thread 3 ] DEBUG Engine               - isFileSystemWriteAllowed: true
13:48:49.169 [FXGL Background Thread 3 ] DEBUG Engine               - isFullScreenAllowed: false
13:48:49.169 [FXGL Background Thread 3 ] DEBUG Engine               - isFullScreenFromStart: false
13:48:49.169 [FXGL Background Thread 3 ] DEBUG Engine               - isGameMenuEnabled: true
13:48:49.169 [FXGL Background Thread 3 ] DEBUG Engine               - isIOS: false
13:48:49.169 [FXGL Background Thread 3 ] DEBUG Engine               - isIntroEnabled: false
13:48:49.169 [FXGL Background Thread 3 ] DEBUG Engine               - isLinux: false
13:48:49.169 [FXGL Background Thread 3 ] DEBUG Engine               - isMac: false
13:48:49.169 [FXGL Background Thread 3 ] DEBUG Engine               - isMainMenuEnabled: true
13:48:49.169 [FXGL Background Thread 3 ] DEBUG Engine               - isManualResizeEnabled: false
13:48:49.169 [FXGL Background Thread 3 ] DEBUG Engine               - isMobile: false
13:48:49.169 [FXGL Background Thread 3 ] DEBUG Engine               - isNative: false
13:48:49.169 [FXGL Background Thread 3 ] DEBUG Engine               - isPauseMusicWhenMinimized: true
13:48:49.169 [FXGL Background Thread 3 ] DEBUG Engine               - isPreserveResizeRatio: false
13:48:49.169 [FXGL Background Thread 3 ] DEBUG Engine               - isProfilingEnabled: false
13:48:49.169 [FXGL Background Thread 3 ] DEBUG Engine               - isScaleAffectedOnResize: true
13:48:49.169 [FXGL Background Thread 3 ] DEBUG Engine               - isSingleStep: false
13:48:49.169 [FXGL Background Thread 3 ] DEBUG Engine               - isUserProfileEnabled: false
13:48:49.169 [FXGL Background Thread 3 ] DEBUG Engine               - isWindows: true
13:48:49.169 [FXGL Background Thread 3 ] DEBUG Engine               - language: ObjectProperty [value: ENGLISH]
13:48:49.169 [FXGL Background Thread 3 ] DEBUG Engine               - menuKey: ESCAPE
13:48:49.169 [FXGL Background Thread 3 ] DEBUG Engine               - mouseSensitivity: 0.2
13:48:49.169 [FXGL Background Thread 3 ] DEBUG Engine               - notificationViewClass: class com.almasb.fxgl.notification.view.XboxNotificationView
13:48:49.169 [FXGL Background Thread 3 ] DEBUG Engine               - pixelsPerMeter: 50.0
13:48:49.169 [FXGL Background Thread 3 ] DEBUG Engine               - platform: WINDOWS
13:48:49.169 [FXGL Background Thread 3 ] DEBUG Engine               - prefHeightProperty: ReadOnlyDoubleProperty [value: 608.0]
13:48:49.169 [FXGL Background Thread 3 ] DEBUG Engine               - prefWidthProperty: ReadOnlyDoubleProperty [value: 800.0]
13:48:49.169 [FXGL Background Thread 3 ] DEBUG Engine               - profileDir: profiles/
13:48:49.169 [FXGL Background Thread 3 ] DEBUG Engine               - profileName: StringProperty [value: DEFAULT]
13:48:49.169 [FXGL Background Thread 3 ] DEBUG Engine               - randomSeed: -1
13:48:49.170 [FXGL Background Thread 3 ] DEBUG Engine               - runtimeInfo: RuntimeInfo(platform=WINDOWS, version=17.3, build=30.03.2023 11.49)
13:48:49.170 [FXGL Background Thread 3 ] DEBUG Engine               - saveFileExt: sav
13:48:49.170 [FXGL Background Thread 3 ] DEBUG Engine               - scaledHeightProp$fxgl: DoubleProperty [bound, value: 608.0]
13:48:49.170 [FXGL Background Thread 3 ] DEBUG Engine               - scaledWidthProp$fxgl: DoubleProperty [bound, value: 800.0]
13:48:49.170 [FXGL Background Thread 3 ] DEBUG Engine               - sceneFactory: com.almasb.fxgl.app.scene.SceneFactory@1a992e80
13:48:49.170 [FXGL Background Thread 3 ] DEBUG Engine               - secondsIn24h: 60
13:48:49.170 [FXGL Background Thread 3 ] DEBUG Engine               - soundMenuBack: menu/back.wav
13:48:49.170 [FXGL Background Thread 3 ] DEBUG Engine               - soundMenuPress: menu/press.wav
13:48:49.170 [FXGL Background Thread 3 ] DEBUG Engine               - soundMenuSelect: menu/select.wav
13:48:49.170 [FXGL Background Thread 3 ] DEBUG Engine               - soundNotification: core/notification.wav
13:48:49.170 [FXGL Background Thread 3 ] DEBUG Engine               - stageStyle: DECORATED
13:48:49.170 [FXGL Background Thread 3 ] DEBUG Engine               - supportedLanguages: [ENGLISH, FRENCH, GERMAN, HUNGARIAN, RUSSIAN]
13:48:49.170 [FXGL Background Thread 3 ] DEBUG Engine               - ticksPerSecond: -1
13:48:49.170 [FXGL Background Thread 3 ] DEBUG Engine               - title: I Wanna Be The CSer
13:48:49.170 [FXGL Background Thread 3 ] DEBUG Engine               - urlGithub: https://github.com/AlmasB/FXGL
13:48:49.170 [FXGL Background Thread 3 ] DEBUG Engine               - urlLeaderboard: http://fxgl-top.herokuapp.com/
13:48:49.170 [FXGL Background Thread 3 ] DEBUG Engine               - urlPOM: https://raw.githubusercontent.com/AlmasB/FXGL/release/README.md
13:48:49.170 [FXGL Background Thread 3 ] DEBUG Engine               - userAppClass: class com.example.demo2.IWBTCSerApp
13:48:49.170 [FXGL Background Thread 3 ] DEBUG Engine               - version: 0.1
13:48:49.170 [FXGL Background Thread 3 ] DEBUG Engine               - versionCheckDays: 7
13:48:49.170 [FXGL Background Thread 3 ] DEBUG Engine               - width: 800
13:48:49.170 [FXGL Background Thread 3 ] DEBUG Engine               - Logging services
13:48:49.171 [FXGL Background Thread 3 ] DEBUG Engine               - class com.almasb.fxgl.app.services.FXGLAssetLoaderService
13:48:49.171 [FXGL Background Thread 3 ] DEBUG Engine               - class com.almasb.fxgl.app.FXGLApplication$GameApplicationService
13:48:49.171 [FXGL Background Thread 3 ] DEBUG Engine               - class com.almasb.fxgl.app.services.FXGLDialogService
13:48:49.171 [FXGL Background Thread 3 ] DEBUG Engine               - class com.almasb.fxgl.app.services.IOTaskExecutorService
13:48:49.171 [FXGL Background Thread 3 ] DEBUG Engine               - class com.almasb.fxgl.io.FileSystemService
13:48:49.171 [FXGL Background Thread 3 ] DEBUG Engine               - class com.almasb.fxgl.localization.LocalizationService
13:48:49.171 [FXGL Background Thread 3 ] DEBUG Engine               - class com.almasb.fxgl.app.services.SystemBundleService
13:48:49.171 [FXGL Background Thread 3 ] DEBUG Engine               - class com.almasb.fxgl.profile.SaveLoadService
13:48:49.171 [FXGL Background Thread 3 ] DEBUG Engine               - class com.almasb.fxgl.ui.FXGLUIFactoryServiceProvider
13:48:49.171 [FXGL Background Thread 3 ] DEBUG Engine               - class com.almasb.fxgl.ui.FXGLDialogFactoryServiceProvider
13:48:49.171 [FXGL Background Thread 3 ] DEBUG Engine               - class com.almasb.fxgl.audio.AudioPlayer
13:48:49.171 [FXGL Background Thread 3 ] DEBUG Engine               - class com.almasb.fxgl.notification.impl.NotificationServiceProvider
13:48:49.171 [FXGL Background Thread 3 ] DEBUG Engine               - class com.almasb.fxgl.achievement.AchievementService
13:48:49.171 [FXGL Background Thread 3 ] DEBUG Engine               - class com.almasb.fxgl.cutscene.CutsceneService
13:48:49.171 [FXGL Background Thread 3 ] DEBUG Engine               - class com.almasb.fxgl.minigames.MiniGameService
13:48:49.171 [FXGL Background Thread 3 ] DEBUG Engine               - class com.almasb.fxgl.net.NetService
13:48:49.171 [FXGL Background Thread 3 ] DEBUG Engine               - class com.almasb.fxgl.app.services.UpdaterService
13:48:49.171 [FXGL Background Thread 3 ] DEBUG Engine               - class com.almasb.fxgl.dev.DevService
13:49:03.294 [JavaFX Application Thread] DEBUG FXGLApplication      - Exiting FXGL
13:49:03.294 [JavaFX Application Thread] DEBUG LoopRunner           - Stopping loop
13:49:03.294 [JavaFX Application Thread] DEBUG SystemBundleService  - Saving FXGL system data
13:49:03.296 [JavaFX Application Thread] DEBUG FileSystemAccess     - Writing to: C:\Users\user\IdeaProjects\demo2\system\fxgl.bundle
13:49:03.297 [JavaFX Application Thread] DEBUG Async                - Shutting down background threads
13:49:03.297 [JavaFX Application Thread] DEBUG PrimaryStageWindow   - Closing main window
13:49:03.329 [JavaFX Application Thread] DEBUG Logger               - Closing Logger
