13:52:15.285 [main                     ] DEBUG Logger               - Configured Logger
13:52:15.320 [main                     ] DEBUG GameApplication      - Logging settings
Title: I Wanna Be The CSer
Version: 0.1
Width: 800
Height: 608
Fullscreen: false
Intro: false
Profiling: false
Single step:false
App Mode: DEVELOPER
Menu Key: ESCAPE
Stage Style: DECORATED
Scene Factory: class com.almasb.fxgl.app.scene.SceneFactory

13:52:15.855 [JavaFX Application Thread] DEBUG FXGLApplication      - Initializing FXGL
13:52:15.859 [JavaFX Application Thread] INFO  Engine               - FXGL-17.3 (30.03.2023 11.49) on WINDOWS (J:21.0.5 FX:21)
13:52:15.859 [JavaFX Application Thread] DEBUG Engine               - JRE Vendor Name: Oracle Corporation
13:52:15.860 [JavaFX Application Thread] DEBUG Engine               - Running on OS: Windows 11 version 10.0
13:52:15.860 [JavaFX Application Thread] DEBUG Engine               - Architecture: amd64
13:52:15.860 [JavaFX Application Thread] INFO  Engine               - Source code and latest versions at: https://github.com/AlmasB/FXGL
13:52:15.860 [JavaFX Application Thread] INFO  Engine               -       Ask questions and discuss at: https://github.com/AlmasB/FXGL/discussions
13:52:15.860 [JavaFX Application Thread] INFO  Engine               -              Join the FXGL chat at: https://gitter.im/AlmasB/FXGL
13:52:15.973 [JavaFX Application Thread] DEBUG PrimaryStageWindow   - Creating a JavaFX scene
13:52:16.023 [JavaFX Application Thread] DEBUG PrimaryStageWindow   - Target settings size: 800.0 x 608.0
13:52:16.024 [JavaFX Application Thread] DEBUG PrimaryStageWindow   - Scaled scene size:    800.0 x 608.0
13:52:16.024 [JavaFX Application Thread] DEBUG PrimaryStageWindow   - Scaled ratio: (1.0, 1.0)
13:52:16.025 [JavaFX Application Thread] DEBUG PrimaryStageWindow   - Set initial scene to FXGLStartupScene
13:52:16.028 [JavaFX Application Thread] DEBUG PrimaryStageWindow   - Opening main window
13:52:16.163 [JavaFX Application Thread] DEBUG PrimaryStageWindow   - Window border size: (12.4444580078125, 35.111083984375)
13:52:16.164 [JavaFX Application Thread] DEBUG PrimaryStageWindow   - Scaled size: 800.0 x 608.0
13:52:16.164 [JavaFX Application Thread] DEBUG PrimaryStageWindow   - Scaled ratio: (1.0, 1.0)
13:52:16.164 [JavaFX Application Thread] DEBUG PrimaryStageWindow   - Scene size: 800.0 x 608.0
13:52:16.165 [JavaFX Application Thread] DEBUG PrimaryStageWindow   - Stage size: 812.4444580078125 x 643.111083984375
13:52:16.171 [FXGL Background Thread 1 ] DEBUG Engine               - Initializing environment variables
13:52:16.218 [FXGL Background Thread 1 ] DEBUG FXGLAssetLoaderServi - User app class for loading assets: class com.example.demo2.IWBTCSerApp
13:52:16.219 [FXGL Background Thread 1 ] DEBUG GameApplicationServi - Applying CSS: fxgl_dark.css
13:52:16.220 [FXGL Background Thread 1 ] DEBUG FXGLAssetLoaderServi - Loading from file system: jar:file:///C:/Users/user/.m2/repository/com/github/almasb/fxgl/17.3/fxgl-17.3.jar!/fxglassets/ui/css/fxgl_dark.css
13:52:16.277 [FXGL Background Thread 1 ] DEBUG GameApplicationServi - Initializing application scenes
13:52:16.380 [FXGL Background Thread 1 ] DEBUG GameWorld            - Game world initialized
13:52:16.445 [FXGL Background Thread 1 ] DEBUG PhysicsWorld         - Physics world initialized: appHeight=608, physics.ppm=50.0
13:52:16.445 [FXGL Background Thread 1 ] DEBUG PhysicsWorld         - Using strategy: BRUTE_FORCE
13:52:16.451 [FXGL Background Thread 1 ] DEBUG GameScene            - Game scene initialized: 800x608
13:52:16.473 [FXGL Background Thread 1 ] DEBUG FXGL.DefaultMenu     - createMenuBodyMainMenu()
13:52:16.495 [FXGL Background Thread 1 ] DEBUG FXGL.DefaultMenu     - createOptionsMenu()
13:52:16.512 [FXGL Background Thread 1 ] DEBUG FXGLAssetLoaderServi - Loading from file system: jar:file:///C:/Users/user/.m2/repository/com/github/almasb/fxgl/17.3/fxgl-17.3.jar!/fxglassets/textures/particles/smoke.png
13:52:16.704 [FXGL Background Thread 1 ] DEBUG FXGLAssetLoaderServi - Loading from file system: jar:file:///C:/Users/user/.m2/repository/com/github/almasb/fxgl/17.3/fxgl-17.3.jar!/fxglassets/textures/particles/trace_horizontal.png
13:52:16.746 [FXGL Background Thread 1 ] DEBUG FXGL.DefaultMenu     - createMenuBodyGameMenu()
13:52:16.748 [FXGL Background Thread 1 ] DEBUG FXGL.DefaultMenu     - createOptionsMenu()
13:52:16.771 [FXGL Background Thread 1 ] DEBUG GameApplicationServi - Application scenes initialized
13:52:16.795 [FXGL Background Thread 1 ] DEBUG SystemBundleService  - Loading FXGL system data
13:52:16.799 [FXGL Background Thread 1 ] DEBUG FileSystemAccess     - Reading from: C:\Users\user\IdeaProjects\demo2\system\fxgl.bundle
13:52:16.804 [FXGL Background Thread 1 ] DEBUG SystemBundleService  - Bundle FXGL: {}
13:52:16.805 [FXGL Background Thread 1 ] DEBUG UpdaterService       - Checking for updates
13:52:16.808 [FXGL Background Thread 4 ] DEBUG FXGLApplication      - Loading fonts
13:52:16.809 [FXGL Background Thread 1 ] DEBUG FXGLApplication      - Loading default localization
13:52:16.809 [FXGL Background Thread 4 ] DEBUG FXGLAssetLoaderServi - Loading from file system: jar:file:///C:/Users/user/.m2/repository/com/github/almasb/fxgl/17.3/fxgl-17.3.jar!/fxglassets/ui/fonts/VarelaRound-Regular.ttf
13:52:16.810 [FXGL Background Thread 1 ] DEBUG FXGLAssetLoaderServi - Loading from file system: jar:file:///C:/Users/user/.m2/repository/com/github/almasb/fxgl/17.3/fxgl-17.3.jar!/fxglassets/languages/english.lang
13:52:16.834 [FXGL Background Thread 4 ] DEBUG FXGLAssetLoaderServi - Loading from file system: jar:file:///C:/Users/user/.m2/repository/com/github/almasb/fxgl/17.3/fxgl-17.3.jar!/fxglassets/ui/fonts/Abel-Regular.ttf
13:52:16.837 [FXGL Background Thread 1 ] INFO  FXGLApplication      - FXGL initialization took: 0.666 sec
13:52:16.855 [FXGL Background Thread 4 ] DEBUG FXGLAssetLoaderServi - Loading from file system: jar:file:///C:/Users/user/.m2/repository/com/github/almasb/fxgl/17.3/fxgl-17.3.jar!/fxglassets/ui/fonts/TerminalLandMono-Regular.otf
13:52:16.855 [JavaFX Application Thread] DEBUG Input                - Registered new binding: Move Right - D
13:52:16.856 [JavaFX Application Thread] DEBUG Input                - Registered new binding: Move Left - A
13:52:16.857 [JavaFX Application Thread] DEBUG Input                - Registered new binding: Jump - Space
13:52:16.857 [JavaFX Application Thread] DEBUG Input                - Registered new binding: Respawn - R
13:52:16.858 [JavaFX Application Thread] DEBUG FXGLAssetLoaderServi - Loading from file system: file:/C:/Users/user/IdeaProjects/demo2/target/classes/assets/textures/cherry.png
13:52:16.867 [JavaFX Application Thread] DEBUG FXGLAssetLoaderServi - Loading from file system: jar:file:///C:/Users/user/.m2/repository/com/github/almasb/fxgl/17.3/fxgl-17.3.jar!/fxglassets/textures/fxgl_default_cursor.png
13:52:16.871 [JavaFX Application Thread] DEBUG Input                - Registered new binding: Screenshot - CTRL+8
13:52:16.872 [JavaFX Application Thread] DEBUG Input                - Registered new binding: System info dump - CTRL+9
13:52:16.872 [JavaFX Application Thread] DEBUG Input                - Registered new binding: Restart - CTRL+R
13:52:16.873 [JavaFX Application Thread] DEBUG Input                - Registered new binding: Toggle Debug Camera - CTRL+7
13:52:16.877 [FXGL Background Thread 4 ] DEBUG FXGLAssetLoaderServi - Loading from file system: jar:file:///C:/Users/user/.m2/repository/com/github/almasb/fxgl/17.3/fxgl-17.3.jar!/fxglassets/ui/fonts/Courier-Prime.ttf
13:52:16.877 [JavaFX Application Thread] DEBUG LoopRunner           - Starting loop
13:52:16.878 [JavaFX Application Thread] DEBUG LoopRunner           - Initializing JavaFX AnimationTimerLoop
13:52:16.881 [JavaFX Application Thread] DEBUG Input                - Clearing active input actions
13:52:16.890 [JavaFX Application Thread] DEBUG GameApplicationServi - Removing overlay from FXGLStartupScene and adding to FXGLMainMenuDummyScene
13:52:16.891 [JavaFX Application Thread] DEBUG PrimaryStageWindow   - FXGLStartupScene -> FXGLMainMenuDummyScene
13:52:16.891 [JavaFX Application Thread] DEBUG PrimaryStageWindow   - Push state: FXGLDefaultMenu
13:52:16.905 [JavaFX Application Thread] DEBUG Input                - Clearing active input actions
13:52:16.927 [JavaFX Application Thread] DEBUG GameApplicationServi - Removing overlay from FXGLMainMenuDummyScene and adding to FXGLDefaultMenu
13:52:16.928 [JavaFX Application Thread] DEBUG PrimaryStageWindow   - FXGLMainMenuDummyScene -> FXGLDefaultMenu
13:52:17.049 [JavaFX Application Thread] DEBUG FXGLApplication      - Registering font factories with UI factory
13:52:17.290 [FXGL Background Thread 2 ] WARN  UpdaterService       - Failed to find updates: javax.net.ssl.SSLHandshakeException: PKIX path building failed: sun.security.provider.certpath.SunCertPathBuilderException: unable to find valid certification path to requested target
13:52:18.404 [JavaFX Application Thread] DEBUG Menu                 - fireNewGame()
13:52:18.404 [JavaFX Application Thread] DEBUG GameApplicationServi - Starting new game
13:52:18.407 [JavaFX Application Thread] DEBUG PrimaryStageWindow   - Pop state: FXGLDefaultMenu
13:52:18.408 [JavaFX Application Thread] DEBUG Input                - Clearing active input actions
13:52:18.411 [JavaFX Application Thread] DEBUG GameApplicationServi - Removing overlay from FXGLDefaultMenu and adding to FXGLMainMenuDummyScene
13:52:18.413 [JavaFX Application Thread] DEBUG PrimaryStageWindow   - FXGLMainMenuDummyScene <- FXGLDefaultMenu
13:52:18.413 [JavaFX Application Thread] DEBUG Input                - Clearing active input actions
13:52:18.424 [JavaFX Application Thread] DEBUG GameApplicationServi - Removing overlay from FXGLMainMenuDummyScene and adding to FXGLLoadingScene
13:52:18.425 [JavaFX Application Thread] DEBUG PrimaryStageWindow   - FXGLMainMenuDummyScene -> FXGLLoadingScene
13:52:18.425 [JavaFX Application Thread] DEBUG GameApplicationServi - Clearing previous game
13:52:18.425 [JavaFX Application Thread] DEBUG GameScene            - Clearing game scene
13:52:18.425 [JavaFX Application Thread] DEBUG GameWorld            - Clearing game world
13:52:18.425 [JavaFX Application Thread] DEBUG PhysicsWorld         - Clearing physics world
13:52:18.430 [FXGL Background Thread 2 ] DEBUG FXGLApplication      - Initializing game
13:52:18.460 [FXGL Background Thread 2 ] DEBUG FXGLAssetLoaderServi - Loading from file system: file:/C:/Users/user/IdeaProjects/demo2/target/classes/assets/textures/playerSpriteSheet.png
13:52:18.511 [FXGL Background Thread 2 ] DEBUG FXGLAssetLoaderServi - Loading from file system: file:/C:/Users/user/IdeaProjects/demo2/target/classes/assets/textures/ground.png
13:52:18.514 [FXGL Background Thread 2 ] WARN  GameWorld            - Entity is already attached to world
13:52:18.516 [FXGL Background Thread 2 ] WARN  GameWorld            - Entity is already attached to world
13:52:18.518 [FXGL Background Thread 2 ] WARN  GameWorld            - Entity is already attached to world
13:52:18.519 [FXGL Background Thread 2 ] WARN  GameWorld            - Entity is already attached to world
13:52:18.520 [FXGL Background Thread 2 ] DEBUG FXGLAssetLoaderServi - Loading from file system: file:/C:/Users/user/IdeaProjects/demo2/target/classes/assets/textures/spikeup.png
13:52:18.522 [FXGL Background Thread 2 ] WARN  GameWorld            - Entity is already attached to world
13:52:18.523 [FXGL Background Thread 2 ] WARN  GameWorld            - Entity is already attached to world
13:52:18.524 [FXGL Background Thread 2 ] DEBUG FXGLAssetLoaderServi - Loading from file system: file:/C:/Users/user/IdeaProjects/demo2/target/classes/assets/textures/openmusic.png
13:52:18.527 [FXGL Background Thread 2 ] INFO  FXGLApplication      - Game initialization took: 0.097 sec
13:52:18.536 [JavaFX Application Thread] DEBUG Input                - Clearing active input actions
13:52:18.542 [JavaFX Application Thread] DEBUG GameApplicationServi - Removing overlay from FXGLLoadingScene and adding to GameScene
13:52:18.543 [JavaFX Application Thread] DEBUG PrimaryStageWindow   - FXGLLoadingScene -> GameScene
13:52:19.808 [FXGL Background Thread 3 ] DEBUG Engine               - Logging environment variables
13:52:19.809 [FXGL Background Thread 3 ] DEBUG Engine               - achievements: []
13:52:19.809 [FXGL Background Thread 3 ] DEBUG Engine               - actualHeight: 608.0
13:52:19.809 [FXGL Background Thread 3 ] DEBUG Engine               - actualHeightProperty: ReadOnlyDoubleProperty [value: 608.0]
13:52:19.809 [FXGL Background Thread 3 ] DEBUG Engine               - actualWidth: 800.0
13:52:19.809 [FXGL Background Thread 3 ] DEBUG Engine               - actualWidthProperty: ReadOnlyDoubleProperty [value: 800.0]
13:52:19.809 [FXGL Background Thread 3 ] DEBUG Engine               - appIcon: cherry.png
13:52:19.809 [FXGL Background Thread 3 ] DEBUG Engine               - applicationMode: DEVELOPER
13:52:19.809 [FXGL Background Thread 3 ] DEBUG Engine               - cSSList: [fxgl_dark.css]
13:52:19.809 [FXGL Background Thread 3 ] DEBUG Engine               - collisionDetectionStrategy: BRUTE_FORCE
13:52:19.809 [FXGL Background Thread 3 ] DEBUG Engine               - configClass: Optional.empty
13:52:19.809 [FXGL Background Thread 3 ] DEBUG Engine               - credits: []
13:52:19.810 [FXGL Background Thread 3 ] DEBUG Engine               - defaultCursor: CursorInfo(imageName=fxgl_default_cursor.png, hotspotX=7.0, hotspotY=6.0)
13:52:19.810 [FXGL Background Thread 3 ] DEBUG Engine               - devBBoxColorProperty: ObjectProperty [value: 0xff0000ff]
13:52:19.810 [FXGL Background Thread 3 ] DEBUG Engine               - devEnableDebugCameraProperty: BooleanProperty [value: false]
13:52:19.810 [FXGL Background Thread 3 ] DEBUG Engine               - devSensorColorProperty: ObjectProperty [value: 0xffff00ff]
13:52:19.810 [FXGL Background Thread 3 ] DEBUG Engine               - devShowBBoxProperty: BooleanProperty [value: false]
13:52:19.810 [FXGL Background Thread 3 ] DEBUG Engine               - devShowPositionProperty: BooleanProperty [value: false]
13:52:19.811 [FXGL Background Thread 3 ] DEBUG Engine               - enabledMenuItems: []
13:52:19.811 [FXGL Background Thread 3 ] DEBUG Engine               - engineServices: [class com.almasb.fxgl.app.services.FXGLAssetLoaderService, class com.almasb.fxgl.app.FXGLApplication$GameApplicationService, class com.almasb.fxgl.app.services.FXGLDialogService, class com.almasb.fxgl.app.services.IOTaskExecutorService, class com.almasb.fxgl.io.FileSystemService, class com.almasb.fxgl.localization.LocalizationService, class com.almasb.fxgl.app.services.SystemBundleService, class com.almasb.fxgl.profile.SaveLoadService, class com.almasb.fxgl.ui.FXGLUIFactoryServiceProvider, class com.almasb.fxgl.ui.FXGLDialogFactoryServiceProvider, class com.almasb.fxgl.audio.AudioPlayer, class com.almasb.fxgl.notification.impl.NotificationServiceProvider, class com.almasb.fxgl.achievement.AchievementService, class com.almasb.fxgl.cutscene.CutsceneService, class com.almasb.fxgl.minigames.MiniGameService, class com.almasb.fxgl.net.NetService, class com.almasb.fxgl.app.services.UpdaterService, class com.almasb.fxgl.dev.DevService]
13:52:19.811 [FXGL Background Thread 3 ] DEBUG Engine               - fontGame: Abel-Regular.ttf
13:52:19.811 [FXGL Background Thread 3 ] DEBUG Engine               - fontMono: TerminalLandMono-Regular.otf
13:52:19.811 [FXGL Background Thread 3 ] DEBUG Engine               - fontSizeScaleUI: 1.0
13:52:19.811 [FXGL Background Thread 3 ] DEBUG Engine               - fontText: Courier-Prime.ttf
13:52:19.811 [FXGL Background Thread 3 ] DEBUG Engine               - fontUI: VarelaRound-Regular.ttf
13:52:19.811 [FXGL Background Thread 3 ] DEBUG Engine               - fullScreen: BooleanProperty [value: false]
13:52:19.811 [FXGL Background Thread 3 ] DEBUG Engine               - gameDifficulty: MEDIUM
13:52:19.812 [FXGL Background Thread 3 ] DEBUG Engine               - gameDifficultyProperty: ObjectProperty [value: MEDIUM]
13:52:19.812 [FXGL Background Thread 3 ] DEBUG Engine               - globalMusicVolume: 0.5
13:52:19.812 [FXGL Background Thread 3 ] DEBUG Engine               - globalMusicVolumeProperty: DoubleProperty [value: 0.5]
13:52:19.812 [FXGL Background Thread 3 ] DEBUG Engine               - globalSoundVolume: 0.5
13:52:19.812 [FXGL Background Thread 3 ] DEBUG Engine               - globalSoundVolumeProperty: DoubleProperty [value: 0.5]
13:52:19.813 [FXGL Background Thread 3 ] DEBUG Engine               - height: 608
13:52:19.813 [FXGL Background Thread 3 ] DEBUG Engine               - is3D: false
13:52:19.813 [FXGL Background Thread 3 ] DEBUG Engine               - isAndroid: false
13:52:19.813 [FXGL Background Thread 3 ] DEBUG Engine               - isBrowser: false
13:52:19.813 [FXGL Background Thread 3 ] DEBUG Engine               - isClickFeedbackEnabled: false
13:52:19.813 [FXGL Background Thread 3 ] DEBUG Engine               - isCloseConfirmation: false
13:52:19.813 [FXGL Background Thread 3 ] DEBUG Engine               - isDesktop: true
13:52:19.813 [FXGL Background Thread 3 ] DEBUG Engine               - isDeveloperMenuEnabled: false
13:52:19.813 [FXGL Background Thread 3 ] DEBUG Engine               - isEmbedded: false
13:52:19.813 [FXGL Background Thread 3 ] DEBUG Engine               - isEntityPreloadEnabled: true
13:52:19.813 [FXGL Background Thread 3 ] DEBUG Engine               - isExperimentalTiledLargeMap: false
13:52:19.813 [FXGL Background Thread 3 ] DEBUG Engine               - isFileSystemWriteAllowed: true
13:52:19.813 [FXGL Background Thread 3 ] DEBUG Engine               - isFullScreenAllowed: false
13:52:19.813 [FXGL Background Thread 3 ] DEBUG Engine               - isFullScreenFromStart: false
13:52:19.813 [FXGL Background Thread 3 ] DEBUG Engine               - isGameMenuEnabled: true
13:52:19.813 [FXGL Background Thread 3 ] DEBUG Engine               - isIOS: false
13:52:19.813 [FXGL Background Thread 3 ] DEBUG Engine               - isIntroEnabled: false
13:52:19.813 [FXGL Background Thread 3 ] DEBUG Engine               - isLinux: false
13:52:19.813 [FXGL Background Thread 3 ] DEBUG Engine               - isMac: false
13:52:19.813 [FXGL Background Thread 3 ] DEBUG Engine               - isMainMenuEnabled: true
13:52:19.813 [FXGL Background Thread 3 ] DEBUG Engine               - isManualResizeEnabled: false
13:52:19.813 [FXGL Background Thread 3 ] DEBUG Engine               - isMobile: false
13:52:19.813 [FXGL Background Thread 3 ] DEBUG Engine               - isNative: false
13:52:19.813 [FXGL Background Thread 3 ] DEBUG Engine               - isPauseMusicWhenMinimized: true
13:52:19.813 [FXGL Background Thread 3 ] DEBUG Engine               - isPreserveResizeRatio: false
13:52:19.813 [FXGL Background Thread 3 ] DEBUG Engine               - isProfilingEnabled: false
13:52:19.814 [FXGL Background Thread 3 ] DEBUG Engine               - isScaleAffectedOnResize: true
13:52:19.814 [FXGL Background Thread 3 ] DEBUG Engine               - isSingleStep: false
13:52:19.814 [FXGL Background Thread 3 ] DEBUG Engine               - isUserProfileEnabled: false
13:52:19.814 [FXGL Background Thread 3 ] DEBUG Engine               - isWindows: true
13:52:19.814 [FXGL Background Thread 3 ] DEBUG Engine               - language: ObjectProperty [value: ENGLISH]
13:52:19.814 [FXGL Background Thread 3 ] DEBUG Engine               - menuKey: ESCAPE
13:52:19.814 [FXGL Background Thread 3 ] DEBUG Engine               - mouseSensitivity: 0.2
13:52:19.814 [FXGL Background Thread 3 ] DEBUG Engine               - notificationViewClass: class com.almasb.fxgl.notification.view.XboxNotificationView
13:52:19.814 [FXGL Background Thread 3 ] DEBUG Engine               - pixelsPerMeter: 50.0
13:52:19.814 [FXGL Background Thread 3 ] DEBUG Engine               - platform: WINDOWS
13:52:19.814 [FXGL Background Thread 3 ] DEBUG Engine               - prefHeightProperty: ReadOnlyDoubleProperty [value: 608.0]
13:52:19.814 [FXGL Background Thread 3 ] DEBUG Engine               - prefWidthProperty: ReadOnlyDoubleProperty [value: 800.0]
13:52:19.814 [FXGL Background Thread 3 ] DEBUG Engine               - profileDir: profiles/
13:52:19.815 [FXGL Background Thread 3 ] DEBUG Engine               - profileName: StringProperty [value: DEFAULT]
13:52:19.815 [FXGL Background Thread 3 ] DEBUG Engine               - randomSeed: -1
13:52:19.815 [FXGL Background Thread 3 ] DEBUG Engine               - runtimeInfo: RuntimeInfo(platform=WINDOWS, version=17.3, build=30.03.2023 11.49)
13:52:19.815 [FXGL Background Thread 3 ] DEBUG Engine               - saveFileExt: sav
13:52:19.815 [FXGL Background Thread 3 ] DEBUG Engine               - scaledHeightProp$fxgl: DoubleProperty [bound, value: 608.0]
13:52:19.815 [FXGL Background Thread 3 ] DEBUG Engine               - scaledWidthProp$fxgl: DoubleProperty [bound, value: 800.0]
13:52:19.815 [FXGL Background Thread 3 ] DEBUG Engine               - sceneFactory: com.almasb.fxgl.app.scene.SceneFactory@423a4fdb
13:52:19.815 [FXGL Background Thread 3 ] DEBUG Engine               - secondsIn24h: 60
13:52:19.815 [FXGL Background Thread 3 ] DEBUG Engine               - soundMenuBack: menu/back.wav
13:52:19.815 [FXGL Background Thread 3 ] DEBUG Engine               - soundMenuPress: menu/press.wav
13:52:19.815 [FXGL Background Thread 3 ] DEBUG Engine               - soundMenuSelect: menu/select.wav
13:52:19.815 [FXGL Background Thread 3 ] DEBUG Engine               - soundNotification: core/notification.wav
13:52:19.815 [FXGL Background Thread 3 ] DEBUG Engine               - stageStyle: DECORATED
13:52:19.815 [FXGL Background Thread 3 ] DEBUG Engine               - supportedLanguages: [ENGLISH, FRENCH, GERMAN, HUNGARIAN, RUSSIAN]
13:52:19.816 [FXGL Background Thread 3 ] DEBUG Engine               - ticksPerSecond: -1
13:52:19.816 [FXGL Background Thread 3 ] DEBUG Engine               - title: I Wanna Be The CSer
13:52:19.816 [FXGL Background Thread 3 ] DEBUG Engine               - urlGithub: https://github.com/AlmasB/FXGL
13:52:19.816 [FXGL Background Thread 3 ] DEBUG Engine               - urlLeaderboard: http://fxgl-top.herokuapp.com/
13:52:19.816 [FXGL Background Thread 3 ] DEBUG Engine               - urlPOM: https://raw.githubusercontent.com/AlmasB/FXGL/release/README.md
13:52:19.816 [FXGL Background Thread 3 ] DEBUG Engine               - userAppClass: class com.example.demo2.IWBTCSerApp
13:52:19.816 [FXGL Background Thread 3 ] DEBUG Engine               - version: 0.1
13:52:19.816 [FXGL Background Thread 3 ] DEBUG Engine               - versionCheckDays: 7
13:52:19.816 [FXGL Background Thread 3 ] DEBUG Engine               - width: 800
13:52:19.816 [FXGL Background Thread 3 ] DEBUG Engine               - Logging services
13:52:19.816 [FXGL Background Thread 3 ] DEBUG Engine               - class com.almasb.fxgl.app.services.FXGLAssetLoaderService
13:52:19.816 [FXGL Background Thread 3 ] DEBUG Engine               - class com.almasb.fxgl.app.FXGLApplication$GameApplicationService
13:52:19.816 [FXGL Background Thread 3 ] DEBUG Engine               - class com.almasb.fxgl.app.services.FXGLDialogService
13:52:19.816 [FXGL Background Thread 3 ] DEBUG Engine               - class com.almasb.fxgl.app.services.IOTaskExecutorService
13:52:19.816 [FXGL Background Thread 3 ] DEBUG Engine               - class com.almasb.fxgl.io.FileSystemService
13:52:19.817 [FXGL Background Thread 3 ] DEBUG Engine               - class com.almasb.fxgl.localization.LocalizationService
13:52:19.817 [FXGL Background Thread 3 ] DEBUG Engine               - class com.almasb.fxgl.app.services.SystemBundleService
13:52:19.817 [FXGL Background Thread 3 ] DEBUG Engine               - class com.almasb.fxgl.profile.SaveLoadService
13:52:19.818 [FXGL Background Thread 3 ] DEBUG Engine               - class com.almasb.fxgl.ui.FXGLUIFactoryServiceProvider
13:52:19.818 [FXGL Background Thread 3 ] DEBUG Engine               - class com.almasb.fxgl.ui.FXGLDialogFactoryServiceProvider
13:52:19.818 [FXGL Background Thread 3 ] DEBUG Engine               - class com.almasb.fxgl.audio.AudioPlayer
13:52:19.818 [FXGL Background Thread 3 ] DEBUG Engine               - class com.almasb.fxgl.notification.impl.NotificationServiceProvider
13:52:19.818 [FXGL Background Thread 3 ] DEBUG Engine               - class com.almasb.fxgl.achievement.AchievementService
13:52:19.818 [FXGL Background Thread 3 ] DEBUG Engine               - class com.almasb.fxgl.cutscene.CutsceneService
13:52:19.818 [FXGL Background Thread 3 ] DEBUG Engine               - class com.almasb.fxgl.minigames.MiniGameService
13:52:19.818 [FXGL Background Thread 3 ] DEBUG Engine               - class com.almasb.fxgl.net.NetService
13:52:19.818 [FXGL Background Thread 3 ] DEBUG Engine               - class com.almasb.fxgl.app.services.UpdaterService
13:52:19.818 [FXGL Background Thread 3 ] DEBUG Engine               - class com.almasb.fxgl.dev.DevService
13:52:23.768 [JavaFX Application Thread] DEBUG FXGLAssetLoaderServi - Loading from file system: file:/C:/Users/user/IdeaProjects/demo2/target/classes/assets/sounds/jump2.wav
13:52:40.906 [JavaFX Application Thread] DEBUG FXGLAssetLoaderServi - Loading from file system: file:/C:/Users/user/IdeaProjects/demo2/target/classes/assets/sounds/jump1.wav
13:52:42.432 [JavaFX Application Thread] DEBUG FXGLAssetLoaderServi - Loading from file system: file:/C:/Users/user/IdeaProjects/demo2/target/classes/assets/textures/gameover.png
13:52:42.444 [JavaFX Application Thread] DEBUG FXGLAssetLoaderServi - Loading from file system: file:/C:/Users/user/IdeaProjects/demo2/target/classes/assets/sounds/death.wav
14:03:10.767 [JavaFX Application Thread] DEBUG FXGLApplication      - Exiting FXGL
14:03:10.768 [JavaFX Application Thread] DEBUG LoopRunner           - Stopping loop
14:03:10.768 [JavaFX Application Thread] DEBUG SystemBundleService  - Saving FXGL system data
14:03:10.770 [JavaFX Application Thread] DEBUG FileSystemAccess     - Writing to: C:\Users\user\IdeaProjects\demo2\system\fxgl.bundle
14:03:10.772 [JavaFX Application Thread] DEBUG Async                - Shutting down background threads
14:03:10.772 [JavaFX Application Thread] DEBUG PrimaryStageWindow   - Closing main window
14:03:10.801 [JavaFX Application Thread] DEBUG Logger               - Closing Logger
