10:29:48.013 [main                     ] DEBUG Logger               - Configured Logger
10:29:48.059 [main                     ] DEBUG GameApplication      - Logging settings
Title: I Wanna Be The CSer
Version: 0.1
Width: 800
Height: 608
Fullscreen: false
Intro: false
Profiling: false
Single step:false
App Mode: DEVELOPER
Menu Key: ESCAPE
Stage Style: DECORATED
Scene Factory: class com.almasb.fxgl.app.scene.SceneFactory

10:29:48.658 [JavaFX Application Thread] DEBUG FXGLApplication      - Initializing FXGL
10:29:48.662 [JavaFX Application Thread] INFO  Engine               - FXGL-17.3 (30.03.2023 11.49) on WINDOWS (J:21.0.5 FX:21)
10:29:48.663 [JavaFX Application Thread] DEBUG Engine               - JRE Vendor Name: Oracle Corporation
10:29:48.663 [JavaFX Application Thread] DEBUG Engine               - Running on OS: Windows 11 version 10.0
10:29:48.664 [JavaFX Application Thread] DEBUG Engine               - Architecture: amd64
10:29:48.664 [JavaFX Application Thread] INFO  Engine               - Source code and latest versions at: https://github.com/AlmasB/FXGL
10:29:48.664 [JavaFX Application Thread] INFO  Engine               -       Ask questions and discuss at: https://github.com/AlmasB/FXGL/discussions
10:29:48.664 [JavaFX Application Thread] INFO  Engine               -              Join the FXGL chat at: https://gitter.im/AlmasB/FXGL
10:29:48.790 [JavaFX Application Thread] DEBUG PrimaryStageWindow   - Creating a JavaFX scene
10:29:48.840 [JavaFX Application Thread] DEBUG PrimaryStageWindow   - Target settings size: 800.0 x 608.0
10:29:48.840 [JavaFX Application Thread] DEBUG PrimaryStageWindow   - Scaled scene size:    800.0 x 608.0
10:29:48.841 [JavaFX Application Thread] DEBUG PrimaryStageWindow   - Scaled ratio: (1.0, 1.0)
10:29:48.842 [JavaFX Application Thread] DEBUG PrimaryStageWindow   - Set initial scene to FXGLStartupScene
10:29:48.846 [JavaFX Application Thread] DEBUG PrimaryStageWindow   - Opening main window
10:29:48.990 [JavaFX Application Thread] DEBUG PrimaryStageWindow   - Window border size: (12.4444580078125, 35.111083984375)
10:29:48.990 [JavaFX Application Thread] DEBUG PrimaryStageWindow   - Scaled size: 800.0 x 608.0
10:29:48.990 [JavaFX Application Thread] DEBUG PrimaryStageWindow   - Scaled ratio: (1.0, 1.0)
10:29:48.990 [JavaFX Application Thread] DEBUG PrimaryStageWindow   - Scene size: 800.0 x 608.0
10:29:48.991 [JavaFX Application Thread] DEBUG PrimaryStageWindow   - Stage size: 812.4444580078125 x 643.111083984375
10:29:48.997 [FXGL Background Thread 1 ] DEBUG Engine               - Initializing environment variables
10:29:49.047 [FXGL Background Thread 1 ] DEBUG FXGLAssetLoaderServi - User app class for loading assets: class com.example.demo2.IWBTCSerApp
10:29:49.047 [FXGL Background Thread 1 ] DEBUG GameApplicationServi - Applying CSS: fxgl_dark.css
10:29:49.049 [FXGL Background Thread 1 ] DEBUG FXGLAssetLoaderServi - Loading from file system: jar:file:///C:/Users/user/.m2/repository/com/github/almasb/fxgl/17.3/fxgl-17.3.jar!/fxglassets/ui/css/fxgl_dark.css
10:29:49.106 [FXGL Background Thread 1 ] DEBUG GameApplicationServi - Initializing application scenes
10:29:49.213 [FXGL Background Thread 1 ] DEBUG GameWorld            - Game world initialized
10:29:49.281 [FXGL Background Thread 1 ] DEBUG PhysicsWorld         - Physics world initialized: appHeight=608, physics.ppm=50.0
10:29:49.282 [FXGL Background Thread 1 ] DEBUG PhysicsWorld         - Using strategy: BRUTE_FORCE
10:29:49.288 [FXGL Background Thread 1 ] DEBUG GameScene            - Game scene initialized: 800x608
10:29:49.308 [FXGL Background Thread 1 ] DEBUG FXGL.DefaultMenu     - createMenuBodyMainMenu()
10:29:49.327 [FXGL Background Thread 1 ] DEBUG FXGL.DefaultMenu     - createOptionsMenu()
10:29:49.341 [FXGL Background Thread 1 ] DEBUG FXGLAssetLoaderServi - Loading from file system: jar:file:///C:/Users/user/.m2/repository/com/github/almasb/fxgl/17.3/fxgl-17.3.jar!/fxglassets/textures/particles/smoke.png
10:29:49.522 [FXGL Background Thread 1 ] DEBUG FXGLAssetLoaderServi - Loading from file system: jar:file:///C:/Users/user/.m2/repository/com/github/almasb/fxgl/17.3/fxgl-17.3.jar!/fxglassets/textures/particles/trace_horizontal.png
10:29:49.574 [FXGL Background Thread 1 ] DEBUG FXGL.DefaultMenu     - createMenuBodyGameMenu()
10:29:49.576 [FXGL Background Thread 1 ] DEBUG FXGL.DefaultMenu     - createOptionsMenu()
10:29:49.595 [FXGL Background Thread 1 ] DEBUG GameApplicationServi - Application scenes initialized
10:29:49.615 [FXGL Background Thread 1 ] DEBUG SystemBundleService  - Loading FXGL system data
10:29:49.617 [FXGL Background Thread 1 ] DEBUG FileSystemAccess     - Reading from: C:\Users\user\IdeaProjects\demo2\system\fxgl.bundle
10:29:49.629 [FXGL Background Thread 1 ] DEBUG SystemBundleService  - Bundle FXGL: {}
10:29:49.629 [FXGL Background Thread 1 ] DEBUG UpdaterService       - Checking for updates
10:29:49.635 [FXGL Background Thread 1 ] DEBUG FXGLApplication      - Loading default localization
10:29:49.635 [FXGL Background Thread 4 ] DEBUG FXGLApplication      - Loading fonts
10:29:49.636 [FXGL Background Thread 1 ] DEBUG FXGLAssetLoaderServi - Loading from file system: jar:file:///C:/Users/user/.m2/repository/com/github/almasb/fxgl/17.3/fxgl-17.3.jar!/fxglassets/languages/english.lang
10:29:49.636 [FXGL Background Thread 4 ] DEBUG FXGLAssetLoaderServi - Loading from file system: jar:file:///C:/Users/user/.m2/repository/com/github/almasb/fxgl/17.3/fxgl-17.3.jar!/fxglassets/ui/fonts/VarelaRound-Regular.ttf
10:29:49.668 [FXGL Background Thread 4 ] DEBUG FXGLAssetLoaderServi - Loading from file system: jar:file:///C:/Users/user/.m2/repository/com/github/almasb/fxgl/17.3/fxgl-17.3.jar!/fxglassets/ui/fonts/Abel-Regular.ttf
10:29:49.687 [FXGL Background Thread 4 ] DEBUG FXGLAssetLoaderServi - Loading from file system: jar:file:///C:/Users/user/.m2/repository/com/github/almasb/fxgl/17.3/fxgl-17.3.jar!/fxglassets/ui/fonts/TerminalLandMono-Regular.otf
10:29:49.692 [FXGL Background Thread 1 ] INFO  FXGLApplication      - FXGL initialization took: 0.695 sec
10:29:49.708 [FXGL Background Thread 4 ] DEBUG FXGLAssetLoaderServi - Loading from file system: jar:file:///C:/Users/user/.m2/repository/com/github/almasb/fxgl/17.3/fxgl-17.3.jar!/fxglassets/ui/fonts/Courier-Prime.ttf
10:29:49.717 [JavaFX Application Thread] DEBUG Input                - Registered new binding: Move Right - D
10:29:49.717 [JavaFX Application Thread] DEBUG Input                - Registered new binding: Move Left - A
10:29:49.717 [JavaFX Application Thread] DEBUG Input                - Registered new binding: Jump - Space
10:29:49.718 [JavaFX Application Thread] DEBUG Input                - Registered new binding: Respawn - R
10:29:49.718 [JavaFX Application Thread] DEBUG FXGLAssetLoaderServi - Loading from file system: file:/C:/Users/user/IdeaProjects/demo2/target/classes/assets/textures/cherry.png
10:29:49.731 [JavaFX Application Thread] DEBUG FXGLAssetLoaderServi - Loading from file system: jar:file:///C:/Users/user/.m2/repository/com/github/almasb/fxgl/17.3/fxgl-17.3.jar!/fxglassets/textures/fxgl_default_cursor.png
10:29:49.736 [JavaFX Application Thread] DEBUG Input                - Registered new binding: Screenshot - CTRL+8
10:29:49.737 [JavaFX Application Thread] DEBUG Input                - Registered new binding: System info dump - CTRL+9
10:29:49.738 [JavaFX Application Thread] DEBUG Input                - Registered new binding: Restart - CTRL+R
10:29:49.738 [JavaFX Application Thread] DEBUG Input                - Registered new binding: Toggle Debug Camera - CTRL+7
10:29:49.743 [JavaFX Application Thread] DEBUG LoopRunner           - Starting loop
10:29:49.744 [JavaFX Application Thread] DEBUG LoopRunner           - Initializing JavaFX AnimationTimerLoop
10:29:49.746 [JavaFX Application Thread] DEBUG Input                - Clearing active input actions
10:29:49.757 [JavaFX Application Thread] DEBUG GameApplicationServi - Removing overlay from FXGLStartupScene and adding to FXGLMainMenuDummyScene
10:29:49.758 [JavaFX Application Thread] DEBUG PrimaryStageWindow   - FXGLStartupScene -> FXGLMainMenuDummyScene
10:29:49.758 [JavaFX Application Thread] DEBUG PrimaryStageWindow   - Push state: FXGLDefaultMenu
10:29:49.770 [JavaFX Application Thread] DEBUG Input                - Clearing active input actions
10:29:49.782 [JavaFX Application Thread] DEBUG GameApplicationServi - Removing overlay from FXGLMainMenuDummyScene and adding to FXGLDefaultMenu
10:29:49.783 [JavaFX Application Thread] DEBUG PrimaryStageWindow   - FXGLMainMenuDummyScene -> FXGLDefaultMenu
10:29:49.783 [JavaFX Application Thread] DEBUG FXGLApplication      - Registering font factories with UI factory
10:29:50.189 [FXGL Background Thread 2 ] WARN  UpdaterService       - Failed to find updates: javax.net.ssl.SSLHandshakeException: PKIX path building failed: sun.security.provider.certpath.SunCertPathBuilderException: unable to find valid certification path to requested target
10:29:52.633 [FXGL Background Thread 3 ] DEBUG Engine               - Logging environment variables
10:29:52.635 [FXGL Background Thread 3 ] DEBUG Engine               - achievements: []
10:29:52.635 [FXGL Background Thread 3 ] DEBUG Engine               - actualHeight: 608.0
10:29:52.635 [FXGL Background Thread 3 ] DEBUG Engine               - actualHeightProperty: ReadOnlyDoubleProperty [value: 608.0]
10:29:52.635 [FXGL Background Thread 3 ] DEBUG Engine               - actualWidth: 800.0
10:29:52.635 [FXGL Background Thread 3 ] DEBUG Engine               - actualWidthProperty: ReadOnlyDoubleProperty [value: 800.0]
10:29:52.635 [FXGL Background Thread 3 ] DEBUG Engine               - appIcon: cherry.png
10:29:52.635 [FXGL Background Thread 3 ] DEBUG Engine               - applicationMode: DEVELOPER
10:29:52.635 [FXGL Background Thread 3 ] DEBUG Engine               - cSSList: [fxgl_dark.css]
10:29:52.636 [FXGL Background Thread 3 ] DEBUG Engine               - collisionDetectionStrategy: BRUTE_FORCE
10:29:52.636 [FXGL Background Thread 3 ] DEBUG Engine               - configClass: Optional.empty
10:29:52.636 [FXGL Background Thread 3 ] DEBUG Engine               - credits: []
10:29:52.636 [FXGL Background Thread 3 ] DEBUG Engine               - defaultCursor: CursorInfo(imageName=fxgl_default_cursor.png, hotspotX=7.0, hotspotY=6.0)
10:29:52.637 [FXGL Background Thread 3 ] DEBUG Engine               - devBBoxColorProperty: ObjectProperty [value: 0xff0000ff]
10:29:52.637 [FXGL Background Thread 3 ] DEBUG Engine               - devEnableDebugCameraProperty: BooleanProperty [value: false]
10:29:52.637 [FXGL Background Thread 3 ] DEBUG Engine               - devSensorColorProperty: ObjectProperty [value: 0xffff00ff]
10:29:52.637 [FXGL Background Thread 3 ] DEBUG Engine               - devShowBBoxProperty: BooleanProperty [value: false]
10:29:52.637 [FXGL Background Thread 3 ] DEBUG Engine               - devShowPositionProperty: BooleanProperty [value: false]
10:29:52.637 [FXGL Background Thread 3 ] DEBUG Engine               - enabledMenuItems: []
10:29:52.638 [FXGL Background Thread 3 ] DEBUG Engine               - engineServices: [class com.almasb.fxgl.app.services.FXGLAssetLoaderService, class com.almasb.fxgl.app.FXGLApplication$GameApplicationService, class com.almasb.fxgl.app.services.FXGLDialogService, class com.almasb.fxgl.app.services.IOTaskExecutorService, class com.almasb.fxgl.io.FileSystemService, class com.almasb.fxgl.localization.LocalizationService, class com.almasb.fxgl.app.services.SystemBundleService, class com.almasb.fxgl.profile.SaveLoadService, class com.almasb.fxgl.ui.FXGLUIFactoryServiceProvider, class com.almasb.fxgl.ui.FXGLDialogFactoryServiceProvider, class com.almasb.fxgl.audio.AudioPlayer, class com.almasb.fxgl.notification.impl.NotificationServiceProvider, class com.almasb.fxgl.achievement.AchievementService, class com.almasb.fxgl.cutscene.CutsceneService, class com.almasb.fxgl.minigames.MiniGameService, class com.almasb.fxgl.net.NetService, class com.almasb.fxgl.app.services.UpdaterService, class com.almasb.fxgl.dev.DevService]
10:29:52.638 [FXGL Background Thread 3 ] DEBUG Engine               - fontGame: Abel-Regular.ttf
10:29:52.638 [FXGL Background Thread 3 ] DEBUG Engine               - fontMono: TerminalLandMono-Regular.otf
10:29:52.638 [FXGL Background Thread 3 ] DEBUG Engine               - fontSizeScaleUI: 1.0
10:29:52.638 [FXGL Background Thread 3 ] DEBUG Engine               - fontText: Courier-Prime.ttf
10:29:52.638 [FXGL Background Thread 3 ] DEBUG Engine               - fontUI: VarelaRound-Regular.ttf
10:29:52.638 [FXGL Background Thread 3 ] DEBUG Engine               - fullScreen: BooleanProperty [value: false]
10:29:52.638 [FXGL Background Thread 3 ] DEBUG Engine               - gameDifficulty: MEDIUM
10:29:52.638 [FXGL Background Thread 3 ] DEBUG Engine               - gameDifficultyProperty: ObjectProperty [value: MEDIUM]
10:29:52.639 [FXGL Background Thread 3 ] DEBUG Engine               - globalMusicVolume: 0.5
10:29:52.639 [FXGL Background Thread 3 ] DEBUG Engine               - globalMusicVolumeProperty: DoubleProperty [value: 0.5]
10:29:52.639 [FXGL Background Thread 3 ] DEBUG Engine               - globalSoundVolume: 0.5
10:29:52.639 [FXGL Background Thread 3 ] DEBUG Engine               - globalSoundVolumeProperty: DoubleProperty [value: 0.5]
10:29:52.639 [FXGL Background Thread 3 ] DEBUG Engine               - height: 608
10:29:52.639 [FXGL Background Thread 3 ] DEBUG Engine               - is3D: false
10:29:52.639 [FXGL Background Thread 3 ] DEBUG Engine               - isAndroid: false
10:29:52.639 [FXGL Background Thread 3 ] DEBUG Engine               - isBrowser: false
10:29:52.639 [FXGL Background Thread 3 ] DEBUG Engine               - isClickFeedbackEnabled: false
10:29:52.639 [FXGL Background Thread 3 ] DEBUG Engine               - isCloseConfirmation: false
10:29:52.639 [FXGL Background Thread 3 ] DEBUG Engine               - isDesktop: true
10:29:52.639 [FXGL Background Thread 3 ] DEBUG Engine               - isDeveloperMenuEnabled: false
10:29:52.639 [FXGL Background Thread 3 ] DEBUG Engine               - isEmbedded: false
10:29:52.639 [FXGL Background Thread 3 ] DEBUG Engine               - isEntityPreloadEnabled: true
10:29:52.639 [FXGL Background Thread 3 ] DEBUG Engine               - isExperimentalTiledLargeMap: false
10:29:52.640 [FXGL Background Thread 3 ] DEBUG Engine               - isFileSystemWriteAllowed: true
10:29:52.640 [FXGL Background Thread 3 ] DEBUG Engine               - isFullScreenAllowed: false
10:29:52.640 [FXGL Background Thread 3 ] DEBUG Engine               - isFullScreenFromStart: false
10:29:52.640 [FXGL Background Thread 3 ] DEBUG Engine               - isGameMenuEnabled: true
10:29:52.640 [FXGL Background Thread 3 ] DEBUG Engine               - isIOS: false
10:29:52.640 [FXGL Background Thread 3 ] DEBUG Engine               - isIntroEnabled: false
10:29:52.640 [FXGL Background Thread 3 ] DEBUG Engine               - isLinux: false
10:29:52.640 [FXGL Background Thread 3 ] DEBUG Engine               - isMac: false
10:29:52.640 [FXGL Background Thread 3 ] DEBUG Engine               - isMainMenuEnabled: true
10:29:52.640 [FXGL Background Thread 3 ] DEBUG Engine               - isManualResizeEnabled: false
10:29:52.640 [FXGL Background Thread 3 ] DEBUG Engine               - isMobile: false
10:29:52.640 [FXGL Background Thread 3 ] DEBUG Engine               - isNative: false
10:29:52.640 [FXGL Background Thread 3 ] DEBUG Engine               - isPauseMusicWhenMinimized: true
10:29:52.640 [FXGL Background Thread 3 ] DEBUG Engine               - isPreserveResizeRatio: false
10:29:52.640 [FXGL Background Thread 3 ] DEBUG Engine               - isProfilingEnabled: false
10:29:52.641 [FXGL Background Thread 3 ] DEBUG Engine               - isScaleAffectedOnResize: true
10:29:52.641 [FXGL Background Thread 3 ] DEBUG Engine               - isSingleStep: false
10:29:52.641 [FXGL Background Thread 3 ] DEBUG Engine               - isUserProfileEnabled: false
10:29:52.641 [FXGL Background Thread 3 ] DEBUG Engine               - isWindows: true
10:29:52.641 [FXGL Background Thread 3 ] DEBUG Engine               - language: ObjectProperty [value: ENGLISH]
10:29:52.641 [FXGL Background Thread 3 ] DEBUG Engine               - menuKey: ESCAPE
10:29:52.641 [FXGL Background Thread 3 ] DEBUG Engine               - mouseSensitivity: 0.2
10:29:52.641 [FXGL Background Thread 3 ] DEBUG Engine               - notificationViewClass: class com.almasb.fxgl.notification.view.XboxNotificationView
10:29:52.642 [FXGL Background Thread 3 ] DEBUG Engine               - pixelsPerMeter: 50.0
10:29:52.642 [FXGL Background Thread 3 ] DEBUG Engine               - platform: WINDOWS
10:29:52.642 [FXGL Background Thread 3 ] DEBUG Engine               - prefHeightProperty: ReadOnlyDoubleProperty [value: 608.0]
10:29:52.642 [FXGL Background Thread 3 ] DEBUG Engine               - prefWidthProperty: ReadOnlyDoubleProperty [value: 800.0]
10:29:52.642 [FXGL Background Thread 3 ] DEBUG Engine               - profileDir: profiles/
10:29:52.642 [FXGL Background Thread 3 ] DEBUG Engine               - profileName: StringProperty [value: DEFAULT]
10:29:52.642 [FXGL Background Thread 3 ] DEBUG Engine               - randomSeed: -1
10:29:52.642 [FXGL Background Thread 3 ] DEBUG Engine               - runtimeInfo: RuntimeInfo(platform=WINDOWS, version=17.3, build=30.03.2023 11.49)
10:29:52.642 [FXGL Background Thread 3 ] DEBUG Engine               - saveFileExt: sav
10:29:52.642 [FXGL Background Thread 3 ] DEBUG Engine               - scaledHeightProp$fxgl: DoubleProperty [bound, value: 608.0]
10:29:52.642 [FXGL Background Thread 3 ] DEBUG Engine               - scaledWidthProp$fxgl: DoubleProperty [bound, value: 800.0]
10:29:52.642 [FXGL Background Thread 3 ] DEBUG Engine               - sceneFactory: com.almasb.fxgl.app.scene.SceneFactory@4b699cb7
10:29:52.643 [FXGL Background Thread 3 ] DEBUG Engine               - secondsIn24h: 60
10:29:52.643 [FXGL Background Thread 3 ] DEBUG Engine               - soundMenuBack: menu/back.wav
10:29:52.643 [FXGL Background Thread 3 ] DEBUG Engine               - soundMenuPress: menu/press.wav
10:29:52.643 [FXGL Background Thread 3 ] DEBUG Engine               - soundMenuSelect: menu/select.wav
10:29:52.643 [FXGL Background Thread 3 ] DEBUG Engine               - soundNotification: core/notification.wav
10:29:52.643 [FXGL Background Thread 3 ] DEBUG Engine               - stageStyle: DECORATED
10:29:52.643 [FXGL Background Thread 3 ] DEBUG Engine               - supportedLanguages: [ENGLISH, FRENCH, GERMAN, HUNGARIAN, RUSSIAN]
10:29:52.643 [FXGL Background Thread 3 ] DEBUG Engine               - ticksPerSecond: -1
10:29:52.643 [FXGL Background Thread 3 ] DEBUG Engine               - title: I Wanna Be The CSer
10:29:52.643 [FXGL Background Thread 3 ] DEBUG Engine               - urlGithub: https://github.com/AlmasB/FXGL
10:29:52.643 [FXGL Background Thread 3 ] DEBUG Engine               - urlLeaderboard: http://fxgl-top.herokuapp.com/
10:29:52.643 [FXGL Background Thread 3 ] DEBUG Engine               - urlPOM: https://raw.githubusercontent.com/AlmasB/FXGL/release/README.md
10:29:52.643 [FXGL Background Thread 3 ] DEBUG Engine               - userAppClass: class com.example.demo2.IWBTCSerApp
10:29:52.643 [FXGL Background Thread 3 ] DEBUG Engine               - version: 0.1
10:29:52.643 [FXGL Background Thread 3 ] DEBUG Engine               - versionCheckDays: 7
10:29:52.643 [FXGL Background Thread 3 ] DEBUG Engine               - width: 800
10:29:52.643 [FXGL Background Thread 3 ] DEBUG Engine               - Logging services
10:29:52.643 [FXGL Background Thread 3 ] DEBUG Engine               - class com.almasb.fxgl.app.services.FXGLAssetLoaderService
10:29:52.643 [FXGL Background Thread 3 ] DEBUG Engine               - class com.almasb.fxgl.app.FXGLApplication$GameApplicationService
10:29:52.643 [FXGL Background Thread 3 ] DEBUG Engine               - class com.almasb.fxgl.app.services.FXGLDialogService
10:29:52.643 [FXGL Background Thread 3 ] DEBUG Engine               - class com.almasb.fxgl.app.services.IOTaskExecutorService
10:29:52.643 [FXGL Background Thread 3 ] DEBUG Engine               - class com.almasb.fxgl.io.FileSystemService
10:29:52.643 [FXGL Background Thread 3 ] DEBUG Engine               - class com.almasb.fxgl.localization.LocalizationService
10:29:52.643 [FXGL Background Thread 3 ] DEBUG Engine               - class com.almasb.fxgl.app.services.SystemBundleService
10:29:52.643 [FXGL Background Thread 3 ] DEBUG Engine               - class com.almasb.fxgl.profile.SaveLoadService
10:29:52.643 [FXGL Background Thread 3 ] DEBUG Engine               - class com.almasb.fxgl.ui.FXGLUIFactoryServiceProvider
10:29:52.643 [FXGL Background Thread 3 ] DEBUG Engine               - class com.almasb.fxgl.ui.FXGLDialogFactoryServiceProvider
10:29:52.644 [FXGL Background Thread 3 ] DEBUG Engine               - class com.almasb.fxgl.audio.AudioPlayer
10:29:52.644 [FXGL Background Thread 3 ] DEBUG Engine               - class com.almasb.fxgl.notification.impl.NotificationServiceProvider
10:29:52.644 [FXGL Background Thread 3 ] DEBUG Engine               - class com.almasb.fxgl.achievement.AchievementService
10:29:52.644 [FXGL Background Thread 3 ] DEBUG Engine               - class com.almasb.fxgl.cutscene.CutsceneService
10:29:52.644 [FXGL Background Thread 3 ] DEBUG Engine               - class com.almasb.fxgl.minigames.MiniGameService
10:29:52.644 [FXGL Background Thread 3 ] DEBUG Engine               - class com.almasb.fxgl.net.NetService
10:29:52.644 [FXGL Background Thread 3 ] DEBUG Engine               - class com.almasb.fxgl.app.services.UpdaterService
10:29:52.644 [FXGL Background Thread 3 ] DEBUG Engine               - class com.almasb.fxgl.dev.DevService
10:29:57.055 [JavaFX Application Thread] DEBUG Menu                 - fireNewGame()
10:29:57.056 [JavaFX Application Thread] DEBUG GameApplicationServi - Starting new game
10:29:57.057 [JavaFX Application Thread] DEBUG PrimaryStageWindow   - Pop state: FXGLDefaultMenu
10:29:57.057 [JavaFX Application Thread] DEBUG Input                - Clearing active input actions
10:29:57.059 [JavaFX Application Thread] DEBUG GameApplicationServi - Removing overlay from FXGLDefaultMenu and adding to FXGLMainMenuDummyScene
10:29:57.059 [JavaFX Application Thread] DEBUG PrimaryStageWindow   - FXGLMainMenuDummyScene <- FXGLDefaultMenu
10:29:57.060 [JavaFX Application Thread] DEBUG Input                - Clearing active input actions
10:29:57.071 [JavaFX Application Thread] DEBUG GameApplicationServi - Removing overlay from FXGLMainMenuDummyScene and adding to FXGLLoadingScene
10:29:57.071 [JavaFX Application Thread] DEBUG PrimaryStageWindow   - FXGLMainMenuDummyScene -> FXGLLoadingScene
10:29:57.071 [JavaFX Application Thread] DEBUG GameApplicationServi - Clearing previous game
10:29:57.071 [JavaFX Application Thread] DEBUG GameScene            - Clearing game scene
10:29:57.071 [JavaFX Application Thread] DEBUG GameWorld            - Clearing game world
10:29:57.073 [JavaFX Application Thread] DEBUG PhysicsWorld         - Clearing physics world
10:29:57.075 [FXGL Background Thread 2 ] DEBUG FXGLApplication      - Initializing game
10:29:57.077 [FXGL Background Thread 2 ] DEBUG FXGLAssetLoaderServi - Loading from file system: file:/C:/Users/user/IdeaProjects/demo2/target/classes/assets/textures/playerSpriteSheet.png
10:29:57.156 [FXGL Background Thread 2 ] DEBUG FXGLAssetLoaderServi - Loading from file system: file:/C:/Users/user/IdeaProjects/demo2/target/classes/assets/textures/ground.png
10:29:57.158 [FXGL Background Thread 2 ] WARN  GameWorld            - Entity is already attached to world
10:29:57.160 [FXGL Background Thread 2 ] WARN  GameWorld            - Entity is already attached to world
10:29:57.161 [FXGL Background Thread 2 ] WARN  GameWorld            - Entity is already attached to world
10:29:57.162 [FXGL Background Thread 2 ] WARN  GameWorld            - Entity is already attached to world
10:29:57.163 [FXGL Background Thread 2 ] DEBUG FXGLAssetLoaderServi - Loading from file system: file:/C:/Users/user/IdeaProjects/demo2/target/classes/assets/textures/spikeup.png
10:29:57.165 [FXGL Background Thread 2 ] WARN  GameWorld            - Entity is already attached to world
10:29:57.167 [FXGL Background Thread 2 ] WARN  GameWorld            - Entity is already attached to world
10:29:57.168 [FXGL Background Thread 2 ] DEBUG FXGLAssetLoaderServi - Loading from file system: file:/C:/Users/user/IdeaProjects/demo2/target/classes/assets/textures/openmusic.png
10:29:57.171 [FXGL Background Thread 2 ] INFO  FXGLApplication      - Game initialization took: 0.097 sec
10:29:57.173 [JavaFX Application Thread] DEBUG Input                - Clearing active input actions
10:29:57.184 [JavaFX Application Thread] DEBUG GameApplicationServi - Removing overlay from FXGLLoadingScene and adding to GameScene
10:29:57.184 [JavaFX Application Thread] DEBUG PrimaryStageWindow   - FXGLLoadingScene -> GameScene
10:31:39.577 [JavaFX Application Thread] DEBUG FXGLApplication      - Exiting FXGL
10:31:39.577 [JavaFX Application Thread] DEBUG LoopRunner           - Stopping loop
10:31:39.577 [JavaFX Application Thread] DEBUG SystemBundleService  - Saving FXGL system data
10:31:39.579 [JavaFX Application Thread] DEBUG FileSystemAccess     - Writing to: C:\Users\user\IdeaProjects\demo2\system\fxgl.bundle
10:31:39.580 [JavaFX Application Thread] DEBUG Async                - Shutting down background threads
10:31:39.580 [JavaFX Application Thread] DEBUG PrimaryStageWindow   - Closing main window
10:31:39.610 [JavaFX Application Thread] DEBUG Logger               - Closing Logger
