13:51:14.679 [main                     ] DEBUG Logger               - Configured Logger
13:51:14.705 [main                     ] DEBUG GameApplication      - Logging settings
Title: I Wanna Be The CSer
Version: 0.1
Width: 800
Height: 608
Fullscreen: false
Intro: false
Profiling: false
Single step:false
App Mode: DEVELOPER
Menu Key: ESCAPE
Stage Style: DECORATED
Scene Factory: class com.almasb.fxgl.app.scene.SceneFactory

13:51:15.306 [JavaFX Application Thread] DEBUG FXGLApplication      - Initializing FXGL
13:51:15.309 [JavaFX Application Thread] INFO  Engine               - FXGL-17.3 (30.03.2023 11.49) on WINDOWS (J:21.0.5 FX:21)
13:51:15.310 [JavaFX Application Thread] DEBUG Engine               - JRE Vendor Name: Oracle Corporation
13:51:15.310 [JavaFX Application Thread] DEBUG Engine               - Running on OS: Windows 11 version 10.0
13:51:15.310 [JavaFX Application Thread] DEBUG Engine               - Architecture: amd64
13:51:15.311 [JavaFX Application Thread] INFO  Engine               - Source code and latest versions at: https://github.com/AlmasB/FXGL
13:51:15.311 [JavaFX Application Thread] INFO  Engine               -       Ask questions and discuss at: https://github.com/AlmasB/FXGL/discussions
13:51:15.311 [JavaFX Application Thread] INFO  Engine               -              Join the FXGL chat at: https://gitter.im/AlmasB/FXGL
13:51:15.447 [JavaFX Application Thread] DEBUG PrimaryStageWindow   - Creating a JavaFX scene
13:51:15.504 [JavaFX Application Thread] DEBUG PrimaryStageWindow   - Target settings size: 800.0 x 608.0
13:51:15.504 [JavaFX Application Thread] DEBUG PrimaryStageWindow   - Scaled scene size:    800.0 x 608.0
13:51:15.504 [JavaFX Application Thread] DEBUG PrimaryStageWindow   - Scaled ratio: (1.0, 1.0)
13:51:15.506 [JavaFX Application Thread] DEBUG PrimaryStageWindow   - Set initial scene to FXGLStartupScene
13:51:15.510 [JavaFX Application Thread] DEBUG PrimaryStageWindow   - Opening main window
13:51:15.674 [JavaFX Application Thread] DEBUG PrimaryStageWindow   - Window border size: (12.4444580078125, 35.111083984375)
13:51:15.674 [JavaFX Application Thread] DEBUG PrimaryStageWindow   - Scaled size: 800.0 x 608.0
13:51:15.675 [JavaFX Application Thread] DEBUG PrimaryStageWindow   - Scaled ratio: (1.0, 1.0)
13:51:15.675 [JavaFX Application Thread] DEBUG PrimaryStageWindow   - Scene size: 800.0 x 608.0
13:51:15.676 [JavaFX Application Thread] DEBUG PrimaryStageWindow   - Stage size: 812.4444580078125 x 643.111083984375
13:51:15.682 [FXGL Background Thread 1 ] DEBUG Engine               - Initializing environment variables
13:51:15.735 [FXGL Background Thread 1 ] DEBUG FXGLAssetLoaderServi - User app class for loading assets: class com.example.demo2.IWBTCSerApp
13:51:15.735 [FXGL Background Thread 1 ] DEBUG GameApplicationServi - Applying CSS: fxgl_dark.css
13:51:15.737 [FXGL Background Thread 1 ] DEBUG FXGLAssetLoaderServi - Loading from file system: jar:file:///C:/Users/user/.m2/repository/com/github/almasb/fxgl/17.3/fxgl-17.3.jar!/fxglassets/ui/css/fxgl_dark.css
13:51:15.802 [FXGL Background Thread 1 ] DEBUG GameApplicationServi - Initializing application scenes
13:51:15.919 [FXGL Background Thread 1 ] DEBUG GameWorld            - Game world initialized
13:51:15.991 [FXGL Background Thread 1 ] DEBUG PhysicsWorld         - Physics world initialized: appHeight=608, physics.ppm=50.0
13:51:15.991 [FXGL Background Thread 1 ] DEBUG PhysicsWorld         - Using strategy: BRUTE_FORCE
13:51:15.998 [FXGL Background Thread 1 ] DEBUG GameScene            - Game scene initialized: 800x608
13:51:16.019 [FXGL Background Thread 1 ] DEBUG FXGL.DefaultMenu     - createMenuBodyMainMenu()
13:51:16.039 [FXGL Background Thread 1 ] DEBUG FXGL.DefaultMenu     - createOptionsMenu()
13:51:16.057 [FXGL Background Thread 1 ] DEBUG FXGLAssetLoaderServi - Loading from file system: jar:file:///C:/Users/user/.m2/repository/com/github/almasb/fxgl/17.3/fxgl-17.3.jar!/fxglassets/textures/particles/smoke.png
13:51:16.251 [FXGL Background Thread 1 ] DEBUG FXGLAssetLoaderServi - Loading from file system: jar:file:///C:/Users/user/.m2/repository/com/github/almasb/fxgl/17.3/fxgl-17.3.jar!/fxglassets/textures/particles/trace_horizontal.png
13:51:16.303 [FXGL Background Thread 1 ] DEBUG FXGL.DefaultMenu     - createMenuBodyGameMenu()
13:51:16.305 [FXGL Background Thread 1 ] DEBUG FXGL.DefaultMenu     - createOptionsMenu()
13:51:16.327 [FXGL Background Thread 1 ] DEBUG GameApplicationServi - Application scenes initialized
13:51:16.358 [FXGL Background Thread 1 ] DEBUG SystemBundleService  - Loading FXGL system data
13:51:16.361 [FXGL Background Thread 1 ] DEBUG FileSystemAccess     - Reading from: C:\Users\user\IdeaProjects\demo2\system\fxgl.bundle
13:51:16.365 [FXGL Background Thread 1 ] DEBUG SystemBundleService  - Bundle FXGL: {}
13:51:16.365 [FXGL Background Thread 1 ] DEBUG UpdaterService       - Checking for updates
13:51:16.369 [FXGL Background Thread 4 ] DEBUG FXGLApplication      - Loading fonts
13:51:16.370 [FXGL Background Thread 4 ] DEBUG FXGLAssetLoaderServi - Loading from file system: jar:file:///C:/Users/user/.m2/repository/com/github/almasb/fxgl/17.3/fxgl-17.3.jar!/fxglassets/ui/fonts/VarelaRound-Regular.ttf
13:51:16.370 [FXGL Background Thread 1 ] DEBUG FXGLApplication      - Loading default localization
13:51:16.371 [FXGL Background Thread 1 ] DEBUG FXGLAssetLoaderServi - Loading from file system: jar:file:///C:/Users/user/.m2/repository/com/github/almasb/fxgl/17.3/fxgl-17.3.jar!/fxglassets/languages/english.lang
13:51:16.395 [FXGL Background Thread 4 ] DEBUG FXGLAssetLoaderServi - Loading from file system: jar:file:///C:/Users/user/.m2/repository/com/github/almasb/fxgl/17.3/fxgl-17.3.jar!/fxglassets/ui/fonts/Abel-Regular.ttf
13:51:16.412 [FXGL Background Thread 4 ] DEBUG FXGLAssetLoaderServi - Loading from file system: jar:file:///C:/Users/user/.m2/repository/com/github/almasb/fxgl/17.3/fxgl-17.3.jar!/fxglassets/ui/fonts/TerminalLandMono-Regular.otf
13:51:16.416 [FXGL Background Thread 1 ] INFO  FXGLApplication      - FXGL initialization took: 0.733 sec
13:51:16.427 [FXGL Background Thread 4 ] DEBUG FXGLAssetLoaderServi - Loading from file system: jar:file:///C:/Users/user/.m2/repository/com/github/almasb/fxgl/17.3/fxgl-17.3.jar!/fxglassets/ui/fonts/Courier-Prime.ttf
13:51:16.447 [JavaFX Application Thread] DEBUG Input                - Registered new binding: Move Right - D
13:51:16.448 [JavaFX Application Thread] DEBUG Input                - Registered new binding: Move Left - A
13:51:16.449 [JavaFX Application Thread] DEBUG Input                - Registered new binding: Jump - Space
13:51:16.449 [JavaFX Application Thread] DEBUG Input                - Registered new binding: Respawn - R
13:51:16.450 [JavaFX Application Thread] DEBUG FXGLAssetLoaderServi - Loading from file system: file:/C:/Users/user/IdeaProjects/demo2/target/classes/assets/textures/cherry.png
13:51:16.463 [JavaFX Application Thread] DEBUG FXGLAssetLoaderServi - Loading from file system: jar:file:///C:/Users/user/.m2/repository/com/github/almasb/fxgl/17.3/fxgl-17.3.jar!/fxglassets/textures/fxgl_default_cursor.png
13:51:16.468 [JavaFX Application Thread] DEBUG Input                - Registered new binding: Screenshot - CTRL+8
13:51:16.469 [JavaFX Application Thread] DEBUG Input                - Registered new binding: System info dump - CTRL+9
13:51:16.469 [JavaFX Application Thread] DEBUG Input                - Registered new binding: Restart - CTRL+R
13:51:16.470 [JavaFX Application Thread] DEBUG Input                - Registered new binding: Toggle Debug Camera - CTRL+7
13:51:16.473 [JavaFX Application Thread] DEBUG LoopRunner           - Starting loop
13:51:16.473 [JavaFX Application Thread] DEBUG LoopRunner           - Initializing JavaFX AnimationTimerLoop
13:51:16.476 [JavaFX Application Thread] DEBUG Input                - Clearing active input actions
13:51:16.486 [JavaFX Application Thread] DEBUG GameApplicationServi - Removing overlay from FXGLStartupScene and adding to FXGLMainMenuDummyScene
13:51:16.486 [JavaFX Application Thread] DEBUG PrimaryStageWindow   - FXGLStartupScene -> FXGLMainMenuDummyScene
13:51:16.487 [JavaFX Application Thread] DEBUG PrimaryStageWindow   - Push state: FXGLDefaultMenu
13:51:16.502 [JavaFX Application Thread] DEBUG Input                - Clearing active input actions
13:51:16.521 [JavaFX Application Thread] DEBUG GameApplicationServi - Removing overlay from FXGLMainMenuDummyScene and adding to FXGLDefaultMenu
13:51:16.522 [JavaFX Application Thread] DEBUG PrimaryStageWindow   - FXGLMainMenuDummyScene -> FXGLDefaultMenu
13:51:16.523 [JavaFX Application Thread] DEBUG FXGLApplication      - Registering font factories with UI factory
13:51:16.867 [FXGL Background Thread 2 ] WARN  UpdaterService       - Failed to find updates: javax.net.ssl.SSLHandshakeException: PKIX path building failed: sun.security.provider.certpath.SunCertPathBuilderException: unable to find valid certification path to requested target
13:51:19.370 [FXGL Background Thread 3 ] DEBUG Engine               - Logging environment variables
13:51:19.371 [FXGL Background Thread 3 ] DEBUG Engine               - achievements: []
13:51:19.371 [FXGL Background Thread 3 ] DEBUG Engine               - actualHeight: 608.0
13:51:19.371 [FXGL Background Thread 3 ] DEBUG Engine               - actualHeightProperty: ReadOnlyDoubleProperty [value: 608.0]
13:51:19.371 [FXGL Background Thread 3 ] DEBUG Engine               - actualWidth: 800.0
13:51:19.371 [FXGL Background Thread 3 ] DEBUG Engine               - actualWidthProperty: ReadOnlyDoubleProperty [value: 800.0]
13:51:19.371 [FXGL Background Thread 3 ] DEBUG Engine               - appIcon: cherry.png
13:51:19.371 [FXGL Background Thread 3 ] DEBUG Engine               - applicationMode: DEVELOPER
13:51:19.371 [FXGL Background Thread 3 ] DEBUG Engine               - cSSList: [fxgl_dark.css]
13:51:19.371 [FXGL Background Thread 3 ] DEBUG Engine               - collisionDetectionStrategy: BRUTE_FORCE
13:51:19.371 [FXGL Background Thread 3 ] DEBUG Engine               - configClass: Optional.empty
13:51:19.371 [FXGL Background Thread 3 ] DEBUG Engine               - credits: []
13:51:19.372 [FXGL Background Thread 3 ] DEBUG Engine               - defaultCursor: CursorInfo(imageName=fxgl_default_cursor.png, hotspotX=7.0, hotspotY=6.0)
13:51:19.372 [FXGL Background Thread 3 ] DEBUG Engine               - devBBoxColorProperty: ObjectProperty [value: 0xff0000ff]
13:51:19.373 [FXGL Background Thread 3 ] DEBUG Engine               - devEnableDebugCameraProperty: BooleanProperty [value: false]
13:51:19.373 [FXGL Background Thread 3 ] DEBUG Engine               - devSensorColorProperty: ObjectProperty [value: 0xffff00ff]
13:51:19.373 [FXGL Background Thread 3 ] DEBUG Engine               - devShowBBoxProperty: BooleanProperty [value: false]
13:51:19.373 [FXGL Background Thread 3 ] DEBUG Engine               - devShowPositionProperty: BooleanProperty [value: false]
13:51:19.373 [FXGL Background Thread 3 ] DEBUG Engine               - enabledMenuItems: []
13:51:19.373 [FXGL Background Thread 3 ] DEBUG Engine               - engineServices: [class com.almasb.fxgl.app.services.FXGLAssetLoaderService, class com.almasb.fxgl.app.FXGLApplication$GameApplicationService, class com.almasb.fxgl.app.services.FXGLDialogService, class com.almasb.fxgl.app.services.IOTaskExecutorService, class com.almasb.fxgl.io.FileSystemService, class com.almasb.fxgl.localization.LocalizationService, class com.almasb.fxgl.app.services.SystemBundleService, class com.almasb.fxgl.profile.SaveLoadService, class com.almasb.fxgl.ui.FXGLUIFactoryServiceProvider, class com.almasb.fxgl.ui.FXGLDialogFactoryServiceProvider, class com.almasb.fxgl.audio.AudioPlayer, class com.almasb.fxgl.notification.impl.NotificationServiceProvider, class com.almasb.fxgl.achievement.AchievementService, class com.almasb.fxgl.cutscene.CutsceneService, class com.almasb.fxgl.minigames.MiniGameService, class com.almasb.fxgl.net.NetService, class com.almasb.fxgl.app.services.UpdaterService, class com.almasb.fxgl.dev.DevService]
13:51:19.373 [FXGL Background Thread 3 ] DEBUG Engine               - fontGame: Abel-Regular.ttf
13:51:19.374 [FXGL Background Thread 3 ] DEBUG Engine               - fontMono: TerminalLandMono-Regular.otf
13:51:19.374 [FXGL Background Thread 3 ] DEBUG Engine               - fontSizeScaleUI: 1.0
13:51:19.374 [FXGL Background Thread 3 ] DEBUG Engine               - fontText: Courier-Prime.ttf
13:51:19.374 [FXGL Background Thread 3 ] DEBUG Engine               - fontUI: VarelaRound-Regular.ttf
13:51:19.374 [FXGL Background Thread 3 ] DEBUG Engine               - fullScreen: BooleanProperty [value: false]
13:51:19.374 [FXGL Background Thread 3 ] DEBUG Engine               - gameDifficulty: MEDIUM
13:51:19.374 [FXGL Background Thread 3 ] DEBUG Engine               - gameDifficultyProperty: ObjectProperty [value: MEDIUM]
13:51:19.374 [FXGL Background Thread 3 ] DEBUG Engine               - globalMusicVolume: 0.5
13:51:19.374 [FXGL Background Thread 3 ] DEBUG Engine               - globalMusicVolumeProperty: DoubleProperty [value: 0.5]
13:51:19.374 [FXGL Background Thread 3 ] DEBUG Engine               - globalSoundVolume: 0.5
13:51:19.374 [FXGL Background Thread 3 ] DEBUG Engine               - globalSoundVolumeProperty: DoubleProperty [value: 0.5]
13:51:19.374 [FXGL Background Thread 3 ] DEBUG Engine               - height: 608
13:51:19.374 [FXGL Background Thread 3 ] DEBUG Engine               - is3D: false
13:51:19.374 [FXGL Background Thread 3 ] DEBUG Engine               - isAndroid: false
13:51:19.374 [FXGL Background Thread 3 ] DEBUG Engine               - isBrowser: false
13:51:19.374 [FXGL Background Thread 3 ] DEBUG Engine               - isClickFeedbackEnabled: false
13:51:19.374 [FXGL Background Thread 3 ] DEBUG Engine               - isCloseConfirmation: false
13:51:19.374 [FXGL Background Thread 3 ] DEBUG Engine               - isDesktop: true
13:51:19.374 [FXGL Background Thread 3 ] DEBUG Engine               - isDeveloperMenuEnabled: false
13:51:19.374 [FXGL Background Thread 3 ] DEBUG Engine               - isEmbedded: false
13:51:19.374 [FXGL Background Thread 3 ] DEBUG Engine               - isEntityPreloadEnabled: true
13:51:19.374 [FXGL Background Thread 3 ] DEBUG Engine               - isExperimentalTiledLargeMap: false
13:51:19.374 [FXGL Background Thread 3 ] DEBUG Engine               - isFileSystemWriteAllowed: true
13:51:19.375 [FXGL Background Thread 3 ] DEBUG Engine               - isFullScreenAllowed: false
13:51:19.375 [FXGL Background Thread 3 ] DEBUG Engine               - isFullScreenFromStart: false
13:51:19.375 [FXGL Background Thread 3 ] DEBUG Engine               - isGameMenuEnabled: true
13:51:19.375 [FXGL Background Thread 3 ] DEBUG Engine               - isIOS: false
13:51:19.375 [FXGL Background Thread 3 ] DEBUG Engine               - isIntroEnabled: false
13:51:19.375 [FXGL Background Thread 3 ] DEBUG Engine               - isLinux: false
13:51:19.375 [FXGL Background Thread 3 ] DEBUG Engine               - isMac: false
13:51:19.375 [FXGL Background Thread 3 ] DEBUG Engine               - isMainMenuEnabled: true
13:51:19.375 [FXGL Background Thread 3 ] DEBUG Engine               - isManualResizeEnabled: false
13:51:19.375 [FXGL Background Thread 3 ] DEBUG Engine               - isMobile: false
13:51:19.375 [FXGL Background Thread 3 ] DEBUG Engine               - isNative: false
13:51:19.375 [FXGL Background Thread 3 ] DEBUG Engine               - isPauseMusicWhenMinimized: true
13:51:19.375 [FXGL Background Thread 3 ] DEBUG Engine               - isPreserveResizeRatio: false
13:51:19.375 [FXGL Background Thread 3 ] DEBUG Engine               - isProfilingEnabled: false
13:51:19.375 [FXGL Background Thread 3 ] DEBUG Engine               - isScaleAffectedOnResize: true
13:51:19.375 [FXGL Background Thread 3 ] DEBUG Engine               - isSingleStep: false
13:51:19.375 [FXGL Background Thread 3 ] DEBUG Engine               - isUserProfileEnabled: false
13:51:19.375 [FXGL Background Thread 3 ] DEBUG Engine               - isWindows: true
13:51:19.375 [FXGL Background Thread 3 ] DEBUG Engine               - language: ObjectProperty [value: ENGLISH]
13:51:19.375 [FXGL Background Thread 3 ] DEBUG Engine               - menuKey: ESCAPE
13:51:19.375 [FXGL Background Thread 3 ] DEBUG Engine               - mouseSensitivity: 0.2
13:51:19.375 [FXGL Background Thread 3 ] DEBUG Engine               - notificationViewClass: class com.almasb.fxgl.notification.view.XboxNotificationView
13:51:19.376 [FXGL Background Thread 3 ] DEBUG Engine               - pixelsPerMeter: 50.0
13:51:19.376 [FXGL Background Thread 3 ] DEBUG Engine               - platform: WINDOWS
13:51:19.376 [FXGL Background Thread 3 ] DEBUG Engine               - prefHeightProperty: ReadOnlyDoubleProperty [value: 608.0]
13:51:19.376 [FXGL Background Thread 3 ] DEBUG Engine               - prefWidthProperty: ReadOnlyDoubleProperty [value: 800.0]
13:51:19.376 [FXGL Background Thread 3 ] DEBUG Engine               - profileDir: profiles/
13:51:19.376 [FXGL Background Thread 3 ] DEBUG Engine               - profileName: StringProperty [value: DEFAULT]
13:51:19.376 [FXGL Background Thread 3 ] DEBUG Engine               - randomSeed: -1
13:51:19.376 [FXGL Background Thread 3 ] DEBUG Engine               - runtimeInfo: RuntimeInfo(platform=WINDOWS, version=17.3, build=30.03.2023 11.49)
13:51:19.376 [FXGL Background Thread 3 ] DEBUG Engine               - saveFileExt: sav
13:51:19.376 [FXGL Background Thread 3 ] DEBUG Engine               - scaledHeightProp$fxgl: DoubleProperty [bound, value: 608.0]
13:51:19.376 [FXGL Background Thread 3 ] DEBUG Engine               - scaledWidthProp$fxgl: DoubleProperty [bound, value: 800.0]
13:51:19.376 [FXGL Background Thread 3 ] DEBUG Engine               - sceneFactory: com.almasb.fxgl.app.scene.SceneFactory@4e05fd51
13:51:19.376 [FXGL Background Thread 3 ] DEBUG Engine               - secondsIn24h: 60
13:51:19.376 [FXGL Background Thread 3 ] DEBUG Engine               - soundMenuBack: menu/back.wav
13:51:19.376 [FXGL Background Thread 3 ] DEBUG Engine               - soundMenuPress: menu/press.wav
13:51:19.376 [FXGL Background Thread 3 ] DEBUG Engine               - soundMenuSelect: menu/select.wav
13:51:19.376 [FXGL Background Thread 3 ] DEBUG Engine               - soundNotification: core/notification.wav
13:51:19.376 [FXGL Background Thread 3 ] DEBUG Engine               - stageStyle: DECORATED
13:51:19.376 [FXGL Background Thread 3 ] DEBUG Engine               - supportedLanguages: [ENGLISH, FRENCH, GERMAN, HUNGARIAN, RUSSIAN]
13:51:19.377 [FXGL Background Thread 3 ] DEBUG Engine               - ticksPerSecond: -1
13:51:19.377 [FXGL Background Thread 3 ] DEBUG Engine               - title: I Wanna Be The CSer
13:51:19.377 [FXGL Background Thread 3 ] DEBUG Engine               - urlGithub: https://github.com/AlmasB/FXGL
13:51:19.377 [FXGL Background Thread 3 ] DEBUG Engine               - urlLeaderboard: http://fxgl-top.herokuapp.com/
13:51:19.377 [FXGL Background Thread 3 ] DEBUG Engine               - urlPOM: https://raw.githubusercontent.com/AlmasB/FXGL/release/README.md
13:51:19.377 [FXGL Background Thread 3 ] DEBUG Engine               - userAppClass: class com.example.demo2.IWBTCSerApp
13:51:19.377 [FXGL Background Thread 3 ] DEBUG Engine               - version: 0.1
13:51:19.377 [FXGL Background Thread 3 ] DEBUG Engine               - versionCheckDays: 7
13:51:19.377 [FXGL Background Thread 3 ] DEBUG Engine               - width: 800
13:51:19.377 [FXGL Background Thread 3 ] DEBUG Engine               - Logging services
13:51:19.377 [FXGL Background Thread 3 ] DEBUG Engine               - class com.almasb.fxgl.app.services.FXGLAssetLoaderService
13:51:19.377 [FXGL Background Thread 3 ] DEBUG Engine               - class com.almasb.fxgl.app.FXGLApplication$GameApplicationService
13:51:19.377 [FXGL Background Thread 3 ] DEBUG Engine               - class com.almasb.fxgl.app.services.FXGLDialogService
13:51:19.377 [FXGL Background Thread 3 ] DEBUG Engine               - class com.almasb.fxgl.app.services.IOTaskExecutorService
13:51:19.377 [FXGL Background Thread 3 ] DEBUG Engine               - class com.almasb.fxgl.io.FileSystemService
13:51:19.377 [FXGL Background Thread 3 ] DEBUG Engine               - class com.almasb.fxgl.localization.LocalizationService
13:51:19.377 [FXGL Background Thread 3 ] DEBUG Engine               - class com.almasb.fxgl.app.services.SystemBundleService
13:51:19.377 [FXGL Background Thread 3 ] DEBUG Engine               - class com.almasb.fxgl.profile.SaveLoadService
13:51:19.377 [FXGL Background Thread 3 ] DEBUG Engine               - class com.almasb.fxgl.ui.FXGLUIFactoryServiceProvider
13:51:19.377 [FXGL Background Thread 3 ] DEBUG Engine               - class com.almasb.fxgl.ui.FXGLDialogFactoryServiceProvider
13:51:19.377 [FXGL Background Thread 3 ] DEBUG Engine               - class com.almasb.fxgl.audio.AudioPlayer
13:51:19.377 [FXGL Background Thread 3 ] DEBUG Engine               - class com.almasb.fxgl.notification.impl.NotificationServiceProvider
13:51:19.377 [FXGL Background Thread 3 ] DEBUG Engine               - class com.almasb.fxgl.achievement.AchievementService
13:51:19.377 [FXGL Background Thread 3 ] DEBUG Engine               - class com.almasb.fxgl.cutscene.CutsceneService
13:51:19.377 [FXGL Background Thread 3 ] DEBUG Engine               - class com.almasb.fxgl.minigames.MiniGameService
13:51:19.377 [FXGL Background Thread 3 ] DEBUG Engine               - class com.almasb.fxgl.net.NetService
13:51:19.377 [FXGL Background Thread 3 ] DEBUG Engine               - class com.almasb.fxgl.app.services.UpdaterService
13:51:19.377 [FXGL Background Thread 3 ] DEBUG Engine               - class com.almasb.fxgl.dev.DevService
13:51:24.769 [JavaFX Application Thread] DEBUG Menu                 - fireNewGame()
13:51:24.769 [JavaFX Application Thread] DEBUG GameApplicationServi - Starting new game
13:51:24.773 [JavaFX Application Thread] DEBUG PrimaryStageWindow   - Pop state: FXGLDefaultMenu
13:51:24.773 [JavaFX Application Thread] DEBUG Input                - Clearing active input actions
13:51:24.775 [JavaFX Application Thread] DEBUG GameApplicationServi - Removing overlay from FXGLDefaultMenu and adding to FXGLMainMenuDummyScene
13:51:24.776 [JavaFX Application Thread] DEBUG PrimaryStageWindow   - FXGLMainMenuDummyScene <- FXGLDefaultMenu
13:51:24.777 [JavaFX Application Thread] DEBUG Input                - Clearing active input actions
13:51:24.789 [JavaFX Application Thread] DEBUG GameApplicationServi - Removing overlay from FXGLMainMenuDummyScene and adding to FXGLLoadingScene
13:51:24.790 [JavaFX Application Thread] DEBUG PrimaryStageWindow   - FXGLMainMenuDummyScene -> FXGLLoadingScene
13:51:24.790 [JavaFX Application Thread] DEBUG GameApplicationServi - Clearing previous game
13:51:24.790 [JavaFX Application Thread] DEBUG GameScene            - Clearing game scene
13:51:24.790 [JavaFX Application Thread] DEBUG GameWorld            - Clearing game world
13:51:24.790 [JavaFX Application Thread] DEBUG PhysicsWorld         - Clearing physics world
13:51:24.793 [FXGL Background Thread 2 ] DEBUG FXGLApplication      - Initializing game
13:51:24.807 [FXGL Background Thread 2 ] DEBUG FXGLAssetLoaderServi - Loading from file system: file:/C:/Users/user/IdeaProjects/demo2/target/classes/assets/textures/playerSpriteSheet.png
13:51:24.856 [FXGL Background Thread 2 ] DEBUG FXGLAssetLoaderServi - Loading from file system: file:/C:/Users/user/IdeaProjects/demo2/target/classes/assets/textures/ground.png
13:51:24.858 [FXGL Background Thread 2 ] WARN  GameWorld            - Entity is already attached to world
13:51:24.859 [FXGL Background Thread 2 ] WARN  GameWorld            - Entity is already attached to world
13:51:24.860 [FXGL Background Thread 2 ] WARN  GameWorld            - Entity is already attached to world
13:51:24.861 [FXGL Background Thread 2 ] WARN  GameWorld            - Entity is already attached to world
13:51:24.862 [FXGL Background Thread 2 ] DEBUG FXGLAssetLoaderServi - Loading from file system: file:/C:/Users/user/IdeaProjects/demo2/target/classes/assets/textures/spikeup.png
13:51:24.864 [FXGL Background Thread 2 ] WARN  GameWorld            - Entity is already attached to world
13:51:24.865 [FXGL Background Thread 2 ] WARN  GameWorld            - Entity is already attached to world
13:51:24.866 [FXGL Background Thread 2 ] DEBUG FXGLAssetLoaderServi - Loading from file system: file:/C:/Users/user/IdeaProjects/demo2/target/classes/assets/textures/openmusic.png
13:51:24.869 [FXGL Background Thread 2 ] INFO  FXGLApplication      - Game initialization took: 0.077 sec
13:51:24.881 [JavaFX Application Thread] DEBUG Input                - Clearing active input actions
13:51:24.888 [JavaFX Application Thread] DEBUG GameApplicationServi - Removing overlay from FXGLLoadingScene and adding to GameScene
13:51:24.889 [JavaFX Application Thread] DEBUG PrimaryStageWindow   - FXGLLoadingScene -> GameScene
13:51:30.948 [JavaFX Application Thread] DEBUG FXGLApplication      - Exiting FXGL
13:51:30.949 [JavaFX Application Thread] DEBUG LoopRunner           - Stopping loop
13:51:30.949 [JavaFX Application Thread] DEBUG SystemBundleService  - Saving FXGL system data
13:51:30.950 [JavaFX Application Thread] DEBUG FileSystemAccess     - Writing to: C:\Users\user\IdeaProjects\demo2\system\fxgl.bundle
13:51:30.951 [JavaFX Application Thread] DEBUG Async                - Shutting down background threads
13:51:30.951 [JavaFX Application Thread] DEBUG PrimaryStageWindow   - Closing main window
13:51:30.984 [JavaFX Application Thread] DEBUG Logger               - Closing Logger
