09:23:15.393 [main                     ] DEBUG Logger               - Configured Logger
09:23:15.417 [main                     ] DEBUG GameApplication      - Logging settings
Title: I Wanna Be The CSer
Version: 0.1
Width: 800
Height: 608
Fullscreen: false
Intro: false
Profiling: false
Single step:false
App Mode: DEVELOPER
Menu Key: ESCAPE
Stage Style: DECORATED
Scene Factory: class com.almasb.fxgl.app.scene.SceneFactory

09:23:15.956 [JavaFX Application Thread] DEBUG FXGLApplication      - Initializing FXGL
09:23:15.960 [JavaFX Application Thread] INFO  Engine               - FXGL-17.3 (30.03.2023 11.49) on WINDOWS (J:21.0.5 FX:21)
09:23:15.960 [JavaFX Application Thread] DEBUG Engine               - JRE Vendor Name: Oracle Corporation
09:23:15.961 [JavaFX Application Thread] DEBUG Engine               - Running on OS: Windows 11 version 10.0
09:23:15.961 [JavaFX Application Thread] DEBUG Engine               - Architecture: amd64
09:23:15.961 [JavaFX Application Thread] INFO  Engine               - Source code and latest versions at: https://github.com/AlmasB/FXGL
09:23:15.961 [JavaFX Application Thread] INFO  Engine               -       Ask questions and discuss at: https://github.com/AlmasB/FXGL/discussions
09:23:15.961 [JavaFX Application Thread] INFO  Engine               -              Join the FXGL chat at: https://gitter.im/AlmasB/FXGL
09:23:16.076 [JavaFX Application Thread] DEBUG PrimaryStageWindow   - Creating a JavaFX scene
09:23:16.129 [JavaFX Application Thread] DEBUG PrimaryStageWindow   - Target settings size: 800.0 x 608.0
09:23:16.130 [JavaFX Application Thread] DEBUG PrimaryStageWindow   - Scaled scene size:    800.0 x 608.0
09:23:16.130 [JavaFX Application Thread] DEBUG PrimaryStageWindow   - Scaled ratio: (1.0, 1.0)
09:23:16.132 [JavaFX Application Thread] DEBUG PrimaryStageWindow   - Set initial scene to FXGLStartupScene
09:23:16.135 [JavaFX Application Thread] DEBUG PrimaryStageWindow   - Opening main window
09:23:16.267 [JavaFX Application Thread] DEBUG PrimaryStageWindow   - Window border size: (12.4444580078125, 35.111083984375)
09:23:16.267 [JavaFX Application Thread] DEBUG PrimaryStageWindow   - Scaled size: 800.0 x 608.0
09:23:16.268 [JavaFX Application Thread] DEBUG PrimaryStageWindow   - Scaled ratio: (1.0, 1.0)
09:23:16.268 [JavaFX Application Thread] DEBUG PrimaryStageWindow   - Scene size: 800.0 x 608.0
09:23:16.268 [JavaFX Application Thread] DEBUG PrimaryStageWindow   - Stage size: 812.4444580078125 x 643.111083984375
09:23:16.273 [FXGL Background Thread 1 ] DEBUG Engine               - Initializing environment variables
09:23:16.329 [FXGL Background Thread 1 ] DEBUG FXGLAssetLoaderServi - User app class for loading assets: class com.example.demo2.IWBTCSerApp
09:23:16.330 [FXGL Background Thread 1 ] DEBUG GameApplicationServi - Applying CSS: fxgl_dark.css
09:23:16.331 [FXGL Background Thread 1 ] DEBUG FXGLAssetLoaderServi - Loading from file system: jar:file:///C:/Users/user/.m2/repository/com/github/almasb/fxgl/17.3/fxgl-17.3.jar!/fxglassets/ui/css/fxgl_dark.css
09:23:16.379 [FXGL Background Thread 1 ] DEBUG GameApplicationServi - Initializing application scenes
09:23:16.485 [FXGL Background Thread 1 ] DEBUG GameWorld            - Game world initialized
09:23:16.551 [FXGL Background Thread 1 ] DEBUG PhysicsWorld         - Physics world initialized: appHeight=608, physics.ppm=50.0
09:23:16.552 [FXGL Background Thread 1 ] DEBUG PhysicsWorld         - Using strategy: BRUTE_FORCE
09:23:16.557 [FXGL Background Thread 1 ] DEBUG GameScene            - Game scene initialized: 800x608
09:23:16.579 [FXGL Background Thread 1 ] DEBUG FXGL.DefaultMenu     - createMenuBodyMainMenu()
09:23:16.598 [FXGL Background Thread 1 ] DEBUG FXGL.DefaultMenu     - createOptionsMenu()
09:23:16.612 [FXGL Background Thread 1 ] DEBUG FXGLAssetLoaderServi - Loading from file system: jar:file:///C:/Users/user/.m2/repository/com/github/almasb/fxgl/17.3/fxgl-17.3.jar!/fxglassets/textures/particles/smoke.png
09:23:16.792 [FXGL Background Thread 1 ] DEBUG FXGLAssetLoaderServi - Loading from file system: jar:file:///C:/Users/user/.m2/repository/com/github/almasb/fxgl/17.3/fxgl-17.3.jar!/fxglassets/textures/particles/trace_horizontal.png
09:23:16.837 [FXGL Background Thread 1 ] DEBUG FXGL.DefaultMenu     - createMenuBodyGameMenu()
09:23:16.840 [FXGL Background Thread 1 ] DEBUG FXGL.DefaultMenu     - createOptionsMenu()
09:23:16.858 [FXGL Background Thread 1 ] DEBUG GameApplicationServi - Application scenes initialized
09:23:16.888 [FXGL Background Thread 1 ] DEBUG SystemBundleService  - Loading FXGL system data
09:23:16.891 [FXGL Background Thread 1 ] DEBUG FileSystemAccess     - Reading from: C:\Users\user\IdeaProjects\demo2\system\fxgl.bundle
09:23:16.897 [FXGL Background Thread 1 ] DEBUG SystemBundleService  - Bundle FXGL: {}
09:23:16.897 [FXGL Background Thread 1 ] DEBUG UpdaterService       - Checking for updates
09:23:16.902 [FXGL Background Thread 4 ] DEBUG FXGLApplication      - Loading fonts
09:23:16.902 [FXGL Background Thread 1 ] DEBUG FXGLApplication      - Loading default localization
09:23:16.903 [FXGL Background Thread 4 ] DEBUG FXGLAssetLoaderServi - Loading from file system: jar:file:///C:/Users/user/.m2/repository/com/github/almasb/fxgl/17.3/fxgl-17.3.jar!/fxglassets/ui/fonts/VarelaRound-Regular.ttf
09:23:16.903 [FXGL Background Thread 1 ] DEBUG FXGLAssetLoaderServi - Loading from file system: jar:file:///C:/Users/user/.m2/repository/com/github/almasb/fxgl/17.3/fxgl-17.3.jar!/fxglassets/languages/english.lang
09:23:16.932 [FXGL Background Thread 4 ] DEBUG FXGLAssetLoaderServi - Loading from file system: jar:file:///C:/Users/user/.m2/repository/com/github/almasb/fxgl/17.3/fxgl-17.3.jar!/fxglassets/ui/fonts/Abel-Regular.ttf
09:23:16.950 [FXGL Background Thread 1 ] INFO  FXGLApplication      - FXGL initialization took: 0.676 sec
09:23:16.956 [FXGL Background Thread 4 ] DEBUG FXGLAssetLoaderServi - Loading from file system: jar:file:///C:/Users/user/.m2/repository/com/github/almasb/fxgl/17.3/fxgl-17.3.jar!/fxglassets/ui/fonts/TerminalLandMono-Regular.otf
09:23:16.972 [JavaFX Application Thread] DEBUG Input                - Registered new binding: Move Right - D
09:23:16.972 [JavaFX Application Thread] DEBUG Input                - Registered new binding: Move Left - A
09:23:16.973 [JavaFX Application Thread] DEBUG Input                - Registered new binding: Jump - Space
09:23:16.973 [JavaFX Application Thread] DEBUG Input                - Registered new binding: Respawn - R
09:23:16.974 [JavaFX Application Thread] DEBUG FXGLAssetLoaderServi - Loading from file system: file:/C:/Users/user/IdeaProjects/demo2/target/classes/assets/textures/cherry.png
09:23:16.974 [FXGL Background Thread 4 ] DEBUG FXGLAssetLoaderServi - Loading from file system: jar:file:///C:/Users/user/.m2/repository/com/github/almasb/fxgl/17.3/fxgl-17.3.jar!/fxglassets/ui/fonts/Courier-Prime.ttf
09:23:16.985 [JavaFX Application Thread] DEBUG FXGLAssetLoaderServi - Loading from file system: jar:file:///C:/Users/user/.m2/repository/com/github/almasb/fxgl/17.3/fxgl-17.3.jar!/fxglassets/textures/fxgl_default_cursor.png
09:23:16.991 [JavaFX Application Thread] DEBUG Input                - Registered new binding: Screenshot - CTRL+8
09:23:16.992 [JavaFX Application Thread] DEBUG Input                - Registered new binding: System info dump - CTRL+9
09:23:16.993 [JavaFX Application Thread] DEBUG Input                - Registered new binding: Restart - CTRL+R
09:23:16.995 [JavaFX Application Thread] DEBUG Input                - Registered new binding: Toggle Debug Camera - CTRL+7
09:23:16.999 [JavaFX Application Thread] DEBUG LoopRunner           - Starting loop
09:23:16.999 [JavaFX Application Thread] DEBUG LoopRunner           - Initializing JavaFX AnimationTimerLoop
09:23:17.003 [JavaFX Application Thread] DEBUG Input                - Clearing active input actions
09:23:17.013 [JavaFX Application Thread] DEBUG GameApplicationServi - Removing overlay from FXGLStartupScene and adding to FXGLMainMenuDummyScene
09:23:17.014 [JavaFX Application Thread] DEBUG PrimaryStageWindow   - FXGLStartupScene -> FXGLMainMenuDummyScene
09:23:17.014 [JavaFX Application Thread] DEBUG PrimaryStageWindow   - Push state: FXGLDefaultMenu
09:23:17.037 [JavaFX Application Thread] DEBUG Input                - Clearing active input actions
09:23:17.057 [JavaFX Application Thread] DEBUG GameApplicationServi - Removing overlay from FXGLMainMenuDummyScene and adding to FXGLDefaultMenu
09:23:17.058 [JavaFX Application Thread] DEBUG PrimaryStageWindow   - FXGLMainMenuDummyScene -> FXGLDefaultMenu
09:23:17.069 [JavaFX Application Thread] DEBUG FXGLApplication      - Registering font factories with UI factory
09:23:17.419 [FXGL Background Thread 2 ] WARN  UpdaterService       - Failed to find updates: javax.net.ssl.SSLHandshakeException: PKIX path building failed: sun.security.provider.certpath.SunCertPathBuilderException: unable to find valid certification path to requested target
09:23:19.901 [FXGL Background Thread 3 ] DEBUG Engine               - Logging environment variables
09:23:19.902 [FXGL Background Thread 3 ] DEBUG Engine               - achievements: []
09:23:19.902 [FXGL Background Thread 3 ] DEBUG Engine               - actualHeight: 608.0
09:23:19.902 [FXGL Background Thread 3 ] DEBUG Engine               - actualHeightProperty: ReadOnlyDoubleProperty [value: 608.0]
09:23:19.902 [FXGL Background Thread 3 ] DEBUG Engine               - actualWidth: 800.0
09:23:19.902 [FXGL Background Thread 3 ] DEBUG Engine               - actualWidthProperty: ReadOnlyDoubleProperty [value: 800.0]
09:23:19.903 [FXGL Background Thread 3 ] DEBUG Engine               - appIcon: cherry.png
09:23:19.903 [FXGL Background Thread 3 ] DEBUG Engine               - applicationMode: DEVELOPER
09:23:19.903 [FXGL Background Thread 3 ] DEBUG Engine               - cSSList: [fxgl_dark.css]
09:23:19.903 [FXGL Background Thread 3 ] DEBUG Engine               - collisionDetectionStrategy: BRUTE_FORCE
09:23:19.903 [FXGL Background Thread 3 ] DEBUG Engine               - configClass: Optional.empty
09:23:19.903 [FXGL Background Thread 3 ] DEBUG Engine               - credits: []
09:23:19.904 [FXGL Background Thread 3 ] DEBUG Engine               - defaultCursor: CursorInfo(imageName=fxgl_default_cursor.png, hotspotX=7.0, hotspotY=6.0)
09:23:19.904 [FXGL Background Thread 3 ] DEBUG Engine               - devBBoxColorProperty: ObjectProperty [value: 0xff0000ff]
09:23:19.904 [FXGL Background Thread 3 ] DEBUG Engine               - devEnableDebugCameraProperty: BooleanProperty [value: false]
09:23:19.905 [FXGL Background Thread 3 ] DEBUG Engine               - devSensorColorProperty: ObjectProperty [value: 0xffff00ff]
09:23:19.905 [FXGL Background Thread 3 ] DEBUG Engine               - devShowBBoxProperty: BooleanProperty [value: false]
09:23:19.905 [FXGL Background Thread 3 ] DEBUG Engine               - devShowPositionProperty: BooleanProperty [value: false]
09:23:19.905 [FXGL Background Thread 3 ] DEBUG Engine               - enabledMenuItems: []
09:23:19.905 [FXGL Background Thread 3 ] DEBUG Engine               - engineServices: [class com.almasb.fxgl.app.services.FXGLAssetLoaderService, class com.almasb.fxgl.app.FXGLApplication$GameApplicationService, class com.almasb.fxgl.app.services.FXGLDialogService, class com.almasb.fxgl.app.services.IOTaskExecutorService, class com.almasb.fxgl.io.FileSystemService, class com.almasb.fxgl.localization.LocalizationService, class com.almasb.fxgl.app.services.SystemBundleService, class com.almasb.fxgl.profile.SaveLoadService, class com.almasb.fxgl.ui.FXGLUIFactoryServiceProvider, class com.almasb.fxgl.ui.FXGLDialogFactoryServiceProvider, class com.almasb.fxgl.audio.AudioPlayer, class com.almasb.fxgl.notification.impl.NotificationServiceProvider, class com.almasb.fxgl.achievement.AchievementService, class com.almasb.fxgl.cutscene.CutsceneService, class com.almasb.fxgl.minigames.MiniGameService, class com.almasb.fxgl.net.NetService, class com.almasb.fxgl.app.services.UpdaterService, class com.almasb.fxgl.dev.DevService]
09:23:19.906 [FXGL Background Thread 3 ] DEBUG Engine               - fontGame: Abel-Regular.ttf
09:23:19.906 [FXGL Background Thread 3 ] DEBUG Engine               - fontMono: TerminalLandMono-Regular.otf
09:23:19.906 [FXGL Background Thread 3 ] DEBUG Engine               - fontSizeScaleUI: 1.0
09:23:19.906 [FXGL Background Thread 3 ] DEBUG Engine               - fontText: Courier-Prime.ttf
09:23:19.906 [FXGL Background Thread 3 ] DEBUG Engine               - fontUI: VarelaRound-Regular.ttf
09:23:19.906 [FXGL Background Thread 3 ] DEBUG Engine               - fullScreen: BooleanProperty [value: false]
09:23:19.906 [FXGL Background Thread 3 ] DEBUG Engine               - gameDifficulty: MEDIUM
09:23:19.906 [FXGL Background Thread 3 ] DEBUG Engine               - gameDifficultyProperty: ObjectProperty [value: MEDIUM]
09:23:19.906 [FXGL Background Thread 3 ] DEBUG Engine               - globalMusicVolume: 0.5
09:23:19.906 [FXGL Background Thread 3 ] DEBUG Engine               - globalMusicVolumeProperty: DoubleProperty [value: 0.5]
09:23:19.906 [FXGL Background Thread 3 ] DEBUG Engine               - globalSoundVolume: 0.5
09:23:19.906 [FXGL Background Thread 3 ] DEBUG Engine               - globalSoundVolumeProperty: DoubleProperty [value: 0.5]
09:23:19.906 [FXGL Background Thread 3 ] DEBUG Engine               - height: 608
09:23:19.906 [FXGL Background Thread 3 ] DEBUG Engine               - is3D: false
09:23:19.907 [FXGL Background Thread 3 ] DEBUG Engine               - isAndroid: false
09:23:19.907 [FXGL Background Thread 3 ] DEBUG Engine               - isBrowser: false
09:23:19.907 [FXGL Background Thread 3 ] DEBUG Engine               - isClickFeedbackEnabled: false
09:23:19.907 [FXGL Background Thread 3 ] DEBUG Engine               - isCloseConfirmation: false
09:23:19.907 [FXGL Background Thread 3 ] DEBUG Engine               - isDesktop: true
09:23:19.907 [FXGL Background Thread 3 ] DEBUG Engine               - isDeveloperMenuEnabled: false
09:23:19.907 [FXGL Background Thread 3 ] DEBUG Engine               - isEmbedded: false
09:23:19.907 [FXGL Background Thread 3 ] DEBUG Engine               - isEntityPreloadEnabled: true
09:23:19.907 [FXGL Background Thread 3 ] DEBUG Engine               - isExperimentalTiledLargeMap: false
09:23:19.907 [FXGL Background Thread 3 ] DEBUG Engine               - isFileSystemWriteAllowed: true
09:23:19.907 [FXGL Background Thread 3 ] DEBUG Engine               - isFullScreenAllowed: false
09:23:19.908 [FXGL Background Thread 3 ] DEBUG Engine               - isFullScreenFromStart: false
09:23:19.908 [FXGL Background Thread 3 ] DEBUG Engine               - isGameMenuEnabled: true
09:23:19.908 [FXGL Background Thread 3 ] DEBUG Engine               - isIOS: false
09:23:19.908 [FXGL Background Thread 3 ] DEBUG Engine               - isIntroEnabled: false
09:23:19.908 [FXGL Background Thread 3 ] DEBUG Engine               - isLinux: false
09:23:19.908 [FXGL Background Thread 3 ] DEBUG Engine               - isMac: false
09:23:19.908 [FXGL Background Thread 3 ] DEBUG Engine               - isMainMenuEnabled: true
09:23:19.908 [FXGL Background Thread 3 ] DEBUG Engine               - isManualResizeEnabled: false
09:23:19.908 [FXGL Background Thread 3 ] DEBUG Engine               - isMobile: false
09:23:19.908 [FXGL Background Thread 3 ] DEBUG Engine               - isNative: false
09:23:19.909 [FXGL Background Thread 3 ] DEBUG Engine               - isPauseMusicWhenMinimized: true
09:23:19.909 [FXGL Background Thread 3 ] DEBUG Engine               - isPreserveResizeRatio: false
09:23:19.909 [FXGL Background Thread 3 ] DEBUG Engine               - isProfilingEnabled: false
09:23:19.909 [FXGL Background Thread 3 ] DEBUG Engine               - isScaleAffectedOnResize: true
09:23:19.909 [FXGL Background Thread 3 ] DEBUG Engine               - isSingleStep: false
09:23:19.909 [FXGL Background Thread 3 ] DEBUG Engine               - isUserProfileEnabled: false
09:23:19.909 [FXGL Background Thread 3 ] DEBUG Engine               - isWindows: true
09:23:19.909 [FXGL Background Thread 3 ] DEBUG Engine               - language: ObjectProperty [value: ENGLISH]
09:23:19.909 [FXGL Background Thread 3 ] DEBUG Engine               - menuKey: ESCAPE
09:23:19.909 [FXGL Background Thread 3 ] DEBUG Engine               - mouseSensitivity: 0.2
09:23:19.910 [FXGL Background Thread 3 ] DEBUG Engine               - notificationViewClass: class com.almasb.fxgl.notification.view.XboxNotificationView
09:23:19.910 [FXGL Background Thread 3 ] DEBUG Engine               - pixelsPerMeter: 50.0
09:23:19.910 [FXGL Background Thread 3 ] DEBUG Engine               - platform: WINDOWS
09:23:19.910 [FXGL Background Thread 3 ] DEBUG Engine               - prefHeightProperty: ReadOnlyDoubleProperty [value: 608.0]
09:23:19.910 [FXGL Background Thread 3 ] DEBUG Engine               - prefWidthProperty: ReadOnlyDoubleProperty [value: 800.0]
09:23:19.910 [FXGL Background Thread 3 ] DEBUG Engine               - profileDir: profiles/
09:23:19.910 [FXGL Background Thread 3 ] DEBUG Engine               - profileName: StringProperty [value: DEFAULT]
09:23:19.910 [FXGL Background Thread 3 ] DEBUG Engine               - randomSeed: -1
09:23:19.911 [FXGL Background Thread 3 ] DEBUG Engine               - runtimeInfo: RuntimeInfo(platform=WINDOWS, version=17.3, build=30.03.2023 11.49)
09:23:19.911 [FXGL Background Thread 3 ] DEBUG Engine               - saveFileExt: sav
09:23:19.911 [FXGL Background Thread 3 ] DEBUG Engine               - scaledHeightProp$fxgl: DoubleProperty [bound, value: 608.0]
09:23:19.911 [FXGL Background Thread 3 ] DEBUG Engine               - scaledWidthProp$fxgl: DoubleProperty [bound, value: 800.0]
09:23:19.911 [FXGL Background Thread 3 ] DEBUG Engine               - sceneFactory: com.almasb.fxgl.app.scene.SceneFactory@107f4627
09:23:19.911 [FXGL Background Thread 3 ] DEBUG Engine               - secondsIn24h: 60
09:23:19.911 [FXGL Background Thread 3 ] DEBUG Engine               - soundMenuBack: menu/back.wav
09:23:19.911 [FXGL Background Thread 3 ] DEBUG Engine               - soundMenuPress: menu/press.wav
09:23:19.911 [FXGL Background Thread 3 ] DEBUG Engine               - soundMenuSelect: menu/select.wav
09:23:19.911 [FXGL Background Thread 3 ] DEBUG Engine               - soundNotification: core/notification.wav
09:23:19.911 [FXGL Background Thread 3 ] DEBUG Engine               - stageStyle: DECORATED
09:23:19.911 [FXGL Background Thread 3 ] DEBUG Engine               - supportedLanguages: [ENGLISH, FRENCH, GERMAN, HUNGARIAN, RUSSIAN]
09:23:19.911 [FXGL Background Thread 3 ] DEBUG Engine               - ticksPerSecond: -1
09:23:19.911 [FXGL Background Thread 3 ] DEBUG Engine               - title: I Wanna Be The CSer
09:23:19.911 [FXGL Background Thread 3 ] DEBUG Engine               - urlGithub: https://github.com/AlmasB/FXGL
09:23:19.911 [FXGL Background Thread 3 ] DEBUG Engine               - urlLeaderboard: http://fxgl-top.herokuapp.com/
09:23:19.911 [FXGL Background Thread 3 ] DEBUG Engine               - urlPOM: https://raw.githubusercontent.com/AlmasB/FXGL/release/README.md
09:23:19.911 [FXGL Background Thread 3 ] DEBUG Engine               - userAppClass: class com.example.demo2.IWBTCSerApp
09:23:19.911 [FXGL Background Thread 3 ] DEBUG Engine               - version: 0.1
09:23:19.912 [FXGL Background Thread 3 ] DEBUG Engine               - versionCheckDays: 7
09:23:19.912 [FXGL Background Thread 3 ] DEBUG Engine               - width: 800
09:23:19.912 [FXGL Background Thread 3 ] DEBUG Engine               - Logging services
09:23:19.912 [FXGL Background Thread 3 ] DEBUG Engine               - class com.almasb.fxgl.app.services.FXGLAssetLoaderService
09:23:19.912 [FXGL Background Thread 3 ] DEBUG Engine               - class com.almasb.fxgl.app.FXGLApplication$GameApplicationService
09:23:19.912 [FXGL Background Thread 3 ] DEBUG Engine               - class com.almasb.fxgl.app.services.FXGLDialogService
09:23:19.912 [FXGL Background Thread 3 ] DEBUG Engine               - class com.almasb.fxgl.app.services.IOTaskExecutorService
09:23:19.912 [FXGL Background Thread 3 ] DEBUG Engine               - class com.almasb.fxgl.io.FileSystemService
09:23:19.912 [FXGL Background Thread 3 ] DEBUG Engine               - class com.almasb.fxgl.localization.LocalizationService
09:23:19.912 [FXGL Background Thread 3 ] DEBUG Engine               - class com.almasb.fxgl.app.services.SystemBundleService
09:23:19.912 [FXGL Background Thread 3 ] DEBUG Engine               - class com.almasb.fxgl.profile.SaveLoadService
09:23:19.912 [FXGL Background Thread 3 ] DEBUG Engine               - class com.almasb.fxgl.ui.FXGLUIFactoryServiceProvider
09:23:19.912 [FXGL Background Thread 3 ] DEBUG Engine               - class com.almasb.fxgl.ui.FXGLDialogFactoryServiceProvider
09:23:19.912 [FXGL Background Thread 3 ] DEBUG Engine               - class com.almasb.fxgl.audio.AudioPlayer
09:23:19.912 [FXGL Background Thread 3 ] DEBUG Engine               - class com.almasb.fxgl.notification.impl.NotificationServiceProvider
09:23:19.912 [FXGL Background Thread 3 ] DEBUG Engine               - class com.almasb.fxgl.achievement.AchievementService
09:23:19.912 [FXGL Background Thread 3 ] DEBUG Engine               - class com.almasb.fxgl.cutscene.CutsceneService
09:23:19.912 [FXGL Background Thread 3 ] DEBUG Engine               - class com.almasb.fxgl.minigames.MiniGameService
09:23:19.912 [FXGL Background Thread 3 ] DEBUG Engine               - class com.almasb.fxgl.net.NetService
09:23:19.912 [FXGL Background Thread 3 ] DEBUG Engine               - class com.almasb.fxgl.app.services.UpdaterService
09:23:19.912 [FXGL Background Thread 3 ] DEBUG Engine               - class com.almasb.fxgl.dev.DevService
09:23:22.800 [JavaFX Application Thread] DEBUG Menu                 - fireNewGame()
09:23:22.801 [JavaFX Application Thread] DEBUG GameApplicationServi - Starting new game
09:23:22.803 [JavaFX Application Thread] DEBUG PrimaryStageWindow   - Pop state: FXGLDefaultMenu
09:23:22.803 [JavaFX Application Thread] DEBUG Input                - Clearing active input actions
09:23:22.804 [JavaFX Application Thread] DEBUG GameApplicationServi - Removing overlay from FXGLDefaultMenu and adding to FXGLMainMenuDummyScene
09:23:22.804 [JavaFX Application Thread] DEBUG PrimaryStageWindow   - FXGLMainMenuDummyScene <- FXGLDefaultMenu
09:23:22.804 [JavaFX Application Thread] DEBUG Input                - Clearing active input actions
09:23:22.813 [JavaFX Application Thread] DEBUG GameApplicationServi - Removing overlay from FXGLMainMenuDummyScene and adding to FXGLLoadingScene
09:23:22.813 [JavaFX Application Thread] DEBUG PrimaryStageWindow   - FXGLMainMenuDummyScene -> FXGLLoadingScene
09:23:22.813 [JavaFX Application Thread] DEBUG GameApplicationServi - Clearing previous game
09:23:22.813 [JavaFX Application Thread] DEBUG GameScene            - Clearing game scene
09:23:22.813 [JavaFX Application Thread] DEBUG GameWorld            - Clearing game world
09:23:22.813 [JavaFX Application Thread] DEBUG PhysicsWorld         - Clearing physics world
09:23:22.815 [FXGL Background Thread 2 ] DEBUG FXGLApplication      - Initializing game
09:23:22.829 [FXGL Background Thread 2 ] DEBUG FXGLAssetLoaderServi - Loading from file system: file:/C:/Users/user/IdeaProjects/demo2/target/classes/assets/textures/playerSpriteSheet.png
09:23:22.874 [FXGL Background Thread 2 ] DEBUG FXGLAssetLoaderServi - Loading from file system: file:/C:/Users/user/IdeaProjects/demo2/target/classes/assets/textures/ground.png
09:23:22.878 [FXGL Background Thread 2 ] WARN  GameWorld            - Entity is already attached to world
09:23:22.879 [FXGL Background Thread 2 ] WARN  GameWorld            - Entity is already attached to world
09:23:22.880 [FXGL Background Thread 2 ] WARN  GameWorld            - Entity is already attached to world
09:23:22.881 [FXGL Background Thread 2 ] WARN  GameWorld            - Entity is already attached to world
09:23:22.882 [FXGL Background Thread 2 ] DEBUG FXGLAssetLoaderServi - Loading from file system: file:/C:/Users/user/IdeaProjects/demo2/target/classes/assets/textures/spikeup.png
09:23:22.884 [FXGL Background Thread 2 ] WARN  GameWorld            - Entity is already attached to world
09:23:22.886 [FXGL Background Thread 2 ] DEBUG FXGLAssetLoaderServi - Loading from file system: file:/C:/Users/user/IdeaProjects/demo2/target/classes/assets/textures/openmusic.png
09:23:22.887 [FXGL Background Thread 2 ] INFO  FXGLApplication      - Game initialization took: 0.072 sec
09:23:22.896 [JavaFX Application Thread] DEBUG Input                - Clearing active input actions
09:23:22.904 [JavaFX Application Thread] DEBUG GameApplicationServi - Removing overlay from FXGLLoadingScene and adding to GameScene
09:23:22.904 [JavaFX Application Thread] DEBUG PrimaryStageWindow   - FXGLLoadingScene -> GameScene
09:23:26.163 [JavaFX Application Thread] DEBUG FXGLAssetLoaderServi - Loading from file system: file:/C:/Users/user/IdeaProjects/demo2/target/classes/assets/textures/gameover.png
09:23:26.177 [JavaFX Application Thread] DEBUG FXGLAssetLoaderServi - Loading from file system: file:/C:/Users/user/IdeaProjects/demo2/target/classes/assets/sounds/death.wav
09:23:30.698 [JavaFX Application Thread] DEBUG FXGLAssetLoaderServi - Loading from file system: file:/C:/Users/user/IdeaProjects/demo2/target/classes/assets/sounds/jump1.wav
09:40:18.401 [JavaFX Application Thread] DEBUG FXGLApplication      - Exiting FXGL
09:40:18.401 [JavaFX Application Thread] DEBUG LoopRunner           - Stopping loop
09:40:18.401 [JavaFX Application Thread] DEBUG SystemBundleService  - Saving FXGL system data
09:40:18.402 [JavaFX Application Thread] DEBUG FileSystemAccess     - Writing to: C:\Users\user\IdeaProjects\demo2\system\fxgl.bundle
09:40:18.403 [JavaFX Application Thread] DEBUG Async                - Shutting down background threads
09:40:18.404 [JavaFX Application Thread] DEBUG PrimaryStageWindow   - Closing main window
09:40:18.434 [JavaFX Application Thread] DEBUG Logger               - Closing Logger
