09:44:43.483 [main                     ] DEBUG Logger               - Configured Logger
09:44:43.519 [main                     ] DEBUG GameApplication      - Logging settings
Title: I Wanna Be The CSer
Version: 0.1
Width: 800
Height: 608
Fullscreen: false
Intro: false
Profiling: false
Single step:false
App Mode: DEVELOPER
Menu Key: ESCAPE
Stage Style: DECORATED
Scene Factory: class com.almasb.fxgl.app.scene.SceneFactory

09:44:44.224 [JavaFX Application Thread] DEBUG FXGLApplication      - Initializing FXGL
09:44:44.228 [JavaFX Application Thread] INFO  Engine               - FXGL-17.3 (30.03.2023 11.49) on WINDOWS (J:21.0.5 FX:21)
09:44:44.228 [JavaFX Application Thread] DEBUG Engine               - JRE Vendor Name: Oracle Corporation
09:44:44.228 [JavaFX Application Thread] DEBUG Engine               - Running on OS: Windows 11 version 10.0
09:44:44.229 [JavaFX Application Thread] DEBUG Engine               - Architecture: amd64
09:44:44.229 [JavaFX Application Thread] INFO  Engine               - Source code and latest versions at: https://github.com/AlmasB/FXGL
09:44:44.229 [JavaFX Application Thread] INFO  Engine               -       Ask questions and discuss at: https://github.com/AlmasB/FXGL/discussions
09:44:44.229 [JavaFX Application Thread] INFO  Engine               -              Join the FXGL chat at: https://gitter.im/AlmasB/FXGL
09:44:44.340 [JavaFX Application Thread] DEBUG PrimaryStageWindow   - Creating a JavaFX scene
09:44:44.419 [JavaFX Application Thread] DEBUG PrimaryStageWindow   - Target settings size: 800.0 x 608.0
09:44:44.419 [JavaFX Application Thread] DEBUG PrimaryStageWindow   - Scaled scene size:    800.0 x 608.0
09:44:44.420 [JavaFX Application Thread] DEBUG PrimaryStageWindow   - Scaled ratio: (1.0, 1.0)
09:44:44.421 [JavaFX Application Thread] DEBUG PrimaryStageWindow   - Set initial scene to FXGLStartupScene
09:44:44.423 [JavaFX Application Thread] DEBUG PrimaryStageWindow   - Opening main window
09:44:44.622 [JavaFX Application Thread] DEBUG PrimaryStageWindow   - Window border size: (12.4444580078125, 35.111083984375)
09:44:44.623 [JavaFX Application Thread] DEBUG PrimaryStageWindow   - Scaled size: 800.0 x 608.0
09:44:44.623 [JavaFX Application Thread] DEBUG PrimaryStageWindow   - Scaled ratio: (1.0, 1.0)
09:44:44.624 [JavaFX Application Thread] DEBUG PrimaryStageWindow   - Scene size: 800.0 x 608.0
09:44:44.624 [JavaFX Application Thread] DEBUG PrimaryStageWindow   - Stage size: 812.4444580078125 x 643.111083984375
09:44:44.634 [FXGL Background Thread 1 ] DEBUG Engine               - Initializing environment variables
09:44:44.685 [FXGL Background Thread 1 ] DEBUG FXGLAssetLoaderServi - User app class for loading assets: class com.example.demo2.IWBTCSerApp
09:44:44.686 [FXGL Background Thread 1 ] DEBUG GameApplicationServi - Applying CSS: fxgl_dark.css
09:44:44.687 [FXGL Background Thread 1 ] DEBUG FXGLAssetLoaderServi - Loading from file system: jar:file:///C:/Users/user/.m2/repository/com/github/almasb/fxgl/17.3/fxgl-17.3.jar!/fxglassets/ui/css/fxgl_dark.css
09:44:44.751 [FXGL Background Thread 1 ] DEBUG GameApplicationServi - Initializing application scenes
09:44:44.899 [FXGL Background Thread 1 ] DEBUG GameWorld            - Game world initialized
09:44:44.953 [FXGL Background Thread 1 ] DEBUG PhysicsWorld         - Physics world initialized: appHeight=608, physics.ppm=50.0
09:44:44.954 [FXGL Background Thread 1 ] DEBUG PhysicsWorld         - Using strategy: BRUTE_FORCE
09:44:44.959 [FXGL Background Thread 1 ] DEBUG GameScene            - Game scene initialized: 800x608
09:44:44.974 [FXGL Background Thread 1 ] DEBUG FXGL.DefaultMenu     - createMenuBodyMainMenu()
09:44:44.998 [FXGL Background Thread 1 ] DEBUG FXGL.DefaultMenu     - createOptionsMenu()
09:44:45.013 [FXGL Background Thread 1 ] DEBUG FXGLAssetLoaderServi - Loading from file system: jar:file:///C:/Users/user/.m2/repository/com/github/almasb/fxgl/17.3/fxgl-17.3.jar!/fxglassets/textures/particles/smoke.png
09:44:45.202 [FXGL Background Thread 1 ] DEBUG FXGLAssetLoaderServi - Loading from file system: jar:file:///C:/Users/user/.m2/repository/com/github/almasb/fxgl/17.3/fxgl-17.3.jar!/fxglassets/textures/particles/trace_horizontal.png
09:44:45.242 [FXGL Background Thread 1 ] DEBUG FXGL.DefaultMenu     - createMenuBodyGameMenu()
09:44:45.244 [FXGL Background Thread 1 ] DEBUG FXGL.DefaultMenu     - createOptionsMenu()
09:44:45.263 [FXGL Background Thread 1 ] DEBUG GameApplicationServi - Application scenes initialized
09:44:45.289 [FXGL Background Thread 1 ] DEBUG SystemBundleService  - Loading FXGL system data
09:44:45.291 [FXGL Background Thread 1 ] DEBUG FileSystemAccess     - Reading from: C:\Users\user\IdeaProjects\demo2\system\fxgl.bundle
09:44:45.295 [FXGL Background Thread 1 ] DEBUG SystemBundleService  - Bundle FXGL: {}
09:44:45.295 [FXGL Background Thread 1 ] DEBUG UpdaterService       - Checking for updates
09:44:45.299 [FXGL Background Thread 4 ] DEBUG FXGLApplication      - Loading fonts
09:44:45.300 [FXGL Background Thread 1 ] DEBUG FXGLApplication      - Loading default localization
09:44:45.300 [FXGL Background Thread 4 ] DEBUG FXGLAssetLoaderServi - Loading from file system: jar:file:///C:/Users/user/.m2/repository/com/github/almasb/fxgl/17.3/fxgl-17.3.jar!/fxglassets/ui/fonts/VarelaRound-Regular.ttf
09:44:45.301 [FXGL Background Thread 1 ] DEBUG FXGLAssetLoaderServi - Loading from file system: jar:file:///C:/Users/user/.m2/repository/com/github/almasb/fxgl/17.3/fxgl-17.3.jar!/fxglassets/languages/english.lang
09:44:45.329 [FXGL Background Thread 1 ] INFO  FXGLApplication      - FXGL initialization took: 0.695 sec
09:44:45.329 [FXGL Background Thread 4 ] DEBUG FXGLAssetLoaderServi - Loading from file system: jar:file:///C:/Users/user/.m2/repository/com/github/almasb/fxgl/17.3/fxgl-17.3.jar!/fxglassets/ui/fonts/Abel-Regular.ttf
09:44:45.342 [JavaFX Application Thread] DEBUG Input                - Registered new binding: Move Right - D
09:44:45.343 [JavaFX Application Thread] DEBUG Input                - Registered new binding: Move Left - A
09:44:45.343 [JavaFX Application Thread] DEBUG Input                - Registered new binding: Jump - Space
09:44:45.344 [JavaFX Application Thread] DEBUG Input                - Registered new binding: Respawn - R
09:44:45.345 [JavaFX Application Thread] DEBUG FXGLAssetLoaderServi - Loading from file system: file:/C:/Users/user/IdeaProjects/demo2/target/classes/assets/textures/cherry.png
09:44:45.348 [FXGL Background Thread 4 ] DEBUG FXGLAssetLoaderServi - Loading from file system: jar:file:///C:/Users/user/.m2/repository/com/github/almasb/fxgl/17.3/fxgl-17.3.jar!/fxglassets/ui/fonts/TerminalLandMono-Regular.otf
09:44:45.361 [JavaFX Application Thread] DEBUG FXGLAssetLoaderServi - Loading from file system: jar:file:///C:/Users/user/.m2/repository/com/github/almasb/fxgl/17.3/fxgl-17.3.jar!/fxglassets/textures/fxgl_default_cursor.png
09:44:45.368 [JavaFX Application Thread] DEBUG Input                - Registered new binding: Screenshot - CTRL+8
09:44:45.368 [JavaFX Application Thread] DEBUG Input                - Registered new binding: System info dump - CTRL+9
09:44:45.369 [JavaFX Application Thread] DEBUG Input                - Registered new binding: Restart - CTRL+R
09:44:45.369 [JavaFX Application Thread] DEBUG Input                - Registered new binding: Toggle Debug Camera - CTRL+7
09:44:45.370 [FXGL Background Thread 4 ] DEBUG FXGLAssetLoaderServi - Loading from file system: jar:file:///C:/Users/user/.m2/repository/com/github/almasb/fxgl/17.3/fxgl-17.3.jar!/fxglassets/ui/fonts/Courier-Prime.ttf
09:44:45.373 [JavaFX Application Thread] DEBUG LoopRunner           - Starting loop
09:44:45.373 [JavaFX Application Thread] DEBUG LoopRunner           - Initializing JavaFX AnimationTimerLoop
09:44:45.376 [JavaFX Application Thread] DEBUG Input                - Clearing active input actions
09:44:45.386 [JavaFX Application Thread] DEBUG GameApplicationServi - Removing overlay from FXGLStartupScene and adding to FXGLMainMenuDummyScene
09:44:45.387 [JavaFX Application Thread] DEBUG PrimaryStageWindow   - FXGLStartupScene -> FXGLMainMenuDummyScene
09:44:45.388 [JavaFX Application Thread] DEBUG PrimaryStageWindow   - Push state: FXGLDefaultMenu
09:44:45.398 [JavaFX Application Thread] DEBUG Input                - Clearing active input actions
09:44:45.407 [JavaFX Application Thread] DEBUG GameApplicationServi - Removing overlay from FXGLMainMenuDummyScene and adding to FXGLDefaultMenu
09:44:45.408 [JavaFX Application Thread] DEBUG PrimaryStageWindow   - FXGLMainMenuDummyScene -> FXGLDefaultMenu
09:44:45.526 [JavaFX Application Thread] DEBUG FXGLApplication      - Registering font factories with UI factory
09:44:45.863 [FXGL Background Thread 2 ] WARN  UpdaterService       - Failed to find updates: javax.net.ssl.SSLHandshakeException: PKIX path building failed: sun.security.provider.certpath.SunCertPathBuilderException: unable to find valid certification path to requested target
09:44:46.628 [JavaFX Application Thread] DEBUG Menu                 - fireNewGame()
09:44:46.628 [JavaFX Application Thread] DEBUG GameApplicationServi - Starting new game
09:44:46.630 [JavaFX Application Thread] DEBUG PrimaryStageWindow   - Pop state: FXGLDefaultMenu
09:44:46.630 [JavaFX Application Thread] DEBUG Input                - Clearing active input actions
09:44:46.632 [JavaFX Application Thread] DEBUG GameApplicationServi - Removing overlay from FXGLDefaultMenu and adding to FXGLMainMenuDummyScene
09:44:46.633 [JavaFX Application Thread] DEBUG PrimaryStageWindow   - FXGLMainMenuDummyScene <- FXGLDefaultMenu
09:44:46.633 [JavaFX Application Thread] DEBUG Input                - Clearing active input actions
09:44:46.649 [JavaFX Application Thread] DEBUG GameApplicationServi - Removing overlay from FXGLMainMenuDummyScene and adding to FXGLLoadingScene
09:44:46.649 [JavaFX Application Thread] DEBUG PrimaryStageWindow   - FXGLMainMenuDummyScene -> FXGLLoadingScene
09:44:46.649 [JavaFX Application Thread] DEBUG GameApplicationServi - Clearing previous game
09:44:46.649 [JavaFX Application Thread] DEBUG GameScene            - Clearing game scene
09:44:46.649 [JavaFX Application Thread] DEBUG GameWorld            - Clearing game world
09:44:46.649 [JavaFX Application Thread] DEBUG PhysicsWorld         - Clearing physics world
09:44:46.653 [FXGL Background Thread 2 ] DEBUG FXGLApplication      - Initializing game
09:44:46.673 [FXGL Background Thread 2 ] DEBUG FXGLAssetLoaderServi - Loading from file system: file:/C:/Users/user/IdeaProjects/demo2/target/classes/assets/textures/playerSpriteSheet.png
09:44:46.724 [FXGL Background Thread 2 ] DEBUG FXGLAssetLoaderServi - Loading from file system: file:/C:/Users/user/IdeaProjects/demo2/target/classes/assets/textures/ground.png
09:44:46.727 [FXGL Background Thread 2 ] WARN  GameWorld            - Entity is already attached to world
09:44:46.729 [FXGL Background Thread 2 ] WARN  GameWorld            - Entity is already attached to world
09:44:46.730 [FXGL Background Thread 2 ] WARN  GameWorld            - Entity is already attached to world
09:44:46.731 [FXGL Background Thread 2 ] WARN  GameWorld            - Entity is already attached to world
09:44:46.732 [FXGL Background Thread 2 ] DEBUG FXGLAssetLoaderServi - Loading from file system: file:/C:/Users/user/IdeaProjects/demo2/target/classes/assets/textures/spikeup.png
09:44:46.734 [FXGL Background Thread 2 ] WARN  GameWorld            - Entity is already attached to world
09:44:46.735 [FXGL Background Thread 2 ] DEBUG FXGLAssetLoaderServi - Loading from file system: file:/C:/Users/user/IdeaProjects/demo2/target/classes/assets/textures/openmusic.png
09:44:46.738 [FXGL Background Thread 2 ] INFO  FXGLApplication      - Game initialization took: 0.084 sec
09:44:46.739 [JavaFX Application Thread] DEBUG Input                - Clearing active input actions
09:44:46.749 [JavaFX Application Thread] DEBUG GameApplicationServi - Removing overlay from FXGLLoadingScene and adding to GameScene
09:44:46.750 [JavaFX Application Thread] DEBUG PrimaryStageWindow   - FXGLLoadingScene -> GameScene
09:44:48.299 [FXGL Background Thread 3 ] DEBUG Engine               - Logging environment variables
09:44:48.300 [FXGL Background Thread 3 ] DEBUG Engine               - achievements: []
09:44:48.300 [FXGL Background Thread 3 ] DEBUG Engine               - actualHeight: 608.0
09:44:48.300 [FXGL Background Thread 3 ] DEBUG Engine               - actualHeightProperty: ReadOnlyDoubleProperty [value: 608.0]
09:44:48.300 [FXGL Background Thread 3 ] DEBUG Engine               - actualWidth: 800.0
09:44:48.300 [FXGL Background Thread 3 ] DEBUG Engine               - actualWidthProperty: ReadOnlyDoubleProperty [value: 800.0]
09:44:48.300 [FXGL Background Thread 3 ] DEBUG Engine               - appIcon: cherry.png
09:44:48.300 [FXGL Background Thread 3 ] DEBUG Engine               - applicationMode: DEVELOPER
09:44:48.300 [FXGL Background Thread 3 ] DEBUG Engine               - cSSList: [fxgl_dark.css]
09:44:48.300 [FXGL Background Thread 3 ] DEBUG Engine               - collisionDetectionStrategy: BRUTE_FORCE
09:44:48.300 [FXGL Background Thread 3 ] DEBUG Engine               - configClass: Optional.empty
09:44:48.300 [FXGL Background Thread 3 ] DEBUG Engine               - credits: []
09:44:48.300 [FXGL Background Thread 3 ] DEBUG Engine               - defaultCursor: CursorInfo(imageName=fxgl_default_cursor.png, hotspotX=7.0, hotspotY=6.0)
09:44:48.300 [FXGL Background Thread 3 ] DEBUG Engine               - devBBoxColorProperty: ObjectProperty [value: 0xff0000ff]
09:44:48.301 [FXGL Background Thread 3 ] DEBUG Engine               - devEnableDebugCameraProperty: BooleanProperty [value: false]
09:44:48.301 [FXGL Background Thread 3 ] DEBUG Engine               - devSensorColorProperty: ObjectProperty [value: 0xffff00ff]
09:44:48.301 [FXGL Background Thread 3 ] DEBUG Engine               - devShowBBoxProperty: BooleanProperty [value: false]
09:44:48.301 [FXGL Background Thread 3 ] DEBUG Engine               - devShowPositionProperty: BooleanProperty [value: false]
09:44:48.301 [FXGL Background Thread 3 ] DEBUG Engine               - enabledMenuItems: []
09:44:48.301 [FXGL Background Thread 3 ] DEBUG Engine               - engineServices: [class com.almasb.fxgl.app.services.FXGLAssetLoaderService, class com.almasb.fxgl.app.FXGLApplication$GameApplicationService, class com.almasb.fxgl.app.services.FXGLDialogService, class com.almasb.fxgl.app.services.IOTaskExecutorService, class com.almasb.fxgl.io.FileSystemService, class com.almasb.fxgl.localization.LocalizationService, class com.almasb.fxgl.app.services.SystemBundleService, class com.almasb.fxgl.profile.SaveLoadService, class com.almasb.fxgl.ui.FXGLUIFactoryServiceProvider, class com.almasb.fxgl.ui.FXGLDialogFactoryServiceProvider, class com.almasb.fxgl.audio.AudioPlayer, class com.almasb.fxgl.notification.impl.NotificationServiceProvider, class com.almasb.fxgl.achievement.AchievementService, class com.almasb.fxgl.cutscene.CutsceneService, class com.almasb.fxgl.minigames.MiniGameService, class com.almasb.fxgl.net.NetService, class com.almasb.fxgl.app.services.UpdaterService, class com.almasb.fxgl.dev.DevService]
09:44:48.301 [FXGL Background Thread 3 ] DEBUG Engine               - fontGame: Abel-Regular.ttf
09:44:48.301 [FXGL Background Thread 3 ] DEBUG Engine               - fontMono: TerminalLandMono-Regular.otf
09:44:48.301 [FXGL Background Thread 3 ] DEBUG Engine               - fontSizeScaleUI: 1.0
09:44:48.301 [FXGL Background Thread 3 ] DEBUG Engine               - fontText: Courier-Prime.ttf
09:44:48.301 [FXGL Background Thread 3 ] DEBUG Engine               - fontUI: VarelaRound-Regular.ttf
09:44:48.301 [FXGL Background Thread 3 ] DEBUG Engine               - fullScreen: BooleanProperty [value: false]
09:44:48.301 [FXGL Background Thread 3 ] DEBUG Engine               - gameDifficulty: MEDIUM
09:44:48.301 [FXGL Background Thread 3 ] DEBUG Engine               - gameDifficultyProperty: ObjectProperty [value: MEDIUM]
09:44:48.302 [FXGL Background Thread 3 ] DEBUG Engine               - globalMusicVolume: 0.5
09:44:48.302 [FXGL Background Thread 3 ] DEBUG Engine               - globalMusicVolumeProperty: DoubleProperty [value: 0.5]
09:44:48.302 [FXGL Background Thread 3 ] DEBUG Engine               - globalSoundVolume: 0.5
09:44:48.302 [FXGL Background Thread 3 ] DEBUG Engine               - globalSoundVolumeProperty: DoubleProperty [value: 0.5]
09:44:48.302 [FXGL Background Thread 3 ] DEBUG Engine               - height: 608
09:44:48.302 [FXGL Background Thread 3 ] DEBUG Engine               - is3D: false
09:44:48.302 [FXGL Background Thread 3 ] DEBUG Engine               - isAndroid: false
09:44:48.303 [FXGL Background Thread 3 ] DEBUG Engine               - isBrowser: false
09:44:48.303 [FXGL Background Thread 3 ] DEBUG Engine               - isClickFeedbackEnabled: false
09:44:48.303 [FXGL Background Thread 3 ] DEBUG Engine               - isCloseConfirmation: false
09:44:48.303 [FXGL Background Thread 3 ] DEBUG Engine               - isDesktop: true
09:44:48.303 [FXGL Background Thread 3 ] DEBUG Engine               - isDeveloperMenuEnabled: false
09:44:48.303 [FXGL Background Thread 3 ] DEBUG Engine               - isEmbedded: false
09:44:48.303 [FXGL Background Thread 3 ] DEBUG Engine               - isEntityPreloadEnabled: true
09:44:48.303 [FXGL Background Thread 3 ] DEBUG Engine               - isExperimentalTiledLargeMap: false
09:44:48.303 [FXGL Background Thread 3 ] DEBUG Engine               - isFileSystemWriteAllowed: true
09:44:48.303 [FXGL Background Thread 3 ] DEBUG Engine               - isFullScreenAllowed: false
09:44:48.303 [FXGL Background Thread 3 ] DEBUG Engine               - isFullScreenFromStart: false
09:44:48.303 [FXGL Background Thread 3 ] DEBUG Engine               - isGameMenuEnabled: true
09:44:48.303 [FXGL Background Thread 3 ] DEBUG Engine               - isIOS: false
09:44:48.303 [FXGL Background Thread 3 ] DEBUG Engine               - isIntroEnabled: false
09:44:48.303 [FXGL Background Thread 3 ] DEBUG Engine               - isLinux: false
09:44:48.303 [FXGL Background Thread 3 ] DEBUG Engine               - isMac: false
09:44:48.303 [FXGL Background Thread 3 ] DEBUG Engine               - isMainMenuEnabled: true
09:44:48.303 [FXGL Background Thread 3 ] DEBUG Engine               - isManualResizeEnabled: false
09:44:48.303 [FXGL Background Thread 3 ] DEBUG Engine               - isMobile: false
09:44:48.303 [FXGL Background Thread 3 ] DEBUG Engine               - isNative: false
09:44:48.303 [FXGL Background Thread 3 ] DEBUG Engine               - isPauseMusicWhenMinimized: true
09:44:48.303 [FXGL Background Thread 3 ] DEBUG Engine               - isPreserveResizeRatio: false
09:44:48.303 [FXGL Background Thread 3 ] DEBUG Engine               - isProfilingEnabled: false
09:44:48.303 [FXGL Background Thread 3 ] DEBUG Engine               - isScaleAffectedOnResize: true
09:44:48.303 [FXGL Background Thread 3 ] DEBUG Engine               - isSingleStep: false
09:44:48.303 [FXGL Background Thread 3 ] DEBUG Engine               - isUserProfileEnabled: false
09:44:48.303 [FXGL Background Thread 3 ] DEBUG Engine               - isWindows: true
09:44:48.303 [FXGL Background Thread 3 ] DEBUG Engine               - language: ObjectProperty [value: ENGLISH]
09:44:48.303 [FXGL Background Thread 3 ] DEBUG Engine               - menuKey: ESCAPE
09:44:48.303 [FXGL Background Thread 3 ] DEBUG Engine               - mouseSensitivity: 0.2
09:44:48.303 [FXGL Background Thread 3 ] DEBUG Engine               - notificationViewClass: class com.almasb.fxgl.notification.view.XboxNotificationView
09:44:48.303 [FXGL Background Thread 3 ] DEBUG Engine               - pixelsPerMeter: 50.0
09:44:48.303 [FXGL Background Thread 3 ] DEBUG Engine               - platform: WINDOWS
09:44:48.303 [FXGL Background Thread 3 ] DEBUG Engine               - prefHeightProperty: ReadOnlyDoubleProperty [value: 608.0]
09:44:48.303 [FXGL Background Thread 3 ] DEBUG Engine               - prefWidthProperty: ReadOnlyDoubleProperty [value: 800.0]
09:44:48.303 [FXGL Background Thread 3 ] DEBUG Engine               - profileDir: profiles/
09:44:48.303 [FXGL Background Thread 3 ] DEBUG Engine               - profileName: StringProperty [value: DEFAULT]
09:44:48.303 [FXGL Background Thread 3 ] DEBUG Engine               - randomSeed: -1
09:44:48.303 [FXGL Background Thread 3 ] DEBUG Engine               - runtimeInfo: RuntimeInfo(platform=WINDOWS, version=17.3, build=30.03.2023 11.49)
09:44:48.304 [FXGL Background Thread 3 ] DEBUG Engine               - saveFileExt: sav
09:44:48.304 [FXGL Background Thread 3 ] DEBUG Engine               - scaledHeightProp$fxgl: DoubleProperty [bound, value: 608.0]
09:44:48.304 [FXGL Background Thread 3 ] DEBUG Engine               - scaledWidthProp$fxgl: DoubleProperty [bound, value: 800.0]
09:44:48.304 [FXGL Background Thread 3 ] DEBUG Engine               - sceneFactory: com.almasb.fxgl.app.scene.SceneFactory@423a4fdb
09:44:48.304 [FXGL Background Thread 3 ] DEBUG Engine               - secondsIn24h: 60
09:44:48.304 [FXGL Background Thread 3 ] DEBUG Engine               - soundMenuBack: menu/back.wav
09:44:48.304 [FXGL Background Thread 3 ] DEBUG Engine               - soundMenuPress: menu/press.wav
09:44:48.304 [FXGL Background Thread 3 ] DEBUG Engine               - soundMenuSelect: menu/select.wav
09:44:48.304 [FXGL Background Thread 3 ] DEBUG Engine               - soundNotification: core/notification.wav
09:44:48.304 [FXGL Background Thread 3 ] DEBUG Engine               - stageStyle: DECORATED
09:44:48.304 [FXGL Background Thread 3 ] DEBUG Engine               - supportedLanguages: [ENGLISH, FRENCH, GERMAN, HUNGARIAN, RUSSIAN]
09:44:48.304 [FXGL Background Thread 3 ] DEBUG Engine               - ticksPerSecond: -1
09:44:48.304 [FXGL Background Thread 3 ] DEBUG Engine               - title: I Wanna Be The CSer
09:44:48.304 [FXGL Background Thread 3 ] DEBUG Engine               - urlGithub: https://github.com/AlmasB/FXGL
09:44:48.304 [FXGL Background Thread 3 ] DEBUG Engine               - urlLeaderboard: http://fxgl-top.herokuapp.com/
09:44:48.304 [FXGL Background Thread 3 ] DEBUG Engine               - urlPOM: https://raw.githubusercontent.com/AlmasB/FXGL/release/README.md
09:44:48.304 [FXGL Background Thread 3 ] DEBUG Engine               - userAppClass: class com.example.demo2.IWBTCSerApp
09:44:48.304 [FXGL Background Thread 3 ] DEBUG Engine               - version: 0.1
09:44:48.304 [FXGL Background Thread 3 ] DEBUG Engine               - versionCheckDays: 7
09:44:48.304 [FXGL Background Thread 3 ] DEBUG Engine               - width: 800
09:44:48.304 [FXGL Background Thread 3 ] DEBUG Engine               - Logging services
09:44:48.304 [FXGL Background Thread 3 ] DEBUG Engine               - class com.almasb.fxgl.app.services.FXGLAssetLoaderService
09:44:48.304 [FXGL Background Thread 3 ] DEBUG Engine               - class com.almasb.fxgl.app.FXGLApplication$GameApplicationService
09:44:48.304 [FXGL Background Thread 3 ] DEBUG Engine               - class com.almasb.fxgl.app.services.FXGLDialogService
09:44:48.304 [FXGL Background Thread 3 ] DEBUG Engine               - class com.almasb.fxgl.app.services.IOTaskExecutorService
09:44:48.304 [FXGL Background Thread 3 ] DEBUG Engine               - class com.almasb.fxgl.io.FileSystemService
09:44:48.304 [FXGL Background Thread 3 ] DEBUG Engine               - class com.almasb.fxgl.localization.LocalizationService
09:44:48.304 [FXGL Background Thread 3 ] DEBUG Engine               - class com.almasb.fxgl.app.services.SystemBundleService
09:44:48.304 [FXGL Background Thread 3 ] DEBUG Engine               - class com.almasb.fxgl.profile.SaveLoadService
09:44:48.304 [FXGL Background Thread 3 ] DEBUG Engine               - class com.almasb.fxgl.ui.FXGLUIFactoryServiceProvider
09:44:48.304 [FXGL Background Thread 3 ] DEBUG Engine               - class com.almasb.fxgl.ui.FXGLDialogFactoryServiceProvider
09:44:48.305 [FXGL Background Thread 3 ] DEBUG Engine               - class com.almasb.fxgl.audio.AudioPlayer
09:44:48.305 [FXGL Background Thread 3 ] DEBUG Engine               - class com.almasb.fxgl.notification.impl.NotificationServiceProvider
09:44:48.305 [FXGL Background Thread 3 ] DEBUG Engine               - class com.almasb.fxgl.achievement.AchievementService
09:44:48.305 [FXGL Background Thread 3 ] DEBUG Engine               - class com.almasb.fxgl.cutscene.CutsceneService
09:44:48.305 [FXGL Background Thread 3 ] DEBUG Engine               - class com.almasb.fxgl.minigames.MiniGameService
09:44:48.305 [FXGL Background Thread 3 ] DEBUG Engine               - class com.almasb.fxgl.net.NetService
09:44:48.305 [FXGL Background Thread 3 ] DEBUG Engine               - class com.almasb.fxgl.app.services.UpdaterService
09:44:48.305 [FXGL Background Thread 3 ] DEBUG Engine               - class com.almasb.fxgl.dev.DevService
09:44:49.109 [JavaFX Application Thread] DEBUG FXGLAssetLoaderServi - Loading from file system: file:/C:/Users/user/IdeaProjects/demo2/target/classes/assets/textures/gameover.png
09:44:49.121 [JavaFX Application Thread] DEBUG FXGLAssetLoaderServi - Loading from file system: file:/C:/Users/user/IdeaProjects/demo2/target/classes/assets/sounds/death.wav
09:44:52.749 [JavaFX Application Thread] DEBUG FXGLAssetLoaderServi - Loading from file system: file:/C:/Users/user/IdeaProjects/demo2/target/classes/assets/sounds/jump2.wav
09:44:57.707 [JavaFX Application Thread] DEBUG FXGLApplication      - Exiting FXGL
09:44:57.707 [JavaFX Application Thread] DEBUG LoopRunner           - Stopping loop
09:44:57.707 [JavaFX Application Thread] DEBUG SystemBundleService  - Saving FXGL system data
09:44:57.708 [JavaFX Application Thread] DEBUG FileSystemAccess     - Writing to: C:\Users\user\IdeaProjects\demo2\system\fxgl.bundle
09:44:57.709 [JavaFX Application Thread] DEBUG Async                - Shutting down background threads
09:44:57.709 [JavaFX Application Thread] DEBUG PrimaryStageWindow   - Closing main window
09:44:57.734 [JavaFX Application Thread] DEBUG Logger               - Closing Logger
