10:02:11.392 [main                     ] DEBUG Logger               - Configured Logger
10:02:11.427 [main                     ] DEBUG GameApplication      - Logging settings
Title: I Wanna Be The CSer
Version: 0.1
Width: 800
Height: 608
Fullscreen: false
Intro: false
Profiling: false
Single step:false
App Mode: DEVELOPER
Menu Key: ESCAPE
Stage Style: DECORATED
Scene Factory: class com.almasb.fxgl.app.scene.SceneFactory

10:02:11.999 [JavaFX Application Thread] DEBUG FXGLApplication      - Initializing FXGL
10:02:12.003 [JavaFX Application Thread] INFO  Engine               - FXGL-17.3 (30.03.2023 11.49) on WINDOWS (J:21.0.5 FX:21)
10:02:12.003 [JavaFX Application Thread] DEBUG Engine               - JRE Vendor Name: Oracle Corporation
10:02:12.004 [JavaFX Application Thread] DEBUG Engine               - Running on OS: Windows 11 version 10.0
10:02:12.004 [JavaFX Application Thread] DEBUG Engine               - Architecture: amd64
10:02:12.004 [JavaFX Application Thread] INFO  Engine               - Source code and latest versions at: https://github.com/AlmasB/FXGL
10:02:12.004 [JavaFX Application Thread] INFO  Engine               -       Ask questions and discuss at: https://github.com/AlmasB/FXGL/discussions
10:02:12.005 [JavaFX Application Thread] INFO  Engine               -              Join the FXGL chat at: https://gitter.im/AlmasB/FXGL
10:02:12.123 [JavaFX Application Thread] DEBUG PrimaryStageWindow   - Creating a JavaFX scene
10:02:12.181 [JavaFX Application Thread] DEBUG PrimaryStageWindow   - Target settings size: 800.0 x 608.0
10:02:12.181 [JavaFX Application Thread] DEBUG PrimaryStageWindow   - Scaled scene size:    800.0 x 608.0
10:02:12.181 [JavaFX Application Thread] DEBUG PrimaryStageWindow   - Scaled ratio: (1.0, 1.0)
10:02:12.183 [JavaFX Application Thread] DEBUG PrimaryStageWindow   - Set initial scene to FXGLStartupScene
10:02:12.187 [JavaFX Application Thread] DEBUG PrimaryStageWindow   - Opening main window
10:02:12.330 [JavaFX Application Thread] DEBUG PrimaryStageWindow   - Window border size: (12.4444580078125, 35.111083984375)
10:02:12.331 [JavaFX Application Thread] DEBUG PrimaryStageWindow   - Scaled size: 800.0 x 608.0
10:02:12.331 [JavaFX Application Thread] DEBUG PrimaryStageWindow   - Scaled ratio: (1.0, 1.0)
10:02:12.331 [JavaFX Application Thread] DEBUG PrimaryStageWindow   - Scene size: 800.0 x 608.0
10:02:12.332 [JavaFX Application Thread] DEBUG PrimaryStageWindow   - Stage size: 812.4444580078125 x 643.111083984375
10:02:12.338 [FXGL Background Thread 1 ] DEBUG Engine               - Initializing environment variables
10:02:12.388 [FXGL Background Thread 1 ] DEBUG FXGLAssetLoaderServi - User app class for loading assets: class com.example.demo2.IWBTCSerApp
10:02:12.388 [FXGL Background Thread 1 ] DEBUG GameApplicationServi - Applying CSS: fxgl_dark.css
10:02:12.389 [FXGL Background Thread 1 ] DEBUG FXGLAssetLoaderServi - Loading from file system: jar:file:///C:/Users/user/.m2/repository/com/github/almasb/fxgl/17.3/fxgl-17.3.jar!/fxglassets/ui/css/fxgl_dark.css
10:02:12.443 [FXGL Background Thread 1 ] DEBUG GameApplicationServi - Initializing application scenes
10:02:12.538 [FXGL Background Thread 1 ] DEBUG GameWorld            - Game world initialized
10:02:12.609 [FXGL Background Thread 1 ] DEBUG PhysicsWorld         - Physics world initialized: appHeight=608, physics.ppm=50.0
10:02:12.610 [FXGL Background Thread 1 ] DEBUG PhysicsWorld         - Using strategy: BRUTE_FORCE
10:02:12.617 [FXGL Background Thread 1 ] DEBUG GameScene            - Game scene initialized: 800x608
10:02:12.649 [FXGL Background Thread 1 ] DEBUG FXGL.DefaultMenu     - createMenuBodyMainMenu()
10:02:12.668 [FXGL Background Thread 1 ] DEBUG FXGL.DefaultMenu     - createOptionsMenu()
10:02:12.682 [FXGL Background Thread 1 ] DEBUG FXGLAssetLoaderServi - Loading from file system: jar:file:///C:/Users/user/.m2/repository/com/github/almasb/fxgl/17.3/fxgl-17.3.jar!/fxglassets/textures/particles/smoke.png
10:02:12.863 [FXGL Background Thread 1 ] DEBUG FXGLAssetLoaderServi - Loading from file system: jar:file:///C:/Users/user/.m2/repository/com/github/almasb/fxgl/17.3/fxgl-17.3.jar!/fxglassets/textures/particles/trace_horizontal.png
10:02:12.906 [FXGL Background Thread 1 ] DEBUG FXGL.DefaultMenu     - createMenuBodyGameMenu()
10:02:12.908 [FXGL Background Thread 1 ] DEBUG FXGL.DefaultMenu     - createOptionsMenu()
10:02:12.928 [FXGL Background Thread 1 ] DEBUG GameApplicationServi - Application scenes initialized
10:02:12.959 [FXGL Background Thread 1 ] DEBUG SystemBundleService  - Loading FXGL system data
10:02:12.961 [FXGL Background Thread 1 ] DEBUG FileSystemAccess     - Reading from: C:\Users\user\IdeaProjects\demo2\system\fxgl.bundle
10:02:12.965 [FXGL Background Thread 1 ] DEBUG SystemBundleService  - Bundle FXGL: {}
10:02:12.966 [FXGL Background Thread 1 ] DEBUG UpdaterService       - Checking for updates
10:02:12.970 [FXGL Background Thread 4 ] DEBUG FXGLApplication      - Loading fonts
10:02:12.971 [FXGL Background Thread 1 ] DEBUG FXGLApplication      - Loading default localization
10:02:12.971 [FXGL Background Thread 4 ] DEBUG FXGLAssetLoaderServi - Loading from file system: jar:file:///C:/Users/user/.m2/repository/com/github/almasb/fxgl/17.3/fxgl-17.3.jar!/fxglassets/ui/fonts/VarelaRound-Regular.ttf
10:02:12.971 [FXGL Background Thread 1 ] DEBUG FXGLAssetLoaderServi - Loading from file system: jar:file:///C:/Users/user/.m2/repository/com/github/almasb/fxgl/17.3/fxgl-17.3.jar!/fxglassets/languages/english.lang
10:02:13.000 [FXGL Background Thread 4 ] DEBUG FXGLAssetLoaderServi - Loading from file system: jar:file:///C:/Users/user/.m2/repository/com/github/almasb/fxgl/17.3/fxgl-17.3.jar!/fxglassets/ui/fonts/Abel-Regular.ttf
10:02:13.019 [FXGL Background Thread 4 ] DEBUG FXGLAssetLoaderServi - Loading from file system: jar:file:///C:/Users/user/.m2/repository/com/github/almasb/fxgl/17.3/fxgl-17.3.jar!/fxglassets/ui/fonts/TerminalLandMono-Regular.otf
10:02:13.027 [FXGL Background Thread 1 ] INFO  FXGLApplication      - FXGL initialization took: 0.690 sec
10:02:13.038 [FXGL Background Thread 4 ] DEBUG FXGLAssetLoaderServi - Loading from file system: jar:file:///C:/Users/user/.m2/repository/com/github/almasb/fxgl/17.3/fxgl-17.3.jar!/fxglassets/ui/fonts/Courier-Prime.ttf
10:02:13.046 [JavaFX Application Thread] DEBUG Input                - Registered new binding: Move Right - D
10:02:13.046 [JavaFX Application Thread] DEBUG Input                - Registered new binding: Move Left - A
10:02:13.046 [JavaFX Application Thread] DEBUG Input                - Registered new binding: Jump - Space
10:02:13.047 [JavaFX Application Thread] DEBUG Input                - Registered new binding: Respawn - R
10:02:13.047 [JavaFX Application Thread] DEBUG FXGLAssetLoaderServi - Loading from file system: file:/C:/Users/user/IdeaProjects/demo2/target/classes/assets/textures/cherry.png
10:02:13.055 [JavaFX Application Thread] DEBUG FXGLAssetLoaderServi - Loading from file system: jar:file:///C:/Users/user/.m2/repository/com/github/almasb/fxgl/17.3/fxgl-17.3.jar!/fxglassets/textures/fxgl_default_cursor.png
10:02:13.059 [JavaFX Application Thread] DEBUG Input                - Registered new binding: Screenshot - CTRL+8
10:02:13.060 [JavaFX Application Thread] DEBUG Input                - Registered new binding: System info dump - CTRL+9
10:02:13.061 [JavaFX Application Thread] DEBUG Input                - Registered new binding: Restart - CTRL+R
10:02:13.062 [JavaFX Application Thread] DEBUG Input                - Registered new binding: Toggle Debug Camera - CTRL+7
10:02:13.071 [JavaFX Application Thread] DEBUG LoopRunner           - Starting loop
10:02:13.071 [JavaFX Application Thread] DEBUG LoopRunner           - Initializing JavaFX AnimationTimerLoop
10:02:13.076 [JavaFX Application Thread] DEBUG Input                - Clearing active input actions
10:02:13.085 [JavaFX Application Thread] DEBUG GameApplicationServi - Removing overlay from FXGLStartupScene and adding to FXGLMainMenuDummyScene
10:02:13.086 [JavaFX Application Thread] DEBUG PrimaryStageWindow   - FXGLStartupScene -> FXGLMainMenuDummyScene
10:02:13.086 [JavaFX Application Thread] DEBUG PrimaryStageWindow   - Push state: FXGLDefaultMenu
10:02:13.104 [JavaFX Application Thread] DEBUG Input                - Clearing active input actions
10:02:13.113 [JavaFX Application Thread] DEBUG GameApplicationServi - Removing overlay from FXGLMainMenuDummyScene and adding to FXGLDefaultMenu
10:02:13.115 [JavaFX Application Thread] DEBUG PrimaryStageWindow   - FXGLMainMenuDummyScene -> FXGLDefaultMenu
10:02:13.126 [JavaFX Application Thread] DEBUG FXGLApplication      - Registering font factories with UI factory
10:02:13.444 [FXGL Background Thread 2 ] WARN  UpdaterService       - Failed to find updates: javax.net.ssl.SSLHandshakeException: PKIX path building failed: sun.security.provider.certpath.SunCertPathBuilderException: unable to find valid certification path to requested target
10:02:14.933 [JavaFX Application Thread] DEBUG Menu                 - fireNewGame()
10:02:14.934 [JavaFX Application Thread] DEBUG GameApplicationServi - Starting new game
10:02:14.935 [JavaFX Application Thread] DEBUG PrimaryStageWindow   - Pop state: FXGLDefaultMenu
10:02:14.935 [JavaFX Application Thread] DEBUG Input                - Clearing active input actions
10:02:14.938 [JavaFX Application Thread] DEBUG GameApplicationServi - Removing overlay from FXGLDefaultMenu and adding to FXGLMainMenuDummyScene
10:02:14.939 [JavaFX Application Thread] DEBUG PrimaryStageWindow   - FXGLMainMenuDummyScene <- FXGLDefaultMenu
10:02:14.940 [JavaFX Application Thread] DEBUG Input                - Clearing active input actions
10:02:14.964 [JavaFX Application Thread] DEBUG GameApplicationServi - Removing overlay from FXGLMainMenuDummyScene and adding to FXGLLoadingScene
10:02:14.965 [JavaFX Application Thread] DEBUG PrimaryStageWindow   - FXGLMainMenuDummyScene -> FXGLLoadingScene
10:02:14.965 [JavaFX Application Thread] DEBUG GameApplicationServi - Clearing previous game
10:02:14.965 [JavaFX Application Thread] DEBUG GameScene            - Clearing game scene
10:02:14.965 [JavaFX Application Thread] DEBUG GameWorld            - Clearing game world
10:02:14.965 [JavaFX Application Thread] DEBUG PhysicsWorld         - Clearing physics world
10:02:14.971 [FXGL Background Thread 2 ] DEBUG FXGLApplication      - Initializing game
10:02:15.009 [FXGL Background Thread 2 ] DEBUG FXGLAssetLoaderServi - Loading from file system: file:/C:/Users/user/IdeaProjects/demo2/target/classes/assets/textures/playerSpriteSheet.png
10:02:15.047 [FXGL Background Thread 2 ] DEBUG FXGLAssetLoaderServi - Loading from file system: file:/C:/Users/user/IdeaProjects/demo2/target/classes/assets/textures/ground.png
10:02:15.051 [FXGL Background Thread 2 ] WARN  GameWorld            - Entity is already attached to world
10:02:15.053 [FXGL Background Thread 2 ] WARN  GameWorld            - Entity is already attached to world
10:02:15.054 [FXGL Background Thread 2 ] WARN  GameWorld            - Entity is already attached to world
10:02:15.055 [FXGL Background Thread 2 ] WARN  GameWorld            - Entity is already attached to world
10:02:15.057 [FXGL Background Thread 2 ] DEBUG FXGLAssetLoaderServi - Loading from file system: file:/C:/Users/user/IdeaProjects/demo2/target/classes/assets/textures/spikeup.png
10:02:15.059 [FXGL Background Thread 2 ] WARN  GameWorld            - Entity is already attached to world
10:02:15.060 [FXGL Background Thread 2 ] DEBUG FXGLAssetLoaderServi - Loading from file system: file:/C:/Users/user/IdeaProjects/demo2/target/classes/assets/textures/openmusic.png
10:02:15.062 [FXGL Background Thread 2 ] INFO  FXGLApplication      - Game initialization took: 0.091 sec
10:02:15.064 [JavaFX Application Thread] DEBUG Input                - Clearing active input actions
10:02:15.076 [JavaFX Application Thread] DEBUG GameApplicationServi - Removing overlay from FXGLLoadingScene and adding to GameScene
10:02:15.076 [JavaFX Application Thread] DEBUG PrimaryStageWindow   - FXGLLoadingScene -> GameScene
10:02:15.970 [FXGL Background Thread 3 ] DEBUG Engine               - Logging environment variables
10:02:15.970 [FXGL Background Thread 3 ] DEBUG Engine               - achievements: []
10:02:15.971 [FXGL Background Thread 3 ] DEBUG Engine               - actualHeight: 608.0
10:02:15.971 [FXGL Background Thread 3 ] DEBUG Engine               - actualHeightProperty: ReadOnlyDoubleProperty [value: 608.0]
10:02:15.971 [FXGL Background Thread 3 ] DEBUG Engine               - actualWidth: 800.0
10:02:15.971 [FXGL Background Thread 3 ] DEBUG Engine               - actualWidthProperty: ReadOnlyDoubleProperty [value: 800.0]
10:02:15.971 [FXGL Background Thread 3 ] DEBUG Engine               - appIcon: cherry.png
10:02:15.971 [FXGL Background Thread 3 ] DEBUG Engine               - applicationMode: DEVELOPER
10:02:15.971 [FXGL Background Thread 3 ] DEBUG Engine               - cSSList: [fxgl_dark.css]
10:02:15.971 [FXGL Background Thread 3 ] DEBUG Engine               - collisionDetectionStrategy: BRUTE_FORCE
10:02:15.971 [FXGL Background Thread 3 ] DEBUG Engine               - configClass: Optional.empty
10:02:15.971 [FXGL Background Thread 3 ] DEBUG Engine               - credits: []
10:02:15.971 [FXGL Background Thread 3 ] DEBUG Engine               - defaultCursor: CursorInfo(imageName=fxgl_default_cursor.png, hotspotX=7.0, hotspotY=6.0)
10:02:15.971 [FXGL Background Thread 3 ] DEBUG Engine               - devBBoxColorProperty: ObjectProperty [value: 0xff0000ff]
10:02:15.972 [FXGL Background Thread 3 ] DEBUG Engine               - devEnableDebugCameraProperty: BooleanProperty [value: false]
10:02:15.972 [FXGL Background Thread 3 ] DEBUG Engine               - devSensorColorProperty: ObjectProperty [value: 0xffff00ff]
10:02:15.972 [FXGL Background Thread 3 ] DEBUG Engine               - devShowBBoxProperty: BooleanProperty [value: false]
10:02:15.972 [FXGL Background Thread 3 ] DEBUG Engine               - devShowPositionProperty: BooleanProperty [value: false]
10:02:15.972 [FXGL Background Thread 3 ] DEBUG Engine               - enabledMenuItems: []
10:02:15.972 [FXGL Background Thread 3 ] DEBUG Engine               - engineServices: [class com.almasb.fxgl.app.services.FXGLAssetLoaderService, class com.almasb.fxgl.app.FXGLApplication$GameApplicationService, class com.almasb.fxgl.app.services.FXGLDialogService, class com.almasb.fxgl.app.services.IOTaskExecutorService, class com.almasb.fxgl.io.FileSystemService, class com.almasb.fxgl.localization.LocalizationService, class com.almasb.fxgl.app.services.SystemBundleService, class com.almasb.fxgl.profile.SaveLoadService, class com.almasb.fxgl.ui.FXGLUIFactoryServiceProvider, class com.almasb.fxgl.ui.FXGLDialogFactoryServiceProvider, class com.almasb.fxgl.audio.AudioPlayer, class com.almasb.fxgl.notification.impl.NotificationServiceProvider, class com.almasb.fxgl.achievement.AchievementService, class com.almasb.fxgl.cutscene.CutsceneService, class com.almasb.fxgl.minigames.MiniGameService, class com.almasb.fxgl.net.NetService, class com.almasb.fxgl.app.services.UpdaterService, class com.almasb.fxgl.dev.DevService]
10:02:15.972 [FXGL Background Thread 3 ] DEBUG Engine               - fontGame: Abel-Regular.ttf
10:02:15.972 [FXGL Background Thread 3 ] DEBUG Engine               - fontMono: TerminalLandMono-Regular.otf
10:02:15.972 [FXGL Background Thread 3 ] DEBUG Engine               - fontSizeScaleUI: 1.0
10:02:15.972 [FXGL Background Thread 3 ] DEBUG Engine               - fontText: Courier-Prime.ttf
10:02:15.972 [FXGL Background Thread 3 ] DEBUG Engine               - fontUI: VarelaRound-Regular.ttf
10:02:15.973 [FXGL Background Thread 3 ] DEBUG Engine               - fullScreen: BooleanProperty [value: false]
10:02:15.973 [FXGL Background Thread 3 ] DEBUG Engine               - gameDifficulty: MEDIUM
10:02:15.973 [FXGL Background Thread 3 ] DEBUG Engine               - gameDifficultyProperty: ObjectProperty [value: MEDIUM]
10:02:15.973 [FXGL Background Thread 3 ] DEBUG Engine               - globalMusicVolume: 0.5
10:02:15.973 [FXGL Background Thread 3 ] DEBUG Engine               - globalMusicVolumeProperty: DoubleProperty [value: 0.5]
10:02:15.973 [FXGL Background Thread 3 ] DEBUG Engine               - globalSoundVolume: 0.5
10:02:15.973 [FXGL Background Thread 3 ] DEBUG Engine               - globalSoundVolumeProperty: DoubleProperty [value: 0.5]
10:02:15.973 [FXGL Background Thread 3 ] DEBUG Engine               - height: 608
10:02:15.974 [FXGL Background Thread 3 ] DEBUG Engine               - is3D: false
10:02:15.974 [FXGL Background Thread 3 ] DEBUG Engine               - isAndroid: false
10:02:15.974 [FXGL Background Thread 3 ] DEBUG Engine               - isBrowser: false
10:02:15.974 [FXGL Background Thread 3 ] DEBUG Engine               - isClickFeedbackEnabled: false
10:02:15.974 [FXGL Background Thread 3 ] DEBUG Engine               - isCloseConfirmation: false
10:02:15.974 [FXGL Background Thread 3 ] DEBUG Engine               - isDesktop: true
10:02:15.974 [FXGL Background Thread 3 ] DEBUG Engine               - isDeveloperMenuEnabled: false
10:02:15.974 [FXGL Background Thread 3 ] DEBUG Engine               - isEmbedded: false
10:02:15.974 [FXGL Background Thread 3 ] DEBUG Engine               - isEntityPreloadEnabled: true
10:02:15.974 [FXGL Background Thread 3 ] DEBUG Engine               - isExperimentalTiledLargeMap: false
10:02:15.974 [FXGL Background Thread 3 ] DEBUG Engine               - isFileSystemWriteAllowed: true
10:02:15.974 [FXGL Background Thread 3 ] DEBUG Engine               - isFullScreenAllowed: false
10:02:15.974 [FXGL Background Thread 3 ] DEBUG Engine               - isFullScreenFromStart: false
10:02:15.974 [FXGL Background Thread 3 ] DEBUG Engine               - isGameMenuEnabled: true
10:02:15.974 [FXGL Background Thread 3 ] DEBUG Engine               - isIOS: false
10:02:15.974 [FXGL Background Thread 3 ] DEBUG Engine               - isIntroEnabled: false
10:02:15.974 [FXGL Background Thread 3 ] DEBUG Engine               - isLinux: false
10:02:15.974 [FXGL Background Thread 3 ] DEBUG Engine               - isMac: false
10:02:15.974 [FXGL Background Thread 3 ] DEBUG Engine               - isMainMenuEnabled: true
10:02:15.974 [FXGL Background Thread 3 ] DEBUG Engine               - isManualResizeEnabled: false
10:02:15.974 [FXGL Background Thread 3 ] DEBUG Engine               - isMobile: false
10:02:15.974 [FXGL Background Thread 3 ] DEBUG Engine               - isNative: false
10:02:15.974 [FXGL Background Thread 3 ] DEBUG Engine               - isPauseMusicWhenMinimized: true
10:02:15.974 [FXGL Background Thread 3 ] DEBUG Engine               - isPreserveResizeRatio: false
10:02:15.974 [FXGL Background Thread 3 ] DEBUG Engine               - isProfilingEnabled: false
10:02:15.974 [FXGL Background Thread 3 ] DEBUG Engine               - isScaleAffectedOnResize: true
10:02:15.974 [FXGL Background Thread 3 ] DEBUG Engine               - isSingleStep: false
10:02:15.974 [FXGL Background Thread 3 ] DEBUG Engine               - isUserProfileEnabled: false
10:02:15.974 [FXGL Background Thread 3 ] DEBUG Engine               - isWindows: true
10:02:15.974 [FXGL Background Thread 3 ] DEBUG Engine               - language: ObjectProperty [value: ENGLISH]
10:02:15.974 [FXGL Background Thread 3 ] DEBUG Engine               - menuKey: ESCAPE
10:02:15.974 [FXGL Background Thread 3 ] DEBUG Engine               - mouseSensitivity: 0.2
10:02:15.974 [FXGL Background Thread 3 ] DEBUG Engine               - notificationViewClass: class com.almasb.fxgl.notification.view.XboxNotificationView
10:02:15.975 [FXGL Background Thread 3 ] DEBUG Engine               - pixelsPerMeter: 50.0
10:02:15.975 [FXGL Background Thread 3 ] DEBUG Engine               - platform: WINDOWS
10:02:15.975 [FXGL Background Thread 3 ] DEBUG Engine               - prefHeightProperty: ReadOnlyDoubleProperty [value: 608.0]
10:02:15.975 [FXGL Background Thread 3 ] DEBUG Engine               - prefWidthProperty: ReadOnlyDoubleProperty [value: 800.0]
10:02:15.975 [FXGL Background Thread 3 ] DEBUG Engine               - profileDir: profiles/
10:02:15.975 [FXGL Background Thread 3 ] DEBUG Engine               - profileName: StringProperty [value: DEFAULT]
10:02:15.975 [FXGL Background Thread 3 ] DEBUG Engine               - randomSeed: -1
10:02:15.975 [FXGL Background Thread 3 ] DEBUG Engine               - runtimeInfo: RuntimeInfo(platform=WINDOWS, version=17.3, build=30.03.2023 11.49)
10:02:15.975 [FXGL Background Thread 3 ] DEBUG Engine               - saveFileExt: sav
10:02:15.975 [FXGL Background Thread 3 ] DEBUG Engine               - scaledHeightProp$fxgl: DoubleProperty [bound, value: 608.0]
10:02:15.975 [FXGL Background Thread 3 ] DEBUG Engine               - scaledWidthProp$fxgl: DoubleProperty [bound, value: 800.0]
10:02:15.975 [FXGL Background Thread 3 ] DEBUG Engine               - sceneFactory: com.almasb.fxgl.app.scene.SceneFactory@4d52376a
10:02:15.975 [FXGL Background Thread 3 ] DEBUG Engine               - secondsIn24h: 60
10:02:15.975 [FXGL Background Thread 3 ] DEBUG Engine               - soundMenuBack: menu/back.wav
10:02:15.975 [FXGL Background Thread 3 ] DEBUG Engine               - soundMenuPress: menu/press.wav
10:02:15.975 [FXGL Background Thread 3 ] DEBUG Engine               - soundMenuSelect: menu/select.wav
10:02:15.976 [FXGL Background Thread 3 ] DEBUG Engine               - soundNotification: core/notification.wav
10:02:15.976 [FXGL Background Thread 3 ] DEBUG Engine               - stageStyle: DECORATED
10:02:15.976 [FXGL Background Thread 3 ] DEBUG Engine               - supportedLanguages: [ENGLISH, FRENCH, GERMAN, HUNGARIAN, RUSSIAN]
10:02:15.976 [FXGL Background Thread 3 ] DEBUG Engine               - ticksPerSecond: -1
10:02:15.976 [FXGL Background Thread 3 ] DEBUG Engine               - title: I Wanna Be The CSer
10:02:15.976 [FXGL Background Thread 3 ] DEBUG Engine               - urlGithub: https://github.com/AlmasB/FXGL
10:02:15.976 [FXGL Background Thread 3 ] DEBUG Engine               - urlLeaderboard: http://fxgl-top.herokuapp.com/
10:02:15.976 [FXGL Background Thread 3 ] DEBUG Engine               - urlPOM: https://raw.githubusercontent.com/AlmasB/FXGL/release/README.md
10:02:15.976 [FXGL Background Thread 3 ] DEBUG Engine               - userAppClass: class com.example.demo2.IWBTCSerApp
10:02:15.976 [FXGL Background Thread 3 ] DEBUG Engine               - version: 0.1
10:02:15.976 [FXGL Background Thread 3 ] DEBUG Engine               - versionCheckDays: 7
10:02:15.976 [FXGL Background Thread 3 ] DEBUG Engine               - width: 800
10:02:15.976 [FXGL Background Thread 3 ] DEBUG Engine               - Logging services
10:02:15.976 [FXGL Background Thread 3 ] DEBUG Engine               - class com.almasb.fxgl.app.services.FXGLAssetLoaderService
10:02:15.976 [FXGL Background Thread 3 ] DEBUG Engine               - class com.almasb.fxgl.app.FXGLApplication$GameApplicationService
10:02:15.976 [FXGL Background Thread 3 ] DEBUG Engine               - class com.almasb.fxgl.app.services.FXGLDialogService
10:02:15.976 [FXGL Background Thread 3 ] DEBUG Engine               - class com.almasb.fxgl.app.services.IOTaskExecutorService
10:02:15.976 [FXGL Background Thread 3 ] DEBUG Engine               - class com.almasb.fxgl.io.FileSystemService
10:02:15.976 [FXGL Background Thread 3 ] DEBUG Engine               - class com.almasb.fxgl.localization.LocalizationService
10:02:15.976 [FXGL Background Thread 3 ] DEBUG Engine               - class com.almasb.fxgl.app.services.SystemBundleService
10:02:15.976 [FXGL Background Thread 3 ] DEBUG Engine               - class com.almasb.fxgl.profile.SaveLoadService
10:02:15.976 [FXGL Background Thread 3 ] DEBUG Engine               - class com.almasb.fxgl.ui.FXGLUIFactoryServiceProvider
10:02:15.976 [FXGL Background Thread 3 ] DEBUG Engine               - class com.almasb.fxgl.ui.FXGLDialogFactoryServiceProvider
10:02:15.976 [FXGL Background Thread 3 ] DEBUG Engine               - class com.almasb.fxgl.audio.AudioPlayer
10:02:15.976 [FXGL Background Thread 3 ] DEBUG Engine               - class com.almasb.fxgl.notification.impl.NotificationServiceProvider
10:02:15.976 [FXGL Background Thread 3 ] DEBUG Engine               - class com.almasb.fxgl.achievement.AchievementService
10:02:15.976 [FXGL Background Thread 3 ] DEBUG Engine               - class com.almasb.fxgl.cutscene.CutsceneService
10:02:15.977 [FXGL Background Thread 3 ] DEBUG Engine               - class com.almasb.fxgl.minigames.MiniGameService
10:02:15.977 [FXGL Background Thread 3 ] DEBUG Engine               - class com.almasb.fxgl.net.NetService
10:02:15.977 [FXGL Background Thread 3 ] DEBUG Engine               - class com.almasb.fxgl.app.services.UpdaterService
10:02:15.977 [FXGL Background Thread 3 ] DEBUG Engine               - class com.almasb.fxgl.dev.DevService
10:02:16.641 [JavaFX Application Thread] DEBUG FXGLAssetLoaderServi - Loading from file system: file:/C:/Users/user/IdeaProjects/demo2/target/classes/assets/textures/gameover.png
10:02:16.654 [JavaFX Application Thread] DEBUG FXGLAssetLoaderServi - Loading from file system: file:/C:/Users/user/IdeaProjects/demo2/target/classes/assets/sounds/death.wav
10:02:40.444 [JavaFX Application Thread] DEBUG FXGLApplication      - Exiting FXGL
10:02:40.444 [JavaFX Application Thread] DEBUG LoopRunner           - Stopping loop
10:02:40.444 [JavaFX Application Thread] DEBUG SystemBundleService  - Saving FXGL system data
10:02:40.446 [JavaFX Application Thread] DEBUG FileSystemAccess     - Writing to: C:\Users\user\IdeaProjects\demo2\system\fxgl.bundle
10:02:40.446 [JavaFX Application Thread] DEBUG Async                - Shutting down background threads
10:02:40.446 [JavaFX Application Thread] DEBUG PrimaryStageWindow   - Closing main window
10:02:40.474 [JavaFX Application Thread] DEBUG Logger               - Closing Logger
